(Incluye Plaza San Sebastian)
)
1+500 m
10 de Agosto
12 de Abril
2 CUADRAS EN DIRECCIÓN A RICAURTE
24 de mayo
25 DE MARZO
27 de Febrero
5 de Junio
A Mosquera Narvaes
A Mosquera Narvaes.
A Mosquera Narvaez.
A San Joaquin
A. Beltran
A. Montalvo
A. Tamariz
A. Ucholoma
A. Vega
ABDÓN CALDERÓN
ABELARDO J ANDRADE
ABRAHAM  SARMIENTO
ABRAHAM SARMIENTO
ABS +500 m
ABS 0+250 m
ABS 0+250m
ABS 0+400 m
ABS 0+500
ABS 0+500m
ABS 0+750
ABS 0+750 m
ABS: 0+500 mm
ABS: 0+500m
AGUSTIN CRESPO HEREDIA
ALBERTO ALVARADO COBOS
ALBERTO MUÑOZ
ALBERTO SEMANATE
ALBERTO SEMANOTE
ALBINO DE CURTTO
ALBINO DEL CURTTO
ALEXANDER FLEMING
ALEZANDER FLEMING
ALFONSO ANDRADE
ALFONSO CUESTA
ALFONSO RIVERA NOVILLO
AMERICAS
AMSTERDAM
ANGEL FIGUEROA
ANOTNIO CARRILLO
ANTOJITOS "DE CARMITA".
ANTONIO CARRILLO
ANTONIO MALO
ARISTOTELES
ARTURO VALENCIA MORALES
ASADERO DE POLLOS "SAN ANDRÉS"
ASADORA DE POLLOS "SAN ANDRÉS"
AV
AV 10 DE AGOSTO
AV 24 DE MAYO
AV 27 DE FEBRERO
AV FLORENCIA ASTUDILLO
AV FRANCISCCO MOSCOSO
AV FRANCISCO MOSCOSO
AV GUAPONDELIG
AV HUAYNACAPAC.
AV PAUCARBAMBA
AV. ABELARDO J ANDRADE
AV. ABELARDO J ANDRADE.
AV. DE LAS AMERICAS
AV. DE LOS MIGRANTES
AV. DEL CHOFER
AV. DEL CHOFER" RADIO TAXI MIRAFLORES"
AV. DEL TORIL
AV. ISABEL CATÓLICA
AV. ISABELA CATÓLICA
AV. PRIMERO D EMAYO
AV. PRIMERO DE MAYO
AV.12 DE OCTUBRE
AVENIDA " DE LOS MIGRANTES".
AVENIDA DE LOS MIGRANTES A LA ALTURA DEL PUENTE DE LA CALLE JAVIER MALDONADO
AVENIDA DEL TORIL
AVENIDA GONZALES SUAREZ
Abdon Calderon
Abelardo J. Andrade
Abelardo J.Andrade
Achupallas
Adolfo Peralta
Adolfo Torres
Aguarico.
Agustin Cuesta
Agustin Cueva
Agustin Cueva Vallejo
Agustín Agualongo
Agustín Cueva Vallejo
Agustín Iglesias
Agutin Cueva
Alausí
Alba Calderón de Gil
Alberto Coronel
Alberto Guerrero Martinez
Alberto Guerrero Martinez.
Alberto Munoz Vernaza
Alberto Muñoz Vernaza
Alberto Palacios
Alcabalas
Alejandro Andrade Cordero
Alfonso Borrero
Alfonso Cordero
Alfonso Figueroa Terreros
Alfonso Jerves
Alfonso Malo
Alfonso Moreno Mora
Alfonso Ordoñez Mata
Alfonso Pinzón
Alfonzo Borrero
Alfonzo Moreno Mora
Alfonzo Pinzon
Alfonzo Pinzón
Alfredo Baquerizo Moreno
Alfredo Espinoza Tamayo
Alfredo Montesdeoca
Alfredo Mora Montesdeoca
Allcuquiro
Allenquiro
Allenquito
Alonso Damaso
Alonso Damaso.
Alonso de Caballería
Alonso de Quintanilla
Alonso de Zamora
Altar
Altar ;
Altar Urco
Altiplano
Altiplano;
Altrurco
Amauta
Ambato
Ambato (sentido N
Américo Verpucio
Andes
Andres Perez de Luna
Andres Pérez de Lunas
Andrés Banegas
Andrés Pérez de Luna
Angas
Angel Maria Estrella
Angel Paredes
Angos
Antigua Panamericana
Antisana
Antisuyo
Antomio Vallejo
Anton de Sevilla
Antonia Mosquera
Antonio Borrero Vega
Antonio Farfán
Antonio Farfón
Antonio Machado Ruiz
Antonio Machado Ruiz.
Antonio Manchado de Ruiz
Antonio Moreno Ortiz
Antonio Neumane
Antonio Pons
Antonio Ricaurte
Antonio Tamariz
Antonio Ulloa
Antonio Vallejo
Antonio Vega Muñoz
Antonio de Nebrija
Antonio de Nebrija.
Antonio de San Miguel
António Ricaurte
Araucana
Ariolfo Carrasco
Arirumba
Aristóteles
Armenillas
Arosemena Tola
Arquimedes
Arturo Cuesta Heredia
Arturo Salazar Orrego
Arz. Polit Lasso
Arzobispo Serrano Abad
Ascencio Pauta
Atahualpa
Ataucocha
Aurelio Aguilar
Aurelio Aguilar V
Aurelio Falconi Zamora
Autopista
Autopista Azogues
Autopista Cuenca
Av Carlos Arizaga Vega
Av Doce de Octubre.
Av Elia Liut
Av Fray Vicente Solano
Av Gapal
Av Gonalez Suarez
Av Gonzales
Av Gonzales Suares
Av Gonzales Suares.
Av Gonzales Suarez
Av Gonzales Suarez.
Av Guapondelig.
Av Guapongelig
Av Huaynacapac
Av Hurtado de Mendoza
Av Miraflores
Av Paseo de los Cañaris
Av Paseo de los Cañaris.
Av Primero de Mayo
Av Pumapungo
Av Pumapungo.
Av Ricardo Durán
Av Turuhuayco
Av Vilcabamba
Av Viracochabamba
Av Viracochabamba.
Av Yanahurco
Av Yanaurco
Av de la Independencia
Av de las Americas
Av de las Américas
Av. 10 de Agosto
Av. 12 de Abril
Av. 12 de Octubre
Av. 24 de Mayo
Av. 24 de Mayos
Av. 27 de Febrero
Av. 3 de Noviembre
Av. Abelardo J. Andrade
Av. Alfonso Moreno Mora
Av. Americas
Av. Américas
Av. Carlos Arizaga Vega
Av. Chofer
Av. Cuenca
Av. Cumanda
Av. De Salado
Av. De las Américas
Av. De las Américas.
Av. De los Andes
Av. De los Cerezos
Av. De los Cerezos. Las Hortencias
Av. Del Tejar
Av. Doce de Octubre
Av. Doce de Octubre.
Av. Don Bosco
Av. Don Bosco.
Av. España
Av. Felipe II.
Av. Fray Vicente Solano
Av. Gapal
Av. Gil Ramirez Davalos
Av. Gil Ramirez Dávalos
Av. Gil Ramírez Dávalos
Av. Gonzales Suarez
Av. Gonzalo Cordero Davila
Av. Gonzáles Suárez
Av. Guapondelig
Av. Guapondelig.
Av. Heroes de Verdeloma
Av. Huayna Capac
Av. Hurtado de Mendoza
Av. Juan Bautista Vazquez
Av. Juan Iñiguez
Av. Juan Iñiguez V
Av. Loja
Av. Max Uhle
Av. Miguel Diaz
Av. Ordoñez Lasso
Av. Ordóñez Lasso
Av. Paseo de los Cañaris
Av. Pichincha
Av. Pumapungo
Av. Remigio Crespo
Av. Remigio Crespo Toral
Av. Remigio Romero
Av. Ricardo Durán
Av. Ricardo Muñoz Davila
Av. Salado
Av. Tahuantinsuyo
Av. Turuhuayco
Av. Viracochabamba
Av. de la Independencia
Av. de los Babacos
Av. del Altiplano
Ave Tahuantinsuyo
Ave. Pumapungo
Avenida 10  de Agosto
Avenida 10 de Agosto
Avenida 12 de Abril
Avenida Aguilar
Avenida Barrial Blanco
Avenida Cordillera
Avenida Diez de Agosto
Avenida El Paraíso
Avenida Elia Liut
Avenida Eliat Liut
Avenida España;
Avenida Gil Ramirez Dávalos
Avenida Gonzalez Suarez
Avenida Gonzalez Suárez
Avenida Gonzáles Suárez
Avenida González Suarez
Avenida González Suárez
Avenida Heroes de Verdeloma
Avenida Hurtado de Mendoza
Avenida Hurtado de Mendoza;
Avenida Jose Peralta
Avenida Los Andes
Avenida Manuel J Calle
Avenida Manuel J. Calle
Avenida Miguel Moreno
Avenida Monseñor Leonidas Proaño
Avenida Ordoñez Lasso
Avenida Paseo de los Cañaris
Avenida Ricardo Durán
Avenida Solano
Avenida Trece de Abril
Avenida Turuhuayco
Avenida Yana Urco
Avenida de la Américas
Avenida de las Américas
Avenida de los Andes
Avenida de los Andes;
Avenida del estadio
Avila
Ayacucho
Ayahuayca
Ayapungo
Ayar Urco
Azahares
Azogues
BATALLÓN PICHINCHA
BATALLÓN RIFLES
BATALLÓN VENCEDORES
BERLIN
BOSQUE
BRUMMEL
BRUSELAS
BUCAREST
BUDAPEST
Babriel Mino.
Baguanchi
Bajada Condamine
Bajada de Todos Santos
Bajada del Vado
Balcones
Baltazar de Calderon
Bar Old Culture
Barcarola
Barcelona
Barrial Blanco
Bartolomé de las Casas
Batallòn Numancia
Batallón Numancia
Belisario Andrade
Ben
Benigno Malo
Benigno Palacios
Benigno Vela
Beningno Malo
Beninigno Malo
Benjamin de la Cadena
Benjamin de la Cuadra
Berceo
Bernardo de Legarda
Bethoven
Bio
Bomboiza
Bonicatti
Boyacá
Buerán
Buerán;
Buganvilla
Bután
C
C Carabobo
C DIEGO BARROS
C DIEGO BARROSO
C GUABISAY.
C Jaciento Jijon
C Jacinto Jijon
C Jaramijó
C Jorge Juan
C Juego de Ajedrez
C MENENDEZ
C Miguel Alberto Toral
C Princesa
C Río  de la plata
C Río de la plata
C TORIBIO DE ORTIGUERA
C Yerobi
C de la bodoquera
C de las Ollas encantadas
C de las cometas
C de las escondidas
C de los Claveles
C del Lirio
C del tucuman
C delos Claveles
C juego de los piropos
C.  Juego de Ajedrez
C. Alausí
C. Alfonso Borrero
C. Anatole Bamas
C. Anatole Bamps
C. Arzobispo Serrano Abad
C. Azogues
C. Bartolome Ruiz
C. Bartolomé Ruiz
C. Bartolomé Ruíz
C. CARLOS ENCALADA
C. DANIEL RÍOS
C. DEMOCRITO
C. Daquilema
C. Diego de Daza
C. E. Cardoso
C. Francisco Ramires
C. GUABISAY
C. Gabriel Valdiviezo
C. Gonzalo Pizarro
C. Guaranda
C. Hermano Miguel  T. Dorán
C. JESÚS JIMÉNES
C. Joaquín Astudillo
C. Jorge Carrera Andrade
C. Juan Cabrera
C. Luis Velez Alvarez
C. Luis Véles Álvares
C. Luis Véles Álvarez
C. Manuel Abad
C. Manuel Guerrero
C. Mariano Veintimilla
C. Miguel Alberto Toral
C. Nicolas Sojas
C. Obispo Alberto Ordoñez Crespo
C. Obispo Carrión
C. Obispo Juan de Escandón
C. Osmara de León
C. Palmeras
C. Quillán
C. Renaciente
C. Riobamba
C. de las Margaritas
C. de las cometas
C. de las escondidas
C. de los Claveles
C. de los Conquistadores
C. de los aros
C. de los columpios
C. del Lirio
C. del Paltán
C. del Patán
C. del Perejil
C. del Salar
C. del Sarar
C. del tobogan
C. del tres en raya
C. del tucuman
C. juego de ajedrez
C. los Conquistadores
C. los Cpnquistadores
C. palo encebado
C. rio de la plata
C. tres en raya
C.Diego de Daza
C.Gonzalo Pizarro
C.M LOPEZ
CALLE "ANTONIO VALDIVIESO"
CALLE "DE LOS ARQUITECTOS"
CALLE "DEL ARQUITECTO"
CALLE "DEL CAMAL"
CALLE "DEL CAMAL".
CALLE "JAVIER MALDONADO"
CALLE "JAVIER MALDONADO".
CALLE "LOS CAPULÍES"
CALLE "LOS CAPULÍES".
CALLE "POMPILIO ORELLANA".
CALLE "UNIVERSIDAD DEL AZUAY
CALLE "UNIVERSIDAD DEL AZUAY" .
CALLE A LADO FIT FACTORY
CALLE DARIO R.  ASTUDILLO
CALLE DE PUMAYUNGA
CALLE DE UCUBAMBA
CALLE DEL CAMAL
CALLE DEL CANCAN
CALLE PUCUHAYCU
CALLE SIN NOMBRE
CALLE SIN NOMBRE ( TIERRA)
CALLE SIN NOMBRE (DAV DENTAL)
CALLE SIN NOMBRE (DAV DENTAL).
CALLE SIN NOMBRE (ESCUELA DORA CANELOS)
CALLE SIN NOMBRE (HASTA LA ALTURA DE LA ENTRADA A CELEC)
CALLE SIN NOMBRE DE TIERRA
CALLE SIN NOMBRE FRENTE A " PLASTICENTRO" SOLO REFERENCIA DE GOOGLE MAPS
CALLE SIN NOMBRE FRENTE A " SHEIN CUE"
CALLE URBANIZACIÓ N MENDIETA
CALLE VIEJA A OCHOA LEÓN
CALLE X JUEGOS BOLIVARIANOS
CAMINO A. LAZARETO
CARLOS FARFAN
CARTONERA DEL AUSTRO
CARTONERA DEL AUSTRO.
CATAMBE ( SENTIDO ESTE
CAYAMBE
CESAR HERMIDA PIEDRA
CESAR PINOS
CM.LOPEZ
CORDILLERA DEL CÓNDOR
CORNELIO CRESPO TORAL
CORONEL C. MONSALVE
CORONEL GILLERMO TALBOT
CORONEL GUILLERMO
CORONEL GUILLERMO DE TALBOT
CORONEL GUILLERMO TALBOT
CORONEL REMIGIO MACHUCA
COTACACHI
CRITÓBAL COLÓN
CUBILCHE
Cacique Catemo
Cacique Catemu
Cacique Catemu.
Cacique Chamba.
Cacique Chaparra
Cacique Chaparra.
Cacique Chaparro
Cacique Chaparro.
Cacique Duma
Cacique Duma.
Cacique chamba
Cahuasqui
Caicedo
Cajabamba
Cajamarca
Cajas
Cajas;
Cali Cuchima
Calicuchima.
Calle . Moreno
Calle Alfonso Jaramillo León
Calle Allcuquiro
Calle Amauta
Calle Antisana
Calle Armenillas
Calle Broadway
Calle Capulicán
Calle Carabobo
Calle Caupulcán
Calle Caupulicán
Calle Chaparro
Calle Chapultepec
Calle Chican
Calle Chichén
Calle Chigugua.
Calle Chontahuasi
Calle Cordillera
Calle Coronel Francisco Calderón
Calle Coya
Calle Cuactemo
Calle D. Torres
Calle Gigantones
Calle Guataná
Calle Guataña
Calle Guataño
Calle Guayas
Calle Gustavo Orcés
Calle H. Corchero
Calle H. Cordero
Calle Hierba Buena
Calle Hierba Luisa
Calle Huacas
Calle Imbaya
Calle Inca Toparpa
Calle J. Abad
Calle J. Abad Chica
Calle Jaramillo León
Calle Jose María Rodríguez
Calle Kulla
Calle L. Abad
Calle L. Cordero
Calle Larga
Calle Latacunga
Calle Los Shuaras
Calle Luis Pasteur
Calle Lumbaqui
Calle M. Torresco
Calle Mama Ocllo
Calle Mollepong
Calle Namangoza
Calle Narrio
Calle Nazca
Calle Ovataña
Calle Pajan
Calle Paján
Calle Princesa
Calle Quilla
Calle R. Coyal
Calle Rumi Urcu
Calle Río Malacatus
Calle Río Paute
Calle S
Calle Sin retorno.
Calle Totoracocha ;
Calle Trece de Abil
Calle Trece de Abril
Calle Tumbambiro
Calle Unión Nacional de Educación
Calle V. Aguilar
Calle Yaruquí
Calle de Broadway
Calle de La Reina Claudia
Calle de la Dulcamara
Calle de la Hierba Buena
Calle de la Hierba Luisa
Calle de la Merced
Calle de la Pimienta
Calle de la Vainilla
Calle de la Zarzuela
Calle de la menta
Calle de la serenat
Calle de la serenata
Calle de la Ópera
Calle de las Herrerías
Calle de las Hiedras
Calle de las cometas
Calle de los Alisos
Calle de los Hornos
Calle de retorno
Calle del Achiote
Calle del Calvario
Calle del Charango
Calle del Himno Nacional
Calle del Orégano
Calle del Retorno
Calle del Rosal
Calle que sale a la Autopista
Calle sin Retorno
Calle vieja
Calvario
Cam de las Pencas
Cam. Viejo a Baños
Cam. a San Pedro del Cebollar
Cam. de las Pencas
Camaño
Camaño.
Camilo Egas
Camilo Ponce
Camino San Pedro del Cebollar
Camino Santa Ana
Camino Viejo a Turi
Camino a Racar
Camino a San Pdero del Cebollar
Camino a San Pedro
Camino a San Pedro del Cebollar
Camino a Sinincay
Camino a Turi
Camino a Turi.
Camino al Valle
Camino de las Pencas
Camino del Valle
Campilo Ponce
Canton Gualaceo
Canton Paute
Cantón Joya de los Sachas
Cantón Nobol
Caramburo
Cardenal Pedro de Gonzales
Cariguariazo
Carihuariazo
Carlo Terán
Carlos Abad Piedra
Carlos Abad Priedra
Carlos Arizaga Vega
Carlos Berrezueta
Carlos Córdova
Carlos Fernandez Córdova
Carlos Fernandez de Cordova
Carlos Joaquín Torres Guzmán
Carlos Manuel Larrera
Carlos Morales Villavicencio
Carlos Orellana Leon
Carlos Quinto
Carlos Rigoberto Vintimilla
Carlos Rosas
Carlos Teran
Carlos Terán
Carlos Velez
Carlota Jaramillo
Carmela Malo
Carolina
Carr
Carr. Panamericana
Carretera Panamericana
Carretera Panamericana Troncal de la Sierra
Carretera Panamericana Troncal de la Sierra.
Cartagena
Casha Loma
Cashaloma
Castellana
Cdad de Machala
Cdad de babahoyo
Celinano Monge
Cesar Davila Andrade
Cesar Dávila Andrade
Chaguarchimbana
Chapetomes
Chapetones
Chilcapamba
Chilche
Chiles;
Chilos
Chinchasuyo
Chofer
Chorrera
Chorreras
Chugchilan
Cobilche
Cochamama
Cojitambo
Collahuazo
Collasuyo
Colo Colo
Colta
Complejo Residencial Ciudad del Rio.
Copérnico
Coquimbo
Cordillera
Cordillera de Colonche
Cordillera de Toizan
Cordillera del Condor
Cornelio Merchan
Cornelio Merchán
Coronel Talbot
Corpernico
Corte
Corte de calle.
Corte de esquina
Coya
Cristobal Colón
Cristóbal Colón
Cuenca
Cuero
Cueva de los Tayos
Cuicocha
Culebrillas
Cumaná
Curicocha
Cuzco
César Dávila Andrade
César Torres Fernandez de Córdova
D. Barroso
DANIEL A. CAÑIZARES
DANIEL ALVARADO
DANIEL CAÑIZARES
DE LA ESPADAÑA
DE LA FDA
DE LA LLICELA
DE LAS AMERICAS
DE LAS CANDONGAS
DE LAS LUCES
DE LOS BALCONES
DE LOS ZARCILLOS
DEL CAMPANARIO
DEL CEBOLLAR
DEL MOLINO
DEL REBOZO
DEMOCRITO
DIEGO DE TAPIA
DN
DOMINGO ASTUDILLO
DON BOSCO
DUBLIN
DUITAMA
Damian Gomez
Daniel Cordova Toral
Daniel Fernandez Cordova
Daniel Fernandez de Cordoba
Daniel Fernandez de Cordova
Daniel Hermida
Daniel Palacios
Daniel Toral Malo
Daniel Toral Vélez
Daniel Valverde
David Guitierrez Avilés
De Los Ángeles
De Pedregal
De la Albahaca
De la Audiencia
De la Bandera Nacional
De la Bocina
De la Carreteras
De la Colina
De la Colonia
De la Concertina
De la Cruz
De la Flauta
De la Grevilla
De la Manzanilla
De la Morena
De la Ocarina
De la Pasiflora
De la Quebrada
De la Quena
De la Reina Claudia
De la Sinfónica
De la Valeriana
De la Verbena
De la broadway
De la misión Geodesica
De la misión Goedesica
De la misión geodésica
De la pajara pinta
De la pajata pinta
De la pelota  nacional
De la pelota nacional
De la pimienta
De la pájara pinta
De la ópera
De las  Caras;
De las Alcabalas
De las Alcabalas.
De las Caras
De las Caras  ;
De las Caras;
De las Carretas
De las Carreteras
De las Dalias
De las Especias
De las Herrerías
De las Laderas
De las Limas
De las Margaritas
De las Pomarosas
De las Pomarosos
De las Retamas
De las Uvillas
De los Ajíes
De los Angeles
De los Colorados
De los Colorados;
De los Geranios
De los Gladiolos
De los Huancarilcas;
De los Huancavilcas
De los Huancavilcas;
De los Huncavilcas
De los Huncavilcas ;
De los Jazmines
De los Paltas
De los Priostes
De los Puruhaes
De los Puruhaes;
De los Sambos
De los Zarzas
De los coloorados
De los columpios
De los villancicos
Del Acordeón
Del Arpa
Del Artesano
Del BOG
Del Babaco
Del Bandoneón
Del Cabildo
Del Cabogan
Del Cabogán
Del Cedron
Del Chaguarquero
Del Chirote
Del Chorro
Del Concierto
Del Condor ;
Del Condor;
Del Corregidor
Del Edil
Del Encomendero
Del Escudo Nacional
Del Farol
Del Fico
Del Ingeniero
Del Maiz
Del Marques
Del Marqués
Del Maíz
Del Morro
Del Obrero
Del Oidor
Del Pedregal
Del Rollo
Del Sauce
Del Silban
Del Sol
Del Vals
Del Varayo
Del Virrey
Del café
Del palo encebado
Del tobogan
Demócrito
Descartes
Desde Campo Santa Ana
Desde Iglesia
Desde Iglesia ABS 0+400 m
Desde el final de la calle
Diego Tapia
Diego Velásquez
Dolores Cacuango
Dolores Vintimilla
Domingo Savio
Domingo Savio.
Dorita Canelos
Duchicela Autachi
E Velasco
E. Moscoso Serrano
E. Velasco
E.Moscoso Serrano
EDUARDO CRESPO
EL GRECO
ENTRA AV. DE LAS AMERICAS
ENTRADA A BARRIO BELLAVISTA
ENTRADA A BARRIO LOS ANGELES
ENTRADA A BARRIO LOS ANGELES.
ENTRADA A CELEC
ENTRADA POR CALLE DEL CEBOLLAR
ENTRE CAMPANARIO
ENTRE CAYAMBE( NORTE
ENTRE PLUTARCO
ERNESTO ALVAREZ
ERNESTO ALVAREZ ALVAREZ
ESCUADRÓN CEDEÑO
ESCULTOR AYABACA
ESTACIÓN DE SERVICIO "PATAMARCA"
ESTACIÓN DE SERVICIO "PATAMARCA".
ESTADIO ALIANZA
ESTEVES DE TORAL
ESTOCOLMO
EUGENIO CORRAL M
Eduardo Cevallos
Eduardo Cevallos G.
Eduardo Malo
Eduardo Reyes
Einstien
Eistein
El Calvario
El Condor
El Cóndor
El Observador
El Salado
El Salvador
El Tablón
Eloy A. Campos Garcés
Eloy Ávila
Emiliana Zapata
Emiliano Zapata
Emilio Abad Aguilar
Emilio Arevalo
Emilio Estrada
Emilio Lopez Ortega
Enrique Espín
Enrique Felix Vasquez Pacheco
Enrique Gil Gilbert
Enrique Hinojosa
Enrique Malo Abad
Entrada 2
Entrada Restaurante la Cabañas
Entrada a Nero
Ernesto Albán Gómez
Ernesto Lopez
Ernesto Muñoz Barrero
Ernesto Muñoz Mora
Escaleras
Escalinata de Bellavista
Escalinatas de Bellavista
Espadaña
Esquina CETAD
Estevez de Toral
Eucaliptos
Euclides
Eugenio Espejo
Eugenio Espejo.
Ezequiel Calle Pesantes
Ezequiel Marquez
Ezequiel Márquez
F. Carrasco
F. PAZAN
FACINTO FLORES
FERNANDO LÓPEZ GÓMEZ
FIN DE TRAMO PAVIMENTADO DE LAS AV. DE LOS MIGRANTES
FIN ESTOCOLMO
FIN PARIS ALARGAMIENTO VIA DERECHA
FIN VERSALLES
FLORENCIO ARIZAGA
FRANCISCO CUELLO
FRANCISCO CUETO
FRANCISCO ESTRELLA
FRANCISCO ESTRELLA CARRION
FRANCISCO JEREZ
FRANCISCO PATIÑO LARA
FRANCISCO SOJOS
FRAY DE LUIS DE LEON
FRAY LUIS  DE LEÓN
FRAY LUIS DE LEON
Fasayñan
Faysañan
Faysañán
Federico Chopin
Federico Guerrero
Federico Malo
Federico Proaño
Felipe II
Felipe Serrano
Felix Mora
Fermin Cevallos
Fernando Aragón
Fernando Malo Cordero
Fernando de Aragon
Fernando de Aragon.
Fernando de Aragón
Fernando de Rojas
Fico
Fin
Fin (Quinta Narancay)
Fin Area
Fin de Calle
Fin de camino
Fin de la calle Menendez
Fin de zona Narancay Bajo
Final
Final calle del Palo encebado
Final de  la calle
Final de la calle
Florencia Astudillo
Framcisco de Orellana
Francisca Dávila
Francisco Aguilar
Francisco Beltrán
Francisco Calderón
Francisco Chilche
Francisco Cisneros
Francisco Cisnetos
Francisco Cisnros
Francisco Correa Heredia
Francisco Correa Ramirez
Francisco Cuesta
Francisco Dávila
Francisco Illescas
Francisco Maria de Frias
Francisco Pizarro
Francisco Tamariz
Francisco Trelles
Francisco de Jerez
Francisco de Orellana
Francisco de Quevedo
Francisco de Quevedo.
Francisico de Orellana
Fray A. de Marcena
Fray A. de Marchema
Fray Gomez de Moscoso
Fray Juan Perez
Fray Luis de León
Fray Luis de León.
G Enriquez
G Enriquez.
G Robles
G. Escudero
GABRIEL MIRO
GARCILASO DE LA VEGA
GASPAR DE GALLEGOS
GASSEL
GONZALEZ SUAREZ
GRAL. JOSÉ MARÍA URBINA
GUITIERREZ DE SANTA CRUZ
GUTIERREZ DE SANTA CRUZ
Gabriel Garcia Moreno
Gabriel Sánchez
Gabriel Valdiviezo
Gaite
Galapagos
Galileo
Gallileo
Galte
Galápagos
Gapal
Garacia Moreno
Garcia Moreno
Garcia Moreno.
García Moreno.
Garl Epiclachima
Garl. Epiclachima
Gaspar Sangurima
Gasset
Gasset.
General Còrdova
General Córdova
General Eloy Alfaro
General Eloy Alfaro.
General Franco
General Mires
General Torres
Gerardo Merchan Tinoco
Geronimo Carrion
Gerónnimo Carrión
Gil Ramirez Dàvalos
Gil Ramírez Dávalos
Giovani Calles
Giron
Gladiolos
Gonalo Zaldumbide
Gonzalo Cordero Davila
Gonzalo Cordero Dávila
Gonzalo Diaz de Pineda
Gonzalo Zaldumbide
Gonzalo Zaldumbide.
Gonzalo de Pineda
Gorivar
Gran Colombia
Gran construcción en desarollo.
Granada
Gregorio Marañon
Gregorio Marañon.
Grl. Bartolome Serrano
Guabisay
Guacayñan
Guacayñán.
Guadalajara
Guadalupe Larriva Gonzalez
Guagua Zhumi
Guagualoma
Guapondelig
Guapondelig.
Guapondeling
Guaranda
Guayacán
Guayas
Guayllabamba
Guillermo Coronel Talbot
Guillermo Coronel Talbot (Conecta con la Av 3 de Noviembre)
Gustavo Lemus
Guzho
Gónzalo Cordero Dávila
H. Salvador
HASTA EDIFICIO " SUIT DE SAN PEDRO"
HASTA HIPOCRATES
HELSISKI
HERNAN CRESPO TORAL
HERNANDO DE MAGALLANES
HUMBERTO CORDERO
HUMBOLDT
Hereos de Verdelona
Hermano Leo Pulla
Hermano Miguel
Hernan Coello
Hernan Coello Garcia
Hernando Leopulla
Hernando Leopulla.
Hernando de la Cruz
Hernán Leopulla
Hernán Malo
Heroes de Verdeloma
Heroes del Portete
Higuerilla
Honorato C. Valdivieso
Honorato Loyola
Honorato Vasquez
Honorato Vásquez
Hornillos
Huacas
Huacopo
Hualcopa
Hualcopo
Huancavilcas;
Huascarán
Huasipichana
Huasipinchana
Huasipungo
Huayna Capac
Huaynacapac
Huiracocha
Humberto Albornos
Humberto Albornos.
Hur
Hurtado de Mendoza
Hurtado de Mendoza.
Huáscar
Héroes de Verdeloma
Héroes del Cenepa
IGLEISA CATÓLICA "CORAZÓN DE JESÚS DE RICAURTE"
IGNACIO CORTAZAR LABAYEN
IGNACIO CORTAZAR LABOYEN
IGNACIO CORTAZAR LOBOYEN
INICIO DE LA CALLE EDMUNDO UGALDE
INICIO PAQUISHA
ISABEL ANTÓN
Ibarra
Iberia
Iglesia Guzho
Iglesia de Rayoloma
Iliniza
Illimaní
Inca Toparpa ;
Inca Toparpa;
Ines Salcedo
Inga Velez
Ingapirca
Inicio
Inicio de la calle
Intersección Vía San Agustín
Intiñan.
Intiñán
Isaac Albeniz
Isaac Newton
Isabel Tamariz Toral
Isacc Albeniz
Isauro Rodriguez
Isidro Ayora
Itzá
Iván Salgado
Iñaquito
J DE ELVIA
J DE MERIZALDE
J Moreno.
J de Evia
J. Carrera Andrade
J. Maria Egas
J. Peñafiel
J. Pinto
J.Corral
JACINTO FLORES
JAIME ROSALES
JAVIER MALDONADO
JESUS DAVILA
JJ de Olmedo
JOAQUÍN GALARZA
JOSE ASTUDILLO
JOSE MARIA SANCHEZ
JOSE ORGEGA
JOSE ORTEGA
JOSE PERALTA
JOSÉ ALEJANDRO EGUEZ
JOSÉ ZORRILLA
JUAN  DE SALAZAR
JUEGOS PIROTECNICOS
JULIO ARIZAGA
Jacinto Jijon
Jacinto Jijón
Jaime Roldos
Jaime Roldos.
Jambelí
Januario Palacios
Jaramijó
Jaun Jaramillo
Javier Loyola
Jerónimo Carrión
Jesus Arriaga
Jesús Arriaga
Jijón
Joaquin Malo
Jonathan Strauss
Jorge Burbano
Jorge Burbano Moscoso
Jorge Carrera Andrade
Jorge Guerrero Camilla
Jorge Icaza
Jorge Juan
Jose Alvear
Jose B. Burbano
Jose Banegas
Jose Burbano
Jose Escudero
Jose Escudero Reyes
Jose Fajardo
Jose Joaquín de Olmedo
Jose Lozano
Jose Maria
Jose Maria Rodriguez
Jose Maria Velazco Ibarra.
Jose Mogrovejo
Jose R Burbano
Jose Salvador
Jose de Acosta
Josè Joaquin de Olmedo
José Alvear
José Andrade Arízaga
José Arízaga
José Banegas
José Burbano
José Bustamante
José Escudero P.
José Félix Chacón
José Félix Gonzales
José Joaquín Olmedo
José Lozano
José M. Ortega M.
José Manuel Ormaza
José Ortega
José R. Bernal
José Rodriguez Peralta
José Vasconcelos
José Zorrilla.
José de cárdenas
José de la Cuadra
Juan  Jose Flores
Juan Aguilar
Juan Bautista
Juan Bautista Stiehle
Juan Bautista Vasquez
Juan Bautista Vasquez. Honorato C. Valdivieso
Juan Bautista Vazquez
Juan Bautista Vásquez
Juan Buatista Stiehle
Juan Coloma
Juan Cueva Jaramillo
Juan De Narvaez
Juan Ignacio Gómez de Arce
Juan Iñigues V.
Juan Iñiguez
Juan Iñiguez U.
Juan Jaramillo
Juan Jose Flores
Juan Jose Flores.
Juan José Flores
Juan José Flores.
Juan Lavalle
Juan Leon Mera
Juan León
Juan León Mera.
Juan Lopez Tormaleo
Juan Montalvo
Juan Strobbel
Juan Tenecela
Juan de Sama
Juan de Seniergues
Juan de Velasco
Juan de Velasco.
Juan de Velazco
Juan de Velazco.
Juan iñiguez V.
Juann Bautista
Juego de damas
Juego de la Pallca
Juego de las canicas
Juego del Balero
Julio Jaramillo
Julio Jaramillo.
Julio Torres
Julio Vinueza
Jumandi
Juventino Velez
Kurt Dorfzaun
L Toral
LA UNION
LEUCIPIO
LLanura grande
LONDRES
LOPE DE ATIENZA
LUIS ALCIVAR
LUIS BENIGNO
LUIS LOYOLA GRACIA
LUIS MARIO RODRIGUEZ
LUIS PALTA R.
LUIS PAULTA R.
LUIS PAUTA R.
La Castellana
La Compañía
La Condamine
La Gasca
La Niña
La Pinta
La Rabida
La Republica
La Republica.
La República
La República.
La Torredora
Las Cayapas;
Las Chorreras
Las Garzas
Las Golondrinas
Las Hortencias
Las Palomas
Latacunga
Leon Piedra
Leonidas Plaza Gutierres.
Leonidas Plaza Gutierrez
Leonidaz Plaza Guitierres
Leonor Abad Heredia
Leopoldo  Davila Cordoba
Leopoldo Davila Cordoba
Leopoldo Dávila Córdoba
Leopoldo Espinoza
Letrero Estación Hidrológica Tarqui DJ Shucay
Letrero Grande (Alquiler Robles)
Letrero Grande (Banco del Pichincha)
Limeños
Limite Izquierdo
Lino Benitez
Liribamba
Lizardo Abad
Lizardo García
Lizardo García.
Llangantis
Llaviuco
Llavuico
Loja
Lorenzo Piedra
Lorenzo de Padilla
Los Andes
Los Canarios
Los Cedros
Los Chugos
Los Cipreses
Los Cisnes
Los Eucaliptos
Los Fresnos
Los Girasoles
Los Gorriones
Los Yungas
Lui Moreno Mora
Luis A. Palacios
Luis C. Jaramillo
Luis Carlos Jaramillo
Luis Cordero
Luis Crespo Ordoñez
Luis Fidel Bermeo
Luis Godin
Luis Godín
Luis Guillermo Peña Delgado
Luis Jaramillo
Luis Larrea Alba
Luis Larrea Alba.
Luis Maldonado
Luis Malo Valdiviezo
Luis Monsalve
Luis Moreno Mora
Luis Pasterur
Luis Pasteur
Luis Robalino Davila
Luis Sanchez
Luis Sanzhez
Luis Sarmieno
Luis de Cerda
Luis de la Cerda
Luisa Gomez de la Torre
Lumbaqui
Luspa
M Larrea
M Suares
M Suarez
M. Galvez
M. Pangol
M. Quinde
MANUEL CRESPO MALO
MANUEL FARFAN
MANUEL J CALLE
MANUEL MALO CRESPO
MANUEL ORDOÑEZ
MANUEL TENORIO LAZO
MATILDE GARCIA
MERCEDES POZO DE TORAL
MIGUEL CABASCANGO
MIGUEL CORDERO DAVILA
MIGUEL DELGADO
MIGUEL MOROCHO
MIGUEL ORAMAS
MINIMARKET "EL CAMPO"
MORA
MOSCU
Macas
Macchu Picchu
Madrid
Malta Cápac
Manco Capac
Mantense
Manuel Antonio Muñoz Borrero
Manuel Balarezo Cobos
Manuel Cordero
Manuel Cordova Galarza
Manuel Davila
Manuel Eloy Galarza
Manuel Espinoza
Manuel Eugenio Carrasco
Manuel Farfán
Manuel Fetrnandez de Cordova
Manuel Maria
Manuel Maria Borrero
Manuel Maria Palacios
Manuel María Ortiz
Manuel María Palacios
Manuel Moreno Mora
Manuel Moreno Serrano
Manuel Nivela
Manuel Nivelo
Manuel Paredes
Manuel Plaza
Manuel Seminario Sáenz de Tejada ;
Manuel Seminario Sáenz de Tejada;
Manuel Vega
Manuel de Falla
Manuel de la Falla
Manuela Garaicoa de Calderon
Maragrita Torres
Marcia Ulluari Sanchez;
Marco Tulio Erazo
Marfil
Margarita Torres
Margrita Torres
Mariano Cueva
Mariano Estrella
Marical Lamar
Mariscal Lamar
Mariscal Sucre
Mariscar Lamar
Marsical Lamar
Marsical Sucre
Martin Ocampo
Martina de Olba
Martinez Guerrero
Martinez Mena
Martinez Mera
Martín Garate
Martín Gárate
Martín Ocampo
Matias de Gaviria
Matilde Hidalgo de Procel
Matilde Idalgo de Procel
Max Konanz
Medardo A. Silva
Medardo Torres Ochoa
Melchor de Aymerich
Mercedes Quinde
Merchán
Miguel Angel Estrella
Miguel Cordero Crespo
Miguel Cordero Dávila
Miguel Diaz
Miguel Díaz
Miguel Fernández de Córdova
Miguel Franco
Miguel Heradia
Miguel Heredia
Miguel Heredia Crespo
Miguel Malo Gonzáles
Miguel Molina Calle
Miguel Moreno
Miguel Ortega Alcocer
Miguel Peña
Miguel Reña Jaramillo
Miguel Tenorio M.
Miguel Ullauri
Miguel Velez
Miguel Velez (Tambien incluye Calle Ramon Borrero)
Miguel de Santiago
Miguel de Santiago. Av. Ricardo Muñoz Davila
Miguel gil Malo
Milchichig
Mirto
Modesto Larrea
Molleturo
Mollobamba
Monseñor Leonidas Proaño
Mosquera Narvaes
Mozart
Munoz vernaza
Muñoz Vernaza
N
N ACADEMIA ALFARO MORENO
N CLÍNICA MUEBLE
N FIN DE CALLE
N SALIDA CERCANA A PANAMERICANA NORTE
N;
NA
NICANOR MERCHÁN
NICARDO MERCHAN
NUÑO DE  VALDERRAMA
Namangoza
Narancay Alto
Naranjal
Narrio
Nicanor Aguilar
Nicanor Carpio
Nicanor Crespo
Nicolas de Rocha
Nicolás de Rocha
Nicoás de Rocha
No hay
Nuñez de Bonilla
Núñez de Bonilla
OCTAVIO CORDERO
OCTAVIO OCHOA O.
OESTE)
OLAF HOLM
OLIMPIA
OSLO
OSO HUAYCO
Obispo Carrión
Obispo Juan de Escandón
Obispo Miguel León
Obispo Ordoñez Crespo
Octavio Dias
Octavio Dias.
Octavio Diaz
Octavio Diaz.
Octavio Díaz
Onitchencko
Onitchenko
Ordoñez Lasso
Oswaldo Moreno Heredia
Otavio Cordero
Otravio Cordero
Otto Arosemena
Oyambaro
P Vicente Maldonado
P. Cocha
P. Palacio
P. Vicente Maldonado
PA RÍO MACHÁNGARA.
PA. CAYAMBE
PA. RÍO MACHÁNGARA
PANAMERICANA NORTE
PANAMERICANA NORTE S
PANAMERICANA NORTE.
PAQUISHA
PARA DE BUS "ENTRADA A BELLAVISTA"
PARA DE BUS "ENTRADA A BELLAVISTA".
PARADA DE BUS "BARRIO PEDREGAL"
PARADA DE BUS "CANAL DE RIEGO"
PARADA DE BUS "CANCHA DE PORTIVA"
PARADA DE BUS "COMANDO DE POLICÍA"
PARADA DE BUS "COMANDO DE POLICÍAS"
PARADA DE BUS "CONDOMINIO SAN ANDRÉS"
PARADA DE BUS "DEPÓSITO DE MADERA"
PARADA DE BUS "EL PORTÓN"
PARADA DE BUS "EL PORTÓN".
PARADA DE BUS "ENTRADA A SAN ANDRÉS"
PARADA DE BUS "ENTRADA AL CEMENTERIO"
PARADA DE BUS "PLATANAL"
PARADA DE BUS "PUENTE DE MADERA"
PARAMENIDES
PARIS
PARMENIDES
PASAJE PAUCARBAMBA
PASAJE PRIMERO DE MAYO
PASAJE SOJOS
PASEO  JULIAN MATADERO
PASEO DE LOS CAÑARIS
PASEO JULIAN MATADERO
PASEO RIO BLANCO
PASEO RIO BURGAY
PASEO RIO COLLAY
PASEO RIO CUENCA
PASEO RIO GIRON
PASEO RIO JADAN
PASEO RIO MIGUIR
PASEO RIO NEGRO
PASEO RIO RICAY
PASEO RIO TARQUI
PASEO RIO TOMEBAMBA
PASEO RIO YANUNCAY
PASO RIO TOMEBAMBA
PAULINO ORDOÑEZ
PEDRO ARÍAS
PEDRO LOPEZ ARGUDO
PEDRO TAFUR
PELAYO
PLANTA DE AGUA CEBOLLAR
PLATON
PLATÓN
PLOVDIV
PUCARA
PUENTE DEL CAMAL.
PUENTE VERDE
Pa. Sinincay
Pablo Picasso
Paccha
Pacha Camac
Pachacamac
Pachacutec
Pachacutic;
Pachatucec
Pacífico Guamán
Padre Aguirre
Padre Belisiano Arce
Padre Julio Matovelle
Padre Monroy
Paltan
Pampite
Pan de Azucar
Pan de Azúcar;
Panamericana
Panamericana Sur
Panupali
Paralela a la vía a Iglesia Divino Niño
Paredones
Pasaje El Paraíso
Pasaje Moreno Mora
Pasaje Yanuncay
Pasaje del Paraíso
Pasaje).
Paseo 27 de Febrero
Paseo Guagrahuma
Paseo Huagrahuma
Paseo Huagrahuma.
Paseo Huagrauma.
Paseo Milchichig
Paseo Milchichig.
Paseo Milchichig;
Paseo Tres de Noviembre
Paseo de Guataná
Paseo de Milchichig
Paseo de los Cañaris.
Pastaza
Patococha
Patoquinas
Patoquinioas
Patoquinoas
Paucarbamba
Paul Marggraff;
Paycabamba
Paúl Maggraff;
Pedro Alvarez Cabral
Pedro Berrezueta
Pedro Berroeta
Pedro Bouger
Pedro Cajas de Ayala
Pedro Carbo
Pedro Fermín Cevallos
Pedro Fermín Cevallos.
Pedro Garcia de Vera
Pedro Janner
Pedro Marquez
Pedro Martinez de Arizala
Pedro Muelles
Pedro Puelles
Pedro Sta.cruz
Pedro Velasco
Pedro de Alvarado
Pedro Álvarez Cabral
Pelayo.
Pequeña entrada
Perejil
Pichincha
Pillahuazo
Pimampiro
Pinampiro
Pintag
Pio Bravo
Pizar Capac
Pizar Capac.
Pizarcapac
Pizarcapac.
Pje. De las Américas
Plaza Gutierrez
Plaza Otorongo
Plutarco
Pompeya
Pompeya hacia la Av. González Suarez
Popayan
Porotillos
Portillos
Presidenre Rocafuerte
Presidente Borrero
Presidente Cordova
Presidente Córdova
Presidente Rocafuerte
Presidente Rocafuerte.
Presiendete Borrero
Presiente Borrero
Presisdente Borrero
Primera parada luego de la entrada a Nero.
Primero de Mayo
Princesa Pacha
Psdre Aguirre
Psje. Perespata
Pucacocha
Pucará
Puente de el Bado
Puente el Vado
Puerto Palos
Puerto de palos
Pumapungo
Puto
Puyo
Pío Bravo
QUINTA PATAMARCA
QUINTA PATAMARCA.
Quilla
Quillañán
Quillañán.
Quillindaña
Quillindaña;
Quillán
Quiloto
Quineas
Quinoas
Quintillan
Quipaypan
Quis Quis
Quis quiis
Quito
R. Andrade
R. HUERTA
RAFAEL MARIA ARIZAGA
RAFAEL TORRES
RAFAEL TORRES BELTRAN
RAFEL MARIA ARIZAGA
RAINERO CASANOVA
REDONDEL
REDONDEL 3 PUENTES
REDONDEL DE LA UDA
REDONDEL JOSE PERALTA
REFERENCIA PERPENDICULAR AMSTERDAM
REYKIAVIK
RIO MACHANGARA
RODRIGO PALACIOS
ROMA
ROMULO EFRAIN VASQUEZ
Rafael Aguilar
Rafael Estrella
Rafael María Arizaga
Rafael María Arízaga
Rafael Romero
Rafael Salas
Rafael Villagomez Borja
Rafel Aguilar
Ramayana
Ramirez
Ramon Borrero
Ramírez
Rapsodia
Rayoloma
Raúl Andrade
Redonder 3 Puentes.
Regidor Hidalgo
Reino de Quito
Remigio Astudillo
Remigio Crespo
Remigio Crespo toral
Remigio Romero
Remigio RomeroPadre
Remigio Tamariz
Remigio Tamariz Crespo
Renaciente
Restaurante Cueva del Castillo
Restaurante Pico de Gallo
Rfael María Arizaga
Ricardo Cordero
Ricardo Marquez
Ricardo Muños Dávila
Ricardo Muñoz Davila
Ricardo de Cordero
Rio Bio
Rio Bio Bio
Rio Cenepa
Rio Cenepa.
Rio Chan Chan
Rio Chan Chan.
Rio Curacay
Rio Cutuco
Rio Cutucu
Rio Daule
Rio Grande
Rio Jubones
Rio Magdalena
Rio Malacatus
Rio Manzanares
Rio Mapocho
Rio Missisipi
Rio Missouri
Rio Orinoco
Rio Orinoco (sin retorno)
Rio Orinocon
Rio Palora
Rio Paraná
Rio Paute
Rio Upano
Rio Zamora
Rio caqueta
Riobamba e Ibarra
Roberto Aguilar
Roberto Crepo Toral
Roberto Cresp Toral
Roberto Crespo Toral
Roberto Espinoza Albán
Roca Sinche
Rodrigo Arias de Mancilla
Rodrigo Arias de Mancilla.
Rodrigo de Triana
Rodrigo de Triana C. De los Conquistadores
Romulo Marquez
Rosa Virginia Moreno Mora
Rosendo Lopez Diez
Rosendo López Diez
Rumi Urco
Rumi Urco.
RumiUrco.
Rumiloma
Rumipamba
Rumiurco
Rumiñahui
Rumuñahui
Río Bio Bio
Río Caqueta
Río Cauca
Río Cutucú
Río Grande
Río Madeiro
Río Magdalena
Río Malacatus
Río Manzanares
Río Mapocho
Río Milchichig
Río Missisipi
Río Missouri
Río Orinoco
Río Palora
Río Paraná
Río Paute
Río Paute ;
Río Rimac
Río San Lorenzo
Río Upano
Río de la plata
S
S)
SALVADOR JARA BERMEO
SAN MARINO
SAN PABLO DE LAGO
SAN SILVESTRE
SANTIAGO CARRASCO
SEBASTIAN LUIS ABAD
SENECA
SM
SN
SN  (Wafles)
SN ( Ferreteria la cascada)
SN ( Wasi )
SN ( frente a la calle palo encebado)
SN (C.J.G)
SN (Curva)
SN (Dymaro carpinteria)
SN (El bazar de la Avenida)
SN (Escuela San Juan de Dios)
SN (Fin)
SN (Final)
SN (Frente cancha Nogal)
SN (Fábrica de bloques JD)
SN (Obra)
SN (Salón de recepciones)
SN (Tienda de la
SN (carpinteria Gumán)
SN (casa de los Monteros)
SN (chuzoz
SN (condominio Illescas)
SN (diseño de modas)
SN (estación de servicio Narancay)
SN (familia Tenesaca Medina)
SN (frente LAC
SN (frente a Homeglass)
SN (frente a Lucid dreams)
SN (frente a la escuela Asunción)
SN (parque)
SN (pastillita)
SN (pintate)
SN (salón de eventos Muralla)
SN (taller de carrocerías Torres)
SN ref Frente a la casa 38
SN( XIHU distribuciones)
SN(Antojitos de Antaño)
SN(Condultorio dental)
SN(Consultorio Dental)
SN(Distribuidor de gas)
SN(Distribuidora de pavos)
SN(Frente a la fábrica de bloques JD Sánchez)
SN(Frente canchas Nogal)
SN(Frente escuela Asunción)
SN(Frente reinas de la chicha)
SN(Homeglass)
SN(Lucid Dreams)
SN(MyR tienda)
SN(Plaza central Narancay)
SN(Plaza central de Narancay)
SN(TV cable)
SN(condominio Illescas)
SN(frente a la calle Palo encebado)
SN(fruteria doña Mary)
SOFIA
SUR)
SUROCUCHO
Sageo
Salida Panamericana
Salto a la soga
Salvador Pedroza
Salvador de Madariaga
San Blas
San José la Calzada
San Pablo Lago
San Pablo del Lago
San Roque
Sanan Cajas
Sanan Cajas  ) Allcuquiro
Sandes
Sangay
Santa Catalina de Siena
Santa Teresa
Santander
Sara Urco
Saras.
Sebastian de Benalcazar
Sebastián Batch
Sebastián de Benalcazar
Segovia
Sevilla
Sicalpa
Silban
Silbán
Silvan
Simon Bolivar
Simón Bolivar
Sin Nombre (Calle junto a la escuela Francisco Arizaga Toral)
Sin Nombre Ni Secundarias
Sin Nombre.
Sin Salida
Sin nombre
Sin nombre (Calle junto a la escuela Francisco Arizaga Toral).
Sin retorno
Socabón
Socavón
Socrates
Sofocles
Ssin nombre
Sta. Maria
Sta. María
Suarez.
Subida : Miguel Heredia
Subida al Chorro
Sucre
Sucumbios
Sumaco
T. Rendon
TALES DE MILENIO
TERESA DE AVILA
TERESA DE ÁVILA
THOMAS EDISON
TIO CAJAS
TIO PULLO
TIOPULLO( TIENDA MY B)
TIRSO DE MOLINA
TOMAS CALVO
TRONCAL DE LA SIERRA
Tabaré
Tadeo Torres
Tarqui
Tarquino Borrero
Tarquino Cordero
Tarquino Martinez
Tarquino Martínez
Tarrega
Tarrego
Telémaco
Teodoro Jerves Núñez
Teodoro Jervez Núñez
Teodoro Malo
Teotihucán
Timoleon Carrera
Timoleón Camera
Timoleón Carrera
Toda la  calle
Toda la calle
Toledo
Tomas Edison
Tomas Ordoñez
Tomas de Heres
Tomillos
Tomás Edison
Tomás Ordoñez
Tomás de Heres
Toreadora
Torredora
Totoracocha
Totoracocha ;
Totoracocha;
Tres en raya
Troncal de la Sierra (Panamericana)
Tránsito Amaguaña
Tulcán
Tumipamba
Tunguragua
Tungurahua
Turubamba
Tómas Calvo
UNIVERSIDAD CATÓLICA
UNIVERSIDAD POLITECNICA SALESIANA
URBANIZACIÓN DE LOS INGENIEROS
URBANIZACIÓN MACHÁNGARA
Uco
Ulises Chacón
Union con la vía a Iglesia Divino Niño
Unión Nacional de Educadores
Urbanización Los Sigsales
VEGA MUÑOZ
VERSALLES
VIA A PACCHA
VIA PACCHA
VIA SUBIDA A TURI
VICENTE ALVARADO
VICENTE F. ALVARADO
VICENTE TAMARIZ
VICTOR J ESPINOSA
VICTOR LEON BELTRAN
VICTOR LEON VIVAR
VICTORIA DEL PORTETE
VIENA
Valdivia
Valencia
Valentín Martinez
Valentín Martínez
Vargas Machuca
Vargas Mahuca
Vargas Torres
Vasco Nuñez de Balboa
Vasrgas Machuca
Velasco Escultor
Verbena
Via A San Joaquin
Via Cuenca Molleturo
Via Cuenca Molleturo Naranjal
Via al Valle
Vicente Escandon Astudillo
Vicente Gonzales Rodriguez
Vicente Gonzáles Rodriguez
Vicente Pacheco
Victor Barrera V
Victor Tinoco Chacon
Vilcabamba
Villalobos
Vinicio Angulo Ramirez
Viracochabamaba
Viracochabamba
Viracochabamba.
Virginia Muñoz Vernaza
Vivaldi
Vivero las Camelias
VÍA A CHECA
VÍA A SAN JOSÉ
Vìa San Agustín
Vía Monay
Vía Monay Baguanchi
Vía Monay Baguanchi Paccha
Vía Rayoloma
Vía San Agustín
Vía al CRS
Víctor Lloret
X JUEGOS BOLIVARIANOS
Yaguarcocha
Yaguarcocha;
Yambo
Yanahurco
Yaupi
Záparos
asados del puente roto)
asociados)
calle Alausí
calle Del Arupo
calle Los Pensamientos
calle de los villancicos
cerca de una parada de Bus.
cerca del letrero sobre las direcciones(Cumbe
ciudad de Guayaquil
de la Esparraguera
de la Genciana
de la Higuerilla
de la Peña
de la Vainilla
de las Américas
de las Azucenas
de las Hiedras
de las Japayas
de las Jayapas
de las Llamadas
de las Orquideas
de las Orquídeas
de los Eucaliptod
de los Olivos
del Abanico
del Amay
del Chilchil
del Lirio
del Rosedal
el Nopal
emtrada al cementerio
los Alamos
los Caciques
los Cerezos
los Laureles
límite de Guzho
nan
nombre
nomnre
ref  Recicladora
ref Local La Olla de Barro
ref Local Tapices
ref Recicladora
ref Tapices
ref Urbanización Sauce
ref a 3m de rompe velocidades
ref calle Residencial
ref calle a 100m antes de la capilla
ref casa de adobe destruida
ref entrada residencial
ref entrada residencial al lado de una tienda
ref frente a sol de Oro
referencia vivero las Camelias
referencia: frente a Licoreria Gonzalez
referencia: frente a una Iglesia de la zona
vía a San Pablo
Ávila
