1
Nombre del archivo: G2_Digitalización - NICOLE TORAL.xlsx
Nombre de la hoja: Formulario 2
Calle: Pasaje El Paraíso
Tipo calle: secundaria
------------------------------------------------------------------------------------------------------------
2
Nombre del archivo: G2_Digitalización - NICOLE TORAL.xlsx
Nombre de la hoja: Formulario 2
Calle: calle Del Arupo
Tipo calle: secundaria
------------------------------------------------------------------------------------------------------------
3
Nombre del archivo: G2_Digitalización - NICOLE TORAL.xlsx
Nombre de la hoja: Formulario 3
Calle: Avenida El Paraíso
Tipo calle: principal
------------------------------------------------------------------------------------------------------------
4
Nombre del archivo: G2_Digitalización - NICOLE TORAL.xlsx
Nombre de la hoja: Formulario 3
Calle: calle Del Arupo
Tipo calle: secundaria
------------------------------------------------------------------------------------------------------------
5
Nombre del archivo: G2_Digitalización - NICOLE TORAL.xlsx
Nombre de la hoja: Formulario 5
Calle: Pasaje El Paraíso
Tipo calle: principal
------------------------------------------------------------------------------------------------------------
6
Nombre del archivo: G2_Digitalización - NICOLE TORAL.xlsx
Nombre de la hoja: Formulario 5
Calle: Calle de las Herrerías
Tipo calle: secundaria
------------------------------------------------------------------------------------------------------------
7
Nombre del archivo: G2_Digitalización - NICOLE TORAL.xlsx
Nombre de la hoja: Formulario 5
Calle: Avenida El Paraíso
Tipo calle: secundaria
------------------------------------------------------------------------------------------------------------
8
Nombre del archivo: G2_Digitalización - NICOLE TORAL.xlsx
Nombre de la hoja: Formulario 6
Calle: Calle de las Herrerías
Tipo calle: secundaria
------------------------------------------------------------------------------------------------------------
9
Nombre del archivo: G2_Digitalización - NICOLE TORAL.xlsx
Nombre de la hoja: Formulario 7
Calle: Calle de los Alisos
Tipo calle: principal
------------------------------------------------------------------------------------------------------------
10
Nombre del archivo: G2_Digitalización - NICOLE TORAL.xlsx
Nombre de la hoja: Formulario 8
Calle: Calle de las Herrerías
Tipo calle: secundaria
------------------------------------------------------------------------------------------------------------
11
Nombre del archivo: G2_Digitalización - NICOLE TORAL.xlsx
Nombre de la hoja: Formulario 8
Calle: calle Los Pensamientos
Tipo calle: secundaria
------------------------------------------------------------------------------------------------------------
12
Nombre del archivo: G2_Digitalización - NICOLE TORAL.xlsx
Nombre de la hoja: Formulario 9
Calle: Calle de las Retamas
Tipo calle: principal
------------------------------------------------------------------------------------------------------------
13
Nombre del archivo: G2_Digitalización - NICOLE TORAL.xlsx
Nombre de la hoja: Formulario 9
Calle: Calle de los Alisos
Tipo calle: secundaria
------------------------------------------------------------------------------------------------------------
14
Nombre del archivo: G2_Digitalización - NICOLE TORAL.xlsx
Nombre de la hoja: Formulario 13
Calle: calle Del Arupo
Tipo calle: secundaria
------------------------------------------------------------------------------------------------------------
15
Nombre del archivo: G2_Digitalización - NICOLE TORAL.xlsx
Nombre de la hoja: Formulario 14
Calle: Calle de los Alisos
Tipo calle: secundaria
------------------------------------------------------------------------------------------------------------
16
Nombre del archivo: G2_Digitalización - NICOLE TORAL.xlsx
Nombre de la hoja: Formulario 17
Calle: Avenida El Paraíso
Tipo calle: secundaria
------------------------------------------------------------------------------------------------------------
17
Nombre del archivo: G2_Digitalización - NICOLE TORAL.xlsx
Nombre de la hoja: Formulario 17
Calle: Calle de las Herrerías
Tipo calle: secundaria
------------------------------------------------------------------------------------------------------------
18
Nombre del archivo: G2_Digitalización - NICOLE TORAL.xlsx
Nombre de la hoja: Formulario 18
Calle: calle Del Arupo
Tipo calle: secundaria
------------------------------------------------------------------------------------------------------------
