10  DE AGOSTO
12 DE OCTUBRE
24 DE MAYO
25 DE MARZO
3 DE NOVIEMBRE
5 DE JUNIO
A SAN JOAQUIN
A. BELTRAN
A. MONTALVO
A. TAMARIZ
A. UCHOLOMA
A. VEGA
ABELARDO J. ANDRADE
ABRAHAM SARMIENTO
ACHIOTE
ACHUPALLAS
ADOLFO PERALTA
ADOLFO TORRES
AGUARICO
AGUILAR
AGUSTIN AGUALONGO
AGUSTIN CRESPO HEREDIA
AGUSTIN CUESTA
AGUSTIN CUEVA
AGUSTIN IGLESIAS
ALBA CALDERON DE GIL
ALBERTO ALVARADO COBOS
ALBERTO CORONEL
ALBERTO GUERRERO MARTINEZ 
ALBERTO MUÑOZ
ALBERTO PALACIOS
ALBERTO SEMANATE
ALBINO DEL CURTTO
ALCABALAS
ALEJANDRO ANDRADE CORDERO
ALEXANDER FLEMING
ALFONSO ANDRADE
ALFONSO CORDERO
ALFONSO CUESTA
ALFONSO FIGUEROA TERREROS
ALFONSO JARAMILLO LEON
ALFONSO JERVES
ALFONSO MALO
ALFONSO ORDOÑEZ MATA
ALFONSO PINZON
ALFONSO RIVERA NOVILLO
ALFREDO BAQUERIZO MORENO
ALFREDO ESPINOZA TAMAYO
ALFREDO MORA MONTESDEOCA
ALONSO DAMASO
ALONSO DE CABALLERIA
ALONSO DE QUINTANILLA
ALONSO DE ZAMORA
ALTAR
ALTAR URCO
ALTIPLANO
AMBATO
AMERICAS
AMERICO VERPUCIO
ANATOLE BAMPS
ANDES
ANDRES BANEGAS
ANDRES PEREZ DE LUNA
ANGEL FIGUEROA
ANGEL MARIA ESTRELLA
ANGEL PAREDES
ANTIGUA PANAMERICANA
ANTISUYO
ANTON DE SEVILLA
ANTONIA MOSQUERA
ANTONIO BORRERO VEGA
ANTONIO CARRILLO
ANTONIO DE NEBRIJA
ANTONIO DE SAN MIGUEL
ANTONIO FARFAN
ANTONIO MACHADO RUIZ
ANTONIO MALO
ANTONIO MORENO ORTIZ
ANTONIO NEUMANE
ANTONIO PONS
ANTONIO RICAURTE
ANTONIO TAMARIZ
ANTONIO ULLOA
ANTONIO VALDIVIESO
ANTONIO VALLEJO
ANTONIO VEGA MUÑOZ
ARAUCANA
ARIOLFO CARRASCO
ARIRUMBA
AROSEMENA TOLA
ARQUIMEDES
ARTURO CUESTA HEREDIA
ARTURO SALAZAR ORREGO
ASCENCIO PAUTA
ASOCIADOS
ATAHUALPA
ATAUCOCHA
AURELIO AGUILAR
AURELIO FALCONI ZAMORA
AURELIO MOSQUERA NARVAEZ
AUTOPISTA
AV DE LA INDEPENDENCIA
AV. CUENCA-AZOGUES
AV. DE LOS ANDES
AV. DE LOS BABACOS
AV. DE LOS MIGRANTES
AV. DE SALADO
AV. DEL ALTIPLANO
AV. DEL CHOFER
AV. DEL TEJAR
AV. DEL TORIL
AVENIDA DE LOS MIGRANTES 
AVENIDA DEL ESTADIO
AVENIDA DEL TORIL
AVILA
AYACUCHO
AYAHUAYCA
AYAPUNGO
AYAR URCO
AZAHARES
BABRIEL MINO
BAGUANCHI
BAJADA DE TODOS SANTOS
BAJADA DEL VADO
BALCONES
BALTAZAR DE CALDERON
BARCAROLA
BARCELONA
BARTOLOME DE LAS CASAS
BARTOLOME RUIZ
BARTOLOME SERRANO
BATALLON NUMANCIA
BATALLON PICHINCHA
BATALLON RIFLES
BATALLON VENCEDORES
BELISARIO ANDRADE
BEN-HUR
BENIGNO MALO
BENIGNO PALACIOS
BENIGNO VELA
BENJAMIN DE LA CADENA
BENJAMIN DE LA CUADRA
BERCEO
BERLIN
BERNARDO DE LEGARDA
BETHOVEN 
BOMBOIZA
BONICATTI
BOSQUE
BOYACA
BROADWAY
BRUMMEL
BUCAREST
BUDAPEST
BUERAN
BUGANVILLA
BUTAN
DE LA BODOQUERA
DE LAS COMETAS
DE LAS ESCONDIDAS
DE LAS OLLAS ENCANTADAS
DEL LIRIO
DEL TUCUMA
DE LAS COMETAS
DE LAS ESCONDIDAS
DE LAS MARGARITAS
DE LOS AROS
DE LOS CLAVELES
DE LOS COLUMPIOS
DE LOS CONQUISTADORES
DEL LIRIO
DEL PALTAN
DEL PEREJIL
DEL SARAR
DEL TOBOGAN
DEL TRES EN RAYA
DEL TUCUMAN
CACIQUE CATEMU
CACIQUE CHAPARRA
CACIQUE DUMA
CAHUASQUI
CAICEDO
CAJABAMBA
CAJAMARCA
CAJAS
CALICUCHIMA
DEL ARQUITECTO
DEL CAMAL
LA OPERA
PUMAYUNGA
RETORNO
UCUBAMBA
DEL CANCAN
DEL OREGANO
DEL ROSAL
CALLE LARGA
SIN RETORNO
CALLE VIEJA 
SILBAN
CALVARIO
CAM DE LAS PENCAS
CAM. A SAN PEDRO DEL CEBOLLAR
CAM. DE LAS PENCAS
CAM. VIEJO A BAÑOS
CAMAÑO
CAMILO EGAS
CAMILO PONCE
CAMINO A RACAR
CAMINO A SAN PEDRO
CAMINO A SININCAY
CAMINO A TURI
CAMINO A. LAZARETO
CAMINO AL VALLE
CAMINO DE LAS PENCAS
CAMINO DEL VALLE
CAMINO SAN PEDRO DEL CEBOLLAR
CAMINO SANTA ANA
CAMINO VIEJO A TURI
CAMPILO PONCE
CANTON GUALACEO
CANTON JOYA DE LOS SACHAS
CANTON NOBOL
CANTON PAUTE
CAPULICAN
CARAMBURO
CARDENAL PEDRO DE GONZALES
CARIHUARIAZO
CARLO TERAN
CARLOS ABAD PIEDRA
CARLOS BERREZUETA
CARLOS CORDOVA
CARLOS ENCALADA
CARLOS FARFAN
CARLOS FERNANDEZ DE CORDOVA
CARLOS JOAQUIN TORRES GUZMAN
CARLOS MANUEL LARRERA
CARLOS MORALES VILLAVICENCIO
CARLOS ORELLANA LEON
CARLOS QUINTO
CARLOS RIGOBERTO VINTIMILLA
CARLOS ROSAS
CARLOS TERAN
CARLOS VELEZ
CARLOTA JARAMILLO
CARMELA MALO
CAROLINA
CARTAGENA
CARTONERA DEL AUSTRO
CASTELLANA
CAUPULCAN
CAUPULICAN
CAYAMBE
CDAD DE BABAHOYO
CDAD DE MACHALA
CELINANO MONGE
CESAR HERMIDA PIEDRA
CESAR PINOS
CESAR TORRES FERNANDEZ DE CORDOVA
CHAGUARCHIMBANA
CHAPARRO
CHAPETONES
CHAPULTEPEC
CHICAN
CHICHEN-ITZA
CHIGUGUA
CHILCAPAMBA
CHILCHE
CHILES
CHILOS
CHINCHASUYO
CHONTAHUASI
CHORRERAS
CHUGCHILAN
CIUDAD DE GUAYAQUIL
CLAVELES
CM.LOPEZ
COBILCHE
COCHAMAMA
COJITAMBO
COLLAHUAZO
COLLASUYO
COLO COLO
COLTA
COMPLEJO RESIDENCIAL CIUDAD DEL RIO
CONDAMINE
COPERNICO
COQUIMBO
CORDILLERA
CORDILLERA DE COLONCHE
CORDILLERA DE TOIZAN
CORDILLERA DEL CONDOR
CORNELIO CRESPO TORAL
CORNELIO MERCHAN
CORONEL C. MONSALVE
CORONEL FRANCISCO CALDERON
CORPERNICO
CORTE
COTACACHI
CUACTEMO
CUERO
CUEVA DE LOS TAYOS
CULEBRILLAS
CUMANA
CUMANDA
CURICOCHA
CUZCO
D. BARROSO
D. TORRES
DAMIAN GOMEZ
DANIEL A. CAÑIZARES
DANIEL ALVARADO
DANIEL CORDOVA TORAL
DANIEL FERNANDEZ DE CORDOVA
DANIEL HERMIDA
DANIEL PALACIOS
DANIEL RIOS 
DANIEL TORAL MALO
DANIEL TORAL VELEZ
DANIEL VALVERDE
DAQUILEMA
DARIO R.  ASTUDILLO
DAVID GUITIERREZ AVILES
DE LA ALBAHACA
DE LA BANDERA NACIONAL
DE LA BOCINA
DE LA CARRETERAS
DE LA COLINA
DE LA COLONIA
DE LA CONCERTINA
DE LA CRUZ
DE LA ESPADAÑA
DE LA ESPARRAGUERA
DE LA FLAUTA
DE LA GENCIANA
DE LA GREVILLA
DE LA HIGUERILLA
DE LA LLICELA
DE LA MANZANILLA
DE LA MISION GEODESICA
DE LA MORENA
DE LA OCARINA
DE LA OPERA
DE LA PAJARA PINTA
DE LA PASIFLORA
DE LA PELOTA NACIONAL
DE LA PEÑA
DE LA PIMIENTA
DE LA QUEBRADA
DE LA QUENA
DE LA REINA CLAUDIA
DE LA SINFONICA
DE LA VAINILLA
DE LA VALERIANA
DE LA VERBENA
DE LAS ALCABALAS
DE LAS AZUCENAS
DE LAS CANDONGAS
DE LAS CARAS
DE LAS CARRETAS
DE LAS CARRETERAS
DE LAS DALIAS
DE LAS ESPECIAS
DE LAS HIEDRAS
DE LAS JOYAPAS
DE LAS LADERAS
DE LAS LIMAS
DE LAS LLAMADAS
DE LAS LUCES
DE LAS MARGARITAS
DE LAS POMAROSAS
DE LAS RETAMAS
DE LAS UVILLAS
DE LOS AJIES
DE LOS BALCONES
DE LOS COLORADOS
DE LOS COLUMPIOS
DE LOS CONQUISTADORES
DE LOS EUCALIPTO
DE LOS GERANIOS
DE LOS GLADIOLOS
DE LOS HUANCAVILCAS
DE LOS JAZMINES
DE LOS OLIVOS
DE LOS PALTAS
DE LOS PRIOSTES
DE LOS PURUHAES
DE LOS SAMBOS
DE LOS VILLANCICOS
DE LOS ZARZAS
DE PEDREGAL
DEL ABANICO
DEL ACORDEON
DEL AMAY
DEL ARPA
DEL ARTESANO
DEL ARUPO
DEL BABACO
DEL BANDONEON
DEL BOG
DEL CABILDO
DEL CABOGAN
DEL CAFE
DEL CAMPANARIO
DEL CEBOLLAR
DEL CEDRON
DEL CHAGUARQUERO
DEL CHILCHIL
DEL CHIROTE
DEL CHORRO
DEL CONCIERTO
DEL CONDOR
DEL CORREGIDOR
DEL EDIL
DEL ENCOMENDERO
DEL ESCUDO NACIONAL 
DEL FAROL
DEL FICO
DEL INGENIERO
DEL LIRIO
DEL MARQUES
DEL MOLINO
DEL MORRO
DEL OBRERO
DEL OIDOR
DEL PALO ENCEBADO
DEL PEDREGAL
DEL REBOZO
DEL ROLLO
DEL ROSEDAL
DEL SAUCE
DEL SILBAN
DEL SOL
DEL TOBOGAN
DEL VALS
DEL VARAYO
DESCARTES
DIEGO BARROS
DIEGO DE TAPIA
DIEGO VELASQUEZ
DIEZ DE AGOSTO
DOCE DE OCTUBRE
DOLORES CACUANGO
DOLORES VINTIMILLA
DOMINGO ASTUDILLO
DOMINGO SAVIO
DORITA CANELOS
DUCHICELA AUTACHI
DUITAMA 
DULCAMARA
E VELASCO
E. CARDOSO
MOSCOSO SERRANO
EDUARDO CEVALLOS
EDUARDO CRESPO
EDUARDO MALO
EDUARDO REYES
EINSTIEN
EISTEIN
EL CALVARIO
EL CONDOR
EL GRECO
EL NOPAL
EL OBSERVADOR
EL PARAISO
EL SALADO
EL SALVADOR
EL TABLON
ELIAT LIUT
ELOY A. CAMPOS GARCES
ELOY AVILA
EMILIANO ZAPATA
EMILIO ABAD AGUILAR
EMILIO AREVALO
EMILIO ESTRADA
EMILIO LOPEZ ORTEGA
ENRIQUE ESPIN
ENRIQUE FELIX VASQUEZ PACHECO
ENRIQUE GIL GILBERT
ENRIQUE HINOJOSA
ENRIQUE MALO ABAD
BELLAVISTA
LOS ANGELES
ENTRADA A CELEC
ENTRADA A NERO
CEBOLLAR
CAMPANARIO
PLUTARCO
EPICLACHIMA
ERNESTO ALBAN GOMEZ
ERNESTO ALVAREZ
ERNESTO LOPEZ
ERNESTO MUÑOZ BARRERO
ERNESTO MUÑOZ MORA
ESCALERAS
ESCALINATAS DE BELLAVISTA
ESCUADRON CEDEÑO
ESCULTOR AYABACA
ESPADAÑA
ESPAÑA
ESQUINA CETAD
PATAMARCA
ESTADIO ALIANZA
ESTEVES DE TORAL
EUCALIPTOS
EUCLIDES
EUGENIO CORRAL M
EUGENIO ESPEJO
EZEQUIEL CALLE PESANTES
EZEQUIEL MARQUEZ
F. CARRASCO
F. PAZAN
FACINTO FLORES
FASAYÑAN
FEDERICO CHOPIN
FEDERICO GUERRERO
FEDERICO MALO
FEDERICO PROAÑO
FELIPE II
FELIPE SERRANO
FELIX MORA
FERMIN CEVALLOS
FERNANDO DE ARAGON
FERNANDO DE ROJAS
FERNANDO LOPEZ GOMEZ
FERNANDO MALO CORDERO
FICO
MENENDEZ
NARANCAY BAJO
ESTOCOLMO
PARIS 
VERSALLES
FLORENCIA ASTUDILLO
FLORENCIO ARIZAGA
FRANCISCA DAVILA
FRANCISCCO MOSCOSO
FRANCISCO AGUILAR
FRANCISCO BELTRAN
FRANCISCO CALDERON
FRANCISCO CHILCHE
FRANCISCO CISNEROS
FRANCISCO CORREA HEREDIA
FRANCISCO CORREA RAMIREZ
FRANCISCO CUELLO
FRANCISCO CUETO
FRANCISCO DAVILA
FRANCISCO DE JEREZ
FRANCISCO DE ORELLANA
FRANCISCO DE QUEVEDO
FRANCISCO ILLESCAS
FRANCISCO JEREZ
FRANCISCO MARIA DE FRIAS
FRANCISCO PATIÑO LARA
FRANCISCO PIZARRO
FRANCISCO RAMIRES
FRANCISCO TAMARIZ
FRANCISCO TRELLES
FRANCISICO DE ORELLANA
FRAY A. DE MARCHENA
FRAY GOMEZ DE MOSCOSO
FRAY JUAN PEREZ
FRAY LUIS  DE LEON
FRAY VICENTE SOLANO
G ENRIQUEZ
G ROBLES
G. ESCUDERO
GABRIEL MIRO
GABRIEL SANCHEZ
GALILEO
GALTE
GARCIA MORENO
GARCILASO DE LA VEGA
GASPAR DE GALLEGOS
GASPAR SANGURIMA
GENERAL CORDOVA
ELOY ALFARO
GENERAL FRANCO
GENERAL MIRES
GENERAL TORRES
GERARDO MERCHAN TINOCO
GIGANTONES
GIL RAMIREZ DAVALOS
GIOVANI CALLES
GIRON
GLADIOLOS
GONALO ZALDUMBIDE
GONZALEZ SUAREZ
GONZALO DE PINEDA
GONZALO DIAZ DE PINEDA
GONZALO ZALDUMBIDE
GORIVAR
GRAN COLOMBIA
GRANADA
GREGORIO MARAÑON
GUACAYÑAN
GUADALAJARA
GUADALUPE LARRIVA GONZALEZ
GUAGUA ZHUMI
GUAPONDELIG
GUATANA
GUAYACAN
GUAYLLABAMBA
GUILLERMO TALBOT
GUSTAVO LEMUS
GUSTAVO ORCES
GUTIERREZ DE SANTA CRUZ
GUZHO
H. CORCHERO
H. CORDERO
H. SALVADOR
HIPOCRATES
HELSISKI
HERMANO LEO PULLA
HERMANO MIGUEL
HERMANO MIGUEL  
T. DORAN
HERNAN COELLO
HERNAN CRESPO TORAL
HERNAN LEOPULLA
HERNAN MALO
HERNANDO DE LA CRUZ
HERNANDO DE MAGALLANES
HERNANDO LEOPULLA
HEROES DE VERDELOMA 
HEROES DEL CENEPA
HEROES DEL PORTETE
HIGUERILLA
HIMNO NACIONAL
HONORATO C
HONORATO C. VALDIVIESO
HONORATO LOYOLA
HONORATO VASQUEZ
HORNILLOS
HUACOPO
HUALCOPA
HUALCOPO
HUANCAVILCAS
HUASCAR
HUASCARAN
HUASIPICHANA
HUASIPUNGO
HUAYNA CAPAC
HUIRACOCHA
HUMBERTO CORDERO
HUMBOLDT
IBERIA
IGNACIO CORTAZAR LABAYEN
ILINIZA
ILLIMANI
IMBAYA
INES SALCEDO
INGA VELEZ
INGAPIRCA
EDMUNDO UGALDE
PAQUISHA
INTIÑAN
ISAAC ALBENIZ
ISAAC NEWTON
ISABEL LA CATOLICA
ISABEL TAMARIZ TORAL
ISACC ALBENIZ
ISAURO RODRIGUEZ
ISIDRO AYORA
IVAN SALGADO
IÑAQUITO
J DE MERIZALDE
J MORENO
J. ABAD
J. CARRERA ANDRADE
J. MARIA EGAS
J. PEÑAFIEL
J. PINTO
J.CORRAL
JAIME ROLDOS
JAMBELI
JANUARIO PALACIOS
JARAMILLO LEON
JAVIER LOYOLA
JERONIMO CARRION
JESUS ARRIAGA
JESUS DAVILA
JESUS JIMENES
JIJON
JOAQUIN ASTUDILLO
JOAQUIN GALARZA
JOAQUIN MALO
JONATHAN STRAUSS
JORGE BURBANO
JORGE GUERRERO CAMILLA
JORGE ICAZA
JOSE ALEJANDRO EGUEZ
JOSE ANDRADE ARIZAGA
JOSE ARIZAGA
JOSE ASTUDILLO
JOSE B. BURBANO
JOSE BUSTAMANTE
JOSE DE ACOSTA
JOSE DE CARDENAS
JOSE DE LA CUADRA
JOSE ESCUDERO
JOSE FAJARDO
JOSE FELIX CHACON
JOSE FELIX GONZALES
JOSE JOAQUIN DE OLMEDO
JOSE MANUEL ORMAZA
JOSE MARIA URBINA
JOSE MARIA VELAZCO IBARRA
JOSE MOGROVEJO
JOSE PERALTA
JOSE R BURBANO
JOSE R. BERNAL
JOSE RODRIGUEZ PERALTA
JOSE SALVADOR
JOSE VASCONCELOS
JOSE ZORRILLA
JUAN  DE SALAZAR
JUAN  JOSE FLORES
JUAN AGUILAR
JUAN BAUTISTA
JUAN CABRERA
JUAN COLOMA
JUAN CUEVA JARAMILLO
JUAN DE NARVAEZ
JUAN DE SAMA
JUAN DE SENIERGUES
JUAN DE VELASCO
JUAN IÑIGUEZ
JUAN JARAMILLO
JUAN JOSE FLORES
JUAN LAVALLE
JUAN LEON MERA
JUAN LOPEZ TORMALEO
JUAN MONTALVO
JUAN STROBBEL
JUAN TENECELA
JUEGO DE DAMAS
JUEGO DE LA PALLCA
JUEGO DE LAS CANICAS
JUEGO DE LOS PIROPOS
JUEGO DEL BALERO
JUEGOS PIROTECNICOS
JULIO ARIZAGA
JULIO JARAMILLO
JULIO VINUEZA
JUMANDI
JUVENTINO VELEZ
KULLA
KURT DORFZAUN
L TORAL
L. ABAD
L. CORDERO
LA CASTELLANA
LA COMPAÑIA
LA CONDAMINE
LA GASCA
LA NIÑA
LA PINTA
LA RABIDA
LA REPUBLICA
LA TORREDORA
LA UNION
LAS CAYAPAS
LAS COMETAS
LAS GARZAS
LAS GOLONDRINAS
LAS HERRERIAS
LAS HIEDRAS
LAS PALOMAS
LEON PIEDRA
LEONIDAS PLAZA GUTIERREZ
LEONOR ABAD HEREDIA
LEOPOLDO DAVILA CORDOBA
LEOPOLDO ESPINOZA
LEUCIPIO
LIMEÑOS
LINO BENITEZ
LIRIBAMBA
LIZARDO ABAD
LLANGANTIS
LLAVIUCO
LONDRES
LOPE DE ATIENZA
LOPEZ
LORENZO DE PADILLA
LORENZO PIEDRA
LOS ALAMOS
LOS ALISOS
LOS CACIQUES
LOS CANARIOS
LOS CAPULIES
LOS CEDROS
LOS CEREZOS
LOS CHUGOS
LOS CIPRESES
LOS CISNES
LOS CONQUISTADORES
LOS EUCALIPTOS
LOS FRESNOS
LOS GIRASOLES
LOS GORRIONES
LOS HORNOS
LOS LAURELES
LOS PENSAMIENTOS
LOS SHUARAS
LOS VILLANCICOS
LOS YUNGAS
LUIS A. PALACIOS
LUIS ALCIVAR
LUIS BENIGNO
LUIS C. JARAMILLO
LUIS CARLOS JARAMILLO
LUIS CORDERO
LUIS CRESPO ORDOÑEZ
LUIS DE LA CERDA
LUIS FIDEL BERMEO
LUIS GODIN
LUIS GUILLERMO PEÑA DELGADO
LUIS JARAMILLO
LUIS LARREA ALBA
LUIS LOYOLA GRACIA
LUIS MALDONADO
LUIS MALO VALDIVIEZO
LUIS MARIO RODRIGUEZ
LUIS MONSALVE
LUIS MORENO MORA 
LUIS PAUTA R
LUIS ROBALINO DAVILA
LUIS SANCHEZ
LUIS SARMIENO
LUIS VELEZ ALVAREZ
LUISA GOMEZ DE LA TORRE
M LARREA
M SUARES
M SUAREZ
M. GALVEZ
M. PANGOL
M. QUINDE
M. TORRESCO
MACAS
MACCHU PICCHU
MADRID
MALTA CAPAC
MAMA OCLLO
MANCO CAPAC
MANTENSE
MANUEL ABAD
MANUEL ANTONIO MUÑOZ BORRERO
MANUEL BALAREZO COBOS
MANUEL CORDERO
MANUEL CORDOVA GALARZA
MANUEL CRESPO MALO
MANUEL DAVILA
MANUEL DE FALLA
MANUEL ELOY GALARZA
MANUEL ESPINOZA
MANUEL EUGENIO CARRASCO
MANUEL FARFAN
MANUEL FERNANDEZ DE CORDOVA
MANUEL GUERRERO
MANUEL J CALLE
MANUEL MALO CRESPO
MANUEL MARIA BORRERO
MANUEL MARIA ORTIZ
MANUEL MORENO MORA
MANUEL MORENO SERRANO
MANOEL ALEJANDRO NIVELO
MANUEL ORDOÑEZ
MANUEL PAREDES
MANUEL PLAZA
MANUEL SEMINARIO SAENZ DE TEJADA
MANUEL TENORIO LAZO
MANUEL VEGA
MANUELA GARAICOA DE CALDERON
MARAGRITA TORRES
MARCIA ULLUARI SANCHEZ
MARCO TULIO ERAZO
MARFIL
MARGARITA TORRES
MARGRITA TORRES
MARIANO CUEVA
MARIANO ESTRELLA
MARIANO VEINTIMILLA
MARISCAL LAMAR
MARISCAL SUCRE
MARTINA DE OLBA
MARTINEZ GUERRERO
MARTINEZ MENA
MARTINEZ MERA
MATIAS DE GAVIRIA
MATILDE GARCIA
MATILDE HIDALGO DE PROCEL
MAX KONANZ
MAX UHLE
MEDARDO A. SILVA
MEDARDO TORRES OCHOA
MELCHOR DE AYMERICH
MENENDEZ
MENTA
MERCED
MERCEDES POZO DE TORAL
MERCEDES QUINDE
MIGUEL ANGEL ESTRELLA
MIGUEL CABASCANGO
MIGUEL CORDERO CRESPO
MIGUEL CORDERO DAVILA
MIGUEL DE SANTIAGO 
MIGUEL DIAZ
MIGUEL FERNANDEZ DE CORDOVA
MIGUEL FRANCO
MIGUEL GIL MALO
MIGUEL HEREDIA
MIGUEL MALO GONZALES
MIGUEL MOLINA CALLE
MIGUEL MORENO
MIGUEL MOROCHO
MIGUEL ORAMAS
MIGUEL ORTEGA ALCOCER
MIGUEL PEÑA
MIGUEL REÑA JARAMILLO
MIGUEL TENORIO M.
MIGUEL ULLAURI
MIGUEL VELEZ
MIGUEL VELEZ
RAMON BORRERO
MILCHICHIG
MIRAFLORES
MIRTO
MODESTO LARREA
MOLLEPONG
MOLLOBAMBA
MORENO
MOSCU
MUÑOZ VERNAZA
NARANCAY
NAZCA
NICANOR CARPIO
NICANOR CRESPO
NICANOR MERCHAN
NICOLAS DE ROCHA
NICOLAS SOJAS
NUÑO DE  VALDERRAMA
OBISPO ALBERTO ORDOÑEZ CRESPO
OBISPO MIGUEL LEON
OBISPO ORDOÑEZ CRESPO
OCTAVIO CORDERO
OCTAVIO DIAZ
OCTAVIO OCHOA O
OLAF HOLM
OLIMPIA
ONITCHENKO
OPERA
ORDOÑEZ LASSO
OSMARA DE LEON
OSO HUAYCO
OSWALDO MORENO HEREDIA
OTAVIO CORDERO
OTTO AROSEMENA
OVATAÑA
OYAMBARO
VICENTE MALDONADO
P. COCHA
P. PALACIO
CAYAMBE
SININCAY
PABLO PICASSO
PACHACAMAC
PACHACUTEC
PACIFICO GUAMAN
PADRE AGUIRRE
PADRE BELISIANO ARCE
PADRE JULIO MATOVELLE
PADRE MONROY
PAJAN
PALMERAS
PALTAN
PAMPITE
PAN DE AZUCAR
PANAMERICANA TRONCAL DE LA SIERRA
PANUPALI
PAQUISHA
PAREDONES
PARIS
PARMENIDES
PASAJE DEL PARAISO
PASAJE MORENO MORA
PASAJE PAUCARBAMBA
PASAJE PRIMERO DE MAYO
PASAJE SOJOS
PASAJE YANUNCAY
PASEO  JULIAN MATADERO
PASEO 27 DE FEBRERO
PASEO DE GUATANA
PASEO DE MILCHICHIG
PASEO HUAGRAHUMA
PASEO JULIAN MATADERO
PASEO MILCHICHIG
PASEO RIO BURGAY
PASEO RIO COLLAY
PASEO RIO GIRON
PASEO RIO JADAN
PASEO RIO NEGRO
PASEO TRES DE NOVIEMBRE
PASEO RIO TOMEBAMBA
PASTAZA
PATOQUINOAS
PAUCARBAMBA
PAUL MARGGRAFF
PAULINO ORDOÑEZ
PAYCABAMBA
PEDRO ARIAS
PEDRO BERREZUETA
PEDRO BOUGER
PEDRO CAJAS DE AYALA
PEDRO CARBO
PEDRO DE ALVARADO
PEDRO FERMIN CEVALLOS
PEDRO GARCIA DE VERA
PEDRO JANNER
PEDRO LOPEZ ARGUDO
PEDRO MARQUEZ
PEDRO MARTINEZ DE ARIZALA
PEDRO MUELLES
PEDRO PUELLES
PEDRO STA.CRUZ
PEDRO TAFUR
PEDRO VELASCO
PEQUEÑA ENTRADA
PEREJIL
PILLAHUAZO
PIMAMPIRO
PIMIENTA
PINTAG
PIZAR CAPAC
PLAZA GUTIERREZ
PLAZA OTORONGO
PLOVDIV 
PLUTARCO
POMPEYA
POMPILIO ORELLANA
POPAYAN
POROTILLOS
PORTILLOS
PRESIDENTE BORRERO
PRESIDENTE ROCAFUERTE
PRIMERO DE MAYO
PRINCESA PACHA
PSJE. PERESPATA
PUCACOCHA
PUCUHAYCU
PUENTE DEL VADO
PUENTE DEL CAMAL
PUENTE EL VADO
PUENTE VERDE
PUERTO DE PALOS
PUYO
QUILLAÑAN
QUILLINDAÑA
QUILOTO
QUINTA PATAMARCA
QUINTILLAN
QUIPAYPAN
QUIS QUIS
QUIS QUIS
QUITO
R. ANDRADE
R. COYAL
R. HUERTA
RADIO TAXI MIRAFLORES
RAFAEL AGUILAR
RAFAEL ESTRELLA
RAFAEL ROMERO
RAFAEL SALAS
RAFAEL TORRES BELTRAN 
RAFAEL VILLAGOMEZ BORJA
RAINERO CASANOVA
RAMAYANA
RAMON BORRERO
RAUL ANDRADE
RAYOLOMA
REDONDEL DE LA UDA
REDONDEL JOSE PERALTA
REDONDER 3 PUENTES
PERPENDICULAR AMSTERDAM 
VIVERO LAS CAMELIAS
REGIDOR HIDALGO
REINA CLAUDIA
REINO DE QUITO
REMIGIO ASTUDILLO
REMIGIO CRESPO TORAL
REMIGIO MACHUCA
REMIGIO ROMEROPADRE
REMIGIO TAMARIZ
RENACIENTE
RESTAURANTE CUEVA DEL CASTILLO
RESTAURANTE PICO DE GALLO
REYKIAVIK
RICARDO CORDERO
RICARDO MARQUEZ
AV. RICARDO MUÑOZ DAVILA
RIOBAMBA 
ROBERTO AGUILAR
ROBERTO CRESPO TORAL
ROBERTO ESPINOZA ALBAN
ROCA SINCHE
RODRIGO ARIAS DE MANCILLA
RODRIGO PALACIOS
ROMULO MARQUEZ
ROSENDO LOPEZ DIEZ
RUMI URCO
RUMILOMA
RUMIPAMBA
RUMIÑAHUI
SAGEO
SALADO
SALTO A LA SOGA
SALVADOR DE MADARIAGA
SALVADOR JARA BERMEO
SALVADOR PEDROZA
SAN BLAS
SAN JOSE LA CALZADA
SAN MARINO
SAN PABLO DEL LAGO
SAN ROQUE
SAN SILVESTRE
SANAN CAJAS   
SANDES
SANGAY
SANTA CATALINA DE SIENA
SANTA TERESA
SANTANDER
SARA URCO
SARAS
SEBASTIAN BATCH
SEBASTIAN LUIS ABAD
SEGOVIA
SENECA
SERENAT
SEVILLA
SICALPA
SILBAN
SIMON BOLIVAR
SIN SALIDA
PALO ENCEBADO
SOCABON
SOCRATES
SOFIA
SOFOCLES
SOLANO
STA. MARIA
SUAREZ
MIGUEL HEREDIA
SUBIDA AL CHORRO
SUCRE
SUCUMBIOS
SUMACO
SUROCUCHO
T. RENDON
TABARE
TADEO TORRES
TALES DE MILENIO
TARQUI
TARQUINO BORRERO
TARQUINO CORDERO
TARQUINO MARTINEZ
TARREGA
TELEMACO
TEODORO JERVES NUÑEZ
TEODORO MALO
TEOTIHUCAN
THOMAS EDISON
TIMOLEON CARRERA
TIO CAJAS
TIOPULLO
TIRSO DE MOLINA
TOLEDO
TOMAS DE HERES
TOMAS EDISON
TOMAS ORDOÑEZ
TOMILLOS
TOREADORA
TORIBIO DE ORTIGUERA
TORREDORA
TOTORACOCHA
TRANSITO AMAGUAÑA
TRECE DE ABIL
TRONCAL DE LA SIERRA 
TULCAN
TUMBAMBIRO
TUMIPAMBA
TUNGURAHUA
TURUBAMBA
UCO
ULISES CHACON
UNION NACIONAL DE EDUCACION
UNION NACIONAL DE EDUCADORES
V. AGUILAR
VAINILLA
VALDIVIA
VALDIVIESO
VALENCIA
VALENTIN MARTINEZ
VARGAS MACHUCA
VARGAS TORRES
VASCO NUÑEZ DE BALBOA
VASRGAS MACHUCA
VEGA MUÑOZ
VELASCO ESCULTOR
VERBENA
VERSALLES
VIA A CHECA
VIA A PACCHA
VIA A SAN JOAQUIN
VIA A SAN JOSE
VIA A SAN PABLO
VIA AL CRS
VIA AL VALLE
VIA CUENCA MOLLETURO
VIA CUENCA MOLLETURO NARANJAL
VIA MONAY
VIA MONAY BAGUANCHI
VIA MONAY BAGUANCHI PACCHA
VIA PACCHA
VIA RAYOLOMA
VIA SAN AGUSTIN
VICENTE ALVARADO
VICENTE ESCANDON ASTUDILLO
VICENTE F. ALVARADO
VICENTE GONZALES RODRIGUEZ
VICENTE PACHECO
VICTOR BARRERA V
VICTOR J ESPINOSA
VICTOR LEON BELTRAN
VICTOR LLORET
VICTOR TINOCO CHACON
VICTORIA DEL PORTETE
VIEJA A OCHOA LEON
VILLALOBOS
VIRACOCHABAMBA
VIRGINIA MUÑOZ VERNAZA
VIVALDI
VIVERO LAS CAMELIAS
VÌA SAN AGUSTIN
YAGUARCOCHA
YAMBO
YANA URCO
YANAHURCO
YARUQUI
YAUPI
YEROBI
ZAPAROS
