10  DE AGOSTO
12 DE OCTUBRE
24 DE MAYO
25 DE MARZO
3 DE NOVIEMBRE
5 DE JUNIO
A SAN JOAQUIN
A. BELTRAN
A. MONTALVO
A. TAMARIZ
A. UCHOLOMA
A. VEGA
ABDON CALDERON
ABRAHAM SARMIENTO
AGUSTIN CRESPO HEREDIA
ALBERTO ALVARADO COBOS
ALBERTO MUÑOZ
ALBERTO SEMANATE
ALBINO DEL CURTTO
ALEXANDER FLEMING
ALFONSO ANDRADE
ALFONSO CUESTA
ALFONSO RIVERA NOVILLO
AMSTERDAM
ANGEL FIGUEROA
ANTONIO CARRILLO
ANTONIO MALO
ARISTOTELES
AURELIO MOSQUERA NARVAEZ
AV. DE LAS AMERICAS
AV. DE LOS MIGRANTES
AV. DEL CHOFER
AV. DEL TORIL
AVENIDA DE LOS MIGRANTES 
AVENIDA DEL TORIL
ABDON CALDERON
ABELARDO J. ANDRADE
ACHUPALLAS
ADOLFO PERALTA
ADOLFO TORRES
AGUARICO
AGUILAR
AGUSTIN CUESTA
AGUSTIN CUEVA
AGUSTIN AGUALONGO
AGUSTIN IGLESIAS
ALAUSI
ALBA CALDERON DE GIL
ALBERTO CORONEL
ALBERTO GUERRERO MARTINEZ 
ALBERTO MUÑOZ VERNAZA
ALBERTO PALACIOS
ALCABALAS
ALEJANDRO ANDRADE CORDERO
ALFONSO BORRERO
ALFONSO CORDERO
ALFONSO FIGUEROA TERREROS
ALFONSO JERVES
ALFONSO MALO
ALFONSO ORDOÑEZ MATA
ALFONSO PINZON
ALFREDO BAQUERIZO MORENO
ALFREDO ESPINOZA TAMAYO
ALFREDO MORA MONTESDEOCA
ALLCUQUIRO
ALONSO DAMASO
ALONSO DE CABALLERIA
ALONSO DE QUINTANILLA
ALONSO DE ZAMORA
ALTAR
ALTAR URCO
ALTIPLANO
AMAUTA
AMBATO
AMERICAS
AMERICO VERPUCIO
ANDES
ANDRES PEREZ DE LUNA
ANDRES BANEGAS
ANGAS
ANGEL MARIA ESTRELLA
ANGEL PAREDES
ANTIGUA PANAMERICANA
ANTISANA
ANTISUYO
ANTOMIO VALLEJO
ANTON DE SEVILLA
ANTONIA MOSQUERA
ANTONIO BORRERO VEGA
ANTONIO FARFAN
ANTONIO MACHADO RUIZ
ANTONIO MORENO ORTIZ
ANTONIO NEUMANE
ANTONIO PONS
ANTONIO RICAURTE
ANTONIO TAMARIZ
ANTONIO ULLOA
ANTONIO VALLEJO
ANTONIO VEGA MUÑOZ
ANTONIO DE NEBRIJA
ANTONIO DE SAN MIGUEL
ARAUCANA
ARIOLFO CARRASCO
ARIRUMBA
ARISTOTELES
ARMENILLAS
AROSEMENA TOLA
ARQUIMEDES
ARTURO CUESTA HEREDIA
ARTURO SALAZAR ORREGO
ARZ. POLIT LASSO
ARZOBISPO SERRANO ABAD
ASCENCIO PAUTA
ATAHUALPA
ATAUCOCHA
AURELIO AGUILAR
AURELIO FALCONI ZAMORA
AUTOPISTA
AV DE LA INDEPENDENCIA
AV DE LAS AMERICAS
AV. CUENCA-AZOGUES
AV. DE SALADO
AV. DE LAS AMERICAS.
AV. DE LOS ANDES
AV. DEL TEJAR
AV. DE LOS BABACOS
AV. DEL ALTIPLANO
AVENIDA DE LAS AMERICAS
AVENIDA DEL ESTADIO
AVILA 
AYACUCHO
AYAHUAYCA
AYAPUNGO
AYAR URCO
AZAHARES
AZOGUES
BATALLON PICHINCHA
BATALLON RIFLES
BATALLON VENCEDORES
BERLIN
BOSQUE
BRUMMEL
BUCAREST
BUDAPEST
BABRIEL MINO
BAGUANCHI
CONDAMINE
BAJADA DE TODOS SANTOS
BAJADA DEL VADO
BALCONES
BALTAZAR DE CALDERON
BAR OLD CULTURE
BARCAROLA
BARCELONA
BARTOLOME DE LAS CASAS
BATALLON NUMANCIA
BELISARIO ANDRADE
BEN-HUR
BENIGNO MALO
BENIGNO PALACIOS
BENIGNO VELA
BENJAMIN DE LA CADENA
BENJAMIN DE LA CUADRA
BERCEO
BERNARDO DE LEGARDA
BETHOVEN 
CALLE DE LA OPERA
BOMBOIZA
BONICATTI
BOYACA
BUERAN
BUGANVILLA
BUTAN
CARABOBO
DIEGO BARROS
DIEGO BARROSO
GUABISAY
JACINTO JIJON
JARAMIJO
JORGE JUAN
JUEGO DE AJEDREZ
MENENDEZ
MIGUEL ALBERTO TORAL
PRINCESA
RIO DE LA PLATA
TORIBIO DE ORTIGUERA
YEROBI
C DE LA BODOQUERA
C DE LAS OLLAS ENCANTADAS
C DE LAS COMETAS
C DE LAS ESCONDIDAS
CLAVELES
C DEL LIRIO
C DEL TUCUMA
JUEGO DE LOS PIROPOS
ALAUSI
ALFONSO BORRERO
ANATOLE BAMAS
ANATOLE BAMPS
ARZOBISPO SERRANO ABAD
AZOGUES
BARTOLOME RUIZ
CARLOS ENCALADA
DANIEL RIOS 
LUIS ALCIVAR
DEMOCRITO
DAQUILEMA
DIEGO DE DAZA
E. CARDOSO
FRANCISCO RAMIRES
GUABISAY
GABRIEL VALDIVIEZO
GONZALO PIZARRO
GUARANDA
HERMANO MIGUEL  T. DORAN
JESUS JIMENES
JOAQUIN ASTUDILLO
JORGE CARRERA ANDRADE
JUAN CABRERA
LUIS VELEZ ALVAREZ
LUIS VELES ALVARES
LUIS VELES ALVAREZ
MANUEL ABAD
MANUEL GUERRERO
MARIANO VEINTIMILLA
MIGUEL ALBERTO TORAL
NICOLAS SOJAS
OBISPO ALBERTO ORDOÑEZ CRESPO
OBISPO CARRION
OBISPO JUAN DE ESCANDON
OSMARA DE LEON
PALMERAS
QUILLAN
RENACIENTE 
ROSA VIRGINIA MORENO MORA
RIOBAMBA
C. DE LAS MARGARITAS
C. DE LAS COMETAS
C. DE LAS ESCONDIDAS
C. DE LOS CLAVELES
C. DE LOS CONQUISTADORES
C. DE LOS AROS
C. DE LOS COLUMPIOS
C. DEL LIRIO
C. DEL PALTAN
C. DEL PATAN
C. DEL PEREJIL
C. DEL SALAR
C. DEL SARAR
C. DEL TOBOGAN
C. DEL TRES EN RAYA
C. DEL TUCUMAN
JUEGO DE AJEDREZ
LOS CONQUISTADORES
LOS CPNQUISTADORES
PALO ENCEBADO
RIO DE LA PLATA
TRES EN RAYA
DIEGO DE DAZA
GONZALO PIZARRO
LOPEZ
ANTONIO VALDIVIESO
CALLE "DE LOS ARQUITECTOS"
CALLE "DEL ARQUITECTO"
CALLE "DEL CAMAL"
JAVIER MALDONADO
LOS CAPULIES
POMPILIO ORELLANA
UNIVERSIDAD DEL AZUAY
UNIVERSIDAD DEL AZUAY
CALLE A LADO FIT FACTORY
DARIO R.  ASTUDILLO
CALLE DE PUMAYUNGA
CALLE DE UCUBAMBA
CALLE DEL CAMAL
CALLE DEL CANCAN
PUCUHAYCU
SIN NOMBRE
SIN NOMBRE ( TIERRA )
SIN NOMBRE (DAV DENTAL)
SIN NOMBRE (ESCUELA DORA CANELOS)
SIN NOMBRE (HASTA LA ALTURA DE LA ENTRADA A CELEC)
SIN NOMBRE DE TIERRA
SIN NOMBRE FRENTE A " PLASTICENTRO" SOLO REFERENCIA DE GOOGLE MAPS
SIN NOMBRE FRENTE A " SHEIN CUE"
SIN RETORNO
URBANIZACIO N MENDIETA
VIEJA A OCHOA LEON
X JUEGOS BOLIVARIANOS
CAMINO A. LAZARETO
CARLOS FARFAN
CARTONERA DEL AUSTRO
CATAMBE ( SENTIDO ESTE -OESTE)
CAYAMBE
CESAR HERMIDA PIEDRA
CESAR PINOS
CM.LOPEZ
CORDILLERA DEL CONDOR
CORNELIO CRESPO TORAL
CORONEL C. MONSALVE
GUILLERMO TALBOT
REMIGIO MACHUCA
COTACACHI
CRISTOBAL COLON
CUBILCHE
CACIQUE CATEMU
CACIQUE CHAMBA
CACIQUE CHAPARRA
CACIQUE DUMA
CACIQUE CHAMBA
CAHUASQUI
CAICEDO
CAJABAMBA
CAJAMARCA
CAJAS
CALICUCHIMA
MORENO
ALFONSO JARAMILLO LEON
ALLCUQUIRO
AMAUTA
ANTISANA
ARMENILLAS
CAPULICAN
CARABOBO
CAUPULCAN
CAUPULICAN
CHAPARRO
CHAPULTEPEC
CHICAN
CHICHEN-ITZA
CHIGUGUA
CHONTAHUASI
CORDILLERA
CORONEL FRANCISCO CALDERON
COYA
CUACTEMO
D. TORRES
GIGANTONES
GUATANA
GUATAÑA
GUATAÑO
GUAYAS
GUSTAVO ORCES
H. CORCHERO
H. CORDERO
HIERBA BUENA
HIERBA LUISA
HUACAS
IMBAYA
INCA TOPARPA
J. ABAD
JARAMILLO LEON
JOSE MARIA RODRIGUEZ
KULLA
L. ABAD
L. CORDERO
CALLE LARGA
LATACUNGA
LOS SHUARAS
LUIS PASTEUR
LUMBAQUI
M. TORRESCO
MAMA OCLLO
MOLLEPONG
NAMANGOZA
NARRIO
NAZCA
OVATAÑA
PAJAN
PRINCESA
QUILLA
R. COYAL
RUMI URCU
RIO MALACATUS
RIO PAUTE
S/N
SIN NOMBRE
SIN RETORNO
TOTORACOCHA
TRECE DE ABIL
TRECE DE ABRIL
TUMBAMBIRO
UNION NACIONAL DE EDUCACION
V. AGUILAR
CALLE VIEJA /SILBAN
YARUQUI
BROADWAY
REINA CLAUDIA
DULCAMARA
HIERBA BUENA
HIERBA LUISA
MERCED
PIMIENTA
VAINILLA
MENTA
SERENAT
OPERA
LAS HERRERIAS
LAS HIEDRAS
LAS COMETAS
LOS ALISOS
LOS HORNOS
CALLE DE RETORNO
ACHIOTE
CALVARIO
HIMNO NACIONAL
CALLE DEL OREGANO
CALLE DEL RETORNO
CALLE DEL ROSAL
CALLE QUE SALE A LA AUTOPISTA
CALLE SIN RETORNO
CALLE VIEJA
CAM DE LAS PENCAS
CAM. VIEJO A BAÑOS
CAM. A SAN PEDRO DEL CEBOLLAR
CAM. DE LAS PENCAS
CAMAÑO
CAMILO EGAS
CAMILO PONCE
CAMINO SAN PEDRO DEL CEBOLLAR
CAMINO SANTA ANA
CAMINO VIEJO A TURI
CAMINO A RACAR
CAMINO A SAN PDERO DEL CEBOLLAR
CAMINO A SAN PEDRO
CAMINO A SAN PEDRO DEL CEBOLLAR
CAMINO A SININCAY
CAMINO A TURI
CAMINO A TURI.
CAMINO AL VALLE
CAMINO DE LAS PENCAS
CAMINO DEL VALLE
CAMPILO PONCE
CANTON GUALACEO
CANTON PAUTE
CANTON JOYA DE LOS SACHAS
CANTON NOBOL
CARAMBURO
CARDENAL PEDRO DE GONZALES
CARIGUARIAZO
CARIHUARIAZO
CARLO TERAN
CARLOS ABAD PIEDRA
CARLOS ABAD PRIEDRA
CARLOS BERREZUETA
CARLOS CORDOVA
CARLOS FERNANDEZ CORDOVA
CARLOS FERNANDEZ DE CORDOVA
CARLOS JOAQUIN TORRES GUZMAN
CARLOS MANUEL LARRERA
CARLOS MORALES VILLAVICENCIO
CARLOS ORELLANA LEON
CARLOS QUINTO
CARLOS RIGOBERTO VINTIMILLA
CARLOS ROSAS
CARLOS TERAN
CARLOS VELEZ
CARLOTA JARAMILLO
CARMELA MALO
CAROLINA
PANAMERICANA
PANAMERICANA TRONCAL DE LA SIERRA
CARTAGENA
CASHA LOMA
CASHALOMA
CASTELLANA
CDAD DE MACHALA
CDAD DE BABAHOYO
CELINANO MONGE
CESAR DAVILA ANDRADE
CHAGUARCHIMBANA
CHAPETOMES
CHAPETONES
CHILCAPAMBA
CHILCHE
CHILES
CHILOS
CHINCHASUYO
CHORRERA
CHORRERAS
CHUGCHILAN
COBILCHE
COCHAMAMA
COJITAMBO
COLLAHUAZO
COLLASUYO
COLO COLO
COLTA
COMPLEJO RESIDENCIAL CIUDAD DEL RIO
COPERNICO
COQUIMBO
CORDILLERA DE COLONCHE
CORDILLERA DE TOIZAN
CORNELIO MERCHAN
CORONEL TALBOT
CORPERNICO
CORTE
CORTE DE CALLE.
CORTE DE ESQUINA
COYA
CRISTOBAL COLON
CUBILCHE
CUERO
CUEVA DE LOS TAYOS
CULEBRILLAS
CUMANDA
CUMANA
CURICOCHA
CUZCO
CESAR DAVILA ANDRADE
CESAR TORRES FERNANDEZ DE CORDOVA
D. BARROSO
DANIEL A. CAÑIZARES
DANIEL ALVARADO
DANIEL CAÑIZARES 
DE LA ESPADAÑA
DE LA FDA
DE LA LLICELA
DE LAS AMERICAS
DE LAS CANDONGAS
DE LAS LUCES
DE LOS BALCONES
DEL CAMPANARIO
DEL CEBOLLAR
DEL MOLINO
DEL REBOZO
DEMOCRITO
DIEGO DE TAPIA
DOMINGO ASTUDILLO
DON BOSCO
DUITAMA 
DAMIAN GOMEZ
DANIEL CORDOVA TORAL
DANIEL FERNANDEZ CORDOVA
DANIEL FERNANDEZ DE CORDOBA
DANIEL FERNANDEZ DE CORDOVA
DANIEL HERMIDA
DANIEL PALACIOS
DANIEL TORAL MALO
DANIEL TORAL VELEZ
DANIEL VALVERDE
DAVID GUITIERREZ AVILES
DE LOS ANGELES
DE PEDREGAL
DE LA ALBAHACA
DE LA AUDIENCIA
DE LA BANDERA NACIONAL
DE LA BOCINA
DE LA CARRETERAS
DE LA COLINA
DE LA COLONIA
DE LA CONCERTINA
DE LA CRUZ
DE LA FLAUTA
DE LA GREVILLA
DE LA MANZANILLA
DE LA MORENA
DE LA OCARINA
DE LA PASIFLORA
DE LA QUEBRADA
DE LA QUENA
DE LA REINA CLAUDIA
DE LA SINFONICA
DE LA VALERIANA
DE LA VERBENA
DE LA MISION GEODESICA
DE LA MISION GOEDESICA
DE LA PAJATA PINTA
DE LA PELOTA NACIONAL
DE LA PIMIENTA
DE LA PAJARA PINTA
DE LA OPERA
DE LAS  CARAS
DE LAS ALCABALAS
DE LAS CARAS
DE LAS CARRETAS
DE LAS CARRETERAS
DE LAS DALIAS
DE LAS ESPECIAS
DE LAS LADERAS
DE LAS LIMAS
DE LAS MARGARITAS
DE LAS POMAROSAS
DE LAS POMAROSOS
DE LAS RETAMAS
DE LAS UVILLAS
DE LOS ANGELES
DE LOS COLORADOS
DE LOS GERANIOS
DE LOS GLADIOLOS
DE LOS HUANCARILCAS;
DE LOS HUANCAVILCAS
DE LOS HUNCAVILCAS
DE LOS JAZMINES
DE LOS PALTAS
DE LOS PRIOSTES
DE LOS PURUHAES
DE LOS SAMBOS
DE LOS ZARZAS
DE LOS COLOORADOS
DE LOS COLUMPIOS
DE LOS VILLANCICOS
DEL ACORDEON
DEL ARPA
DEL ARTESANO
DEL BOG
DEL BABACO
DEL BANDONEON
DEL CABILDO
DEL CABILDO 
DE LA AUDIENCIA
DEL CABOGAN
DEL CEDRON
DEL CHAGUARQUERO
DEL CHIROTE
DEL CHORRO
DEL CONCIERTO
DEL CONDOR
DEL CORREGIDOR
DEL EDIL
DEL ENCOMENDERO
DEL ESCUDO NACIONAL 
DEL FAROL
DEL FICO
DEL INGENIERO
DEL MAIZ
DEL MARQUES
DEL MAIZ
DEL MORRO
DEL OBRERO
DEL OIDOR
DEL PEDREGAL
DEL ROLLO
DEL SAUCE
DEL SILBAN
DEL SOL
DEL VALS
DEL VARAYO
DEL CAFE
DEL PALO ENCEBADO
DEL TOBOGAN
DEMOCRITO
DESCARTES
DESDE CAMPO SANTA ANA
DESDE IGLESIA
DESDE IGLESIA ABS 0+400 M
DESDE EL FINAL DE LA CALLE
DIEGO TAPIA
DIEGO VELASQUEZ
DIEZ DE AGOSTO
DOCE DE OCTUBRE
DOLORES CACUANGO
DOLORES VINTIMILLA
DOMINGO SAVIO
DON BOSCO
DORITA CANELOS
DUCHICELA AUTACHI
E VELASCO
E. MOSCOSO SERRANO
E. VELASCO
E.MOSCOSO SERRANO
EDUARDO CRESPO
EL GRECO
ENTRA AV. DE LAS AMERICAS
ENTRADA A BARRIO BELLAVISTA
ENTRADA A BARRIO LOS ANGELES
ENTRADA A CELEC
ENTRADA POR CALLE DEL CEBOLLAR
ENTRE CAMPANARIO
ENTRE CAYAMBE( NORTE-SUR)
ENTRE PLUTARCO
ERNESTO ALVAREZ
ESCUADRON CEDEÑO
ESCULTOR AYABACA
ESTACION DE SERVICIO "PATAMARCA"
ESTADIO ALIANZA
ESTEVES DE TORAL
ESTEVEZ DE TORAL
ESTOCOLMO
BRUSELAS
ESTOCOLMO
OSLO
FIN ESTOCOLMO
ESTOCOLMO
OSLO
FIN PARIS 
ALARGAMIENTO VIA DERECHA
EUGENIO CORRAL M
EDUARDO CEVALLOS
EDUARDO MALO
EDUARDO REYES
EINSTIEN
EISTEIN
EL CALVARIO
EL CONDOR
EL OBSERVADOR
EL PARAISO
EL SALADO
EL SALVADOR
EL TABLON
ELIAT LIUT
ELOY A. CAMPOS GARCES
ELOY AVILA
EMILIANA ZAPATA
EMILIANO ZAPATA
EMILIO ABAD AGUILAR
EMILIO AREVALO
EMILIO ESTRADA
EMILIO LOPEZ ORTEGA
ENRIQUE ESPIN
ENRIQUE FELIX VASQUEZ PACHECO
ENRIQUE GIL GILBERT
ENRIQUE HINOJOSA
ENRIQUE MALO ABAD
ENTRADA RESTAURANTE LA CABAÑAS
ENTRADA A NERO
ERNESTO ALBAN GOMEZ
ERNESTO LOPEZ
ERNESTO MUÑOZ BARRERO
ERNESTO MUÑOZ MORA
ESCALERAS
ESCALINATA DE BELLAVISTA
ESCALINATAS DE BELLAVISTA
ESPADAÑA
ESPAÑA
ESQUINA CETAD
ESTEVEZ DE TORAL
EUCALIPTOS
EUCLIDES
EUGENIO ESPEJO
EZEQUIEL CALLE PESANTES
EZEQUIEL MARQUEZ
F. CARRASCO
F. PAZAN
FACINTO FLORES
FERNANDO LOPEZ GOMEZ
FIN DE TRAMO PAVIMENTADO DE LAS AV. DE LOS MIGRANTES
FIN VERSALLES
FLORENCIO ARIZAGA
FRANCISCCO MOSCOSO
FRANCISCO CUELLO
FRANCISCO CUESTA
FRANCISCO CUETO
FRANCISCO JEREZ
FRANCISCO PATIÑO LARA
FRAY DE LUIS DE LEON
FRAY LUIS  DE LEON
FRAY LUIS DE LEON
FRAY VICENTE SOLANO
FASAYÑAN
FAYSAÑAN
FEDERICO GUERRERO
FEDERICO MALO
FEDERICO PROAÑO
FELIPE II
FELIPE SERRANO
FELIX MORA
FERMIN CEVALLOS
FERNANDO ARAGON
FERNANDO MALO CORDERO
FERNANDO DE ARAGON
FERNANDO DE ROJAS
FICO
FIN (QUINTA NARANCAY)
FIN AREA
FIN DE CALLE
FIN DE CAMINO
FIN DE LA CALLE MENENDEZ
FIN DE ZONA NARANCAY BAJO
PALO ENCEBADO
FLORENCIA ASTUDILLO
FRAMCISCO DE ORELLANA
FRANCISCA DAVILA
FRANCISCO AGUILAR
FRANCISCO BELTRAN
FRANCISCO CALDERON
FRANCISCO CHILCHE
FRANCISCO CISNEROS
FRANCISCO CISNETOS
FRANCISCO CISNROS
FRANCISCO CORREA HEREDIA
FRANCISCO CORREA RAMIREZ
FRANCISCO CUESTA
FRANCISCO DAVILA
FRANCISCO ILLESCAS
FRANCISCO MARIA DE FRIAS
FRANCISCO PIZARRO
FRANCISCO TAMARIZ
FRANCISCO TRELLES
FRANCISCO DE JEREZ
FRANCISCO DE ORELLANA
FRANCISCO DE QUEVEDO
FRANCISICO DE ORELLANA
FRAY A. DE MARCENA
FRAY A. DE MARCHEMA
FRAY GOMEZ DE MOSCOSO
FRAY JUAN PEREZ
FRAY LUIS DE LEON
G ENRIQUEZ
G ROBLES
G. ESCUDERO
GABRIEL MIRO
GARCILASO DE LA VEGA
GASPAR DE GALLEGOS
GASSEL
GONZALEZ SUAREZ
JOSE MARIA URBINA
GUAPONDELIG
GUITIERREZ DE SANTA CRUZ
GUTIERREZ DE SANTA CRUZ
GABRIEL GARCIA MORENO
GABRIEL SANCHEZ
GABRIEL VALDIVIEZO
GAITE
GALAPAGOS
GALILEO
GALLILEO
GALTE
GALAPAGOS
GARACIA MORENO
GARCIA MORENO
EPICLACHIMA
GASPAR SANGURIMA
GASSET
GENERAL CÒRDOVA 
GENERAL CORDOVA
GENERAL ELOY ALFARO
GENERAL FRANCO
GENERAL MIRES
GENERAL MIRES 
GENERAL TORRES
GERARDO MERCHAN TINOCO
GERONIMO CARRION
GERONNIMO CARRION
GIL RAMIREZ DAVALOS
GIOVANI CALLES
GIRON
GLADIOLOS
GONALO ZALDUMBIDE
GONZALEZ SUAREZ
GONZALO CORDERO DAVILA
GONZALO DIAZ DE PINEDA
GONZALO ZALDUMBIDE
GONZALO DE PINEDA
GONZALES SUAREZ
GONZALEZ SUAREZ
GORIVAR
GRAN COLOMBIA
GRAN CONSTRUCCION EN DESAROLLO
GRANADA
GREGORIO MARAÑON
BARTOLOME SERRANO
GUABISAY
GUACAYÑAN
GUADALAJARA
GUADALUPE LARRIVA GONZALEZ
GUAGUA ZHUMI
GUAPONDELIG.
GUAPONDELING
GUAPONGELIG
GUARANDA
GUAYACAN
GUAYAS
GUAYLLABAMBA
GUILLERMO CORONEL TALBOT
GUILLERMO CORONEL TALBOT (CONECTA CON LA AV 3 DE NOVIEMBRE)
GUSTAVO LEMUS
GUZHO
GONZALO CORDERO DAVILA
H. SALVADOR
HASTA EDIFICIO " SUIT DE SAN PEDRO"
HASTA HIPOCRATES
HELSISKI
HERNAN CRESPO TORAL
HERNANDO DE MAGALLANES
HUAYNACAPAC.
HUMBERTO CORDERO
HUMBOLDT
HEREOS DE VERDELONA
HERMANO LEO PULLA
HERMANO MIGUEL
HERNAN COELLO
HERNAN COELLO GARCIA
HERNANDO LEOPULLA
HERNANDO DE LA CRUZ
HERNAN LEOPULLA
HERNAN MALO
HEROES DEL PORTETE
HIGUERILLA
HONORATO C. VALDIVIESO
HONORATO LOYOLA
HONORATO VASQUEZ
HORNILLOS
HUACAS
HUACOPO
HUALCOPA
HUALCOPO
HUANCAVILCAS
HUASCARAN
HUASIPICHANA
HUASIPINCHANA
HUASIPUNGO
HUAYNA CAPAC
HUIRACOCHA
HUMBERTO ALBORNOS
HUMBERTO ALBORNOS
HURTADO DE MENDOZA
HURTADO DE MENDOZA
HUASCAR
HEROES DE VERDELOMA 
HEROES DEL CENEPA
IGLEISA CATOLICA "CORAZON DE JESUS DE RICAURTE"
IGNACIO CORTAZAR LABAYEN
IGNACIO CORTAZAR LABOYEN
IGNACIO CORTAZAR LOBOYEN
INICIO DE LA CALLE EDMUNDO UGALDE
INICIO PAQUISHA
ISABEL LA CATOLICA
IBARRA
IBERIA
IGLESIA GUZHO
IGLESIA DE RAYOLOMA
ILINIZA
ILLIMANI
INCA TOPARPA
INES SALCEDO
INGA VELEZ
INGAPIRCA
INICIO DE LA CALLE
INTERSECCION VIA SAN AGUSTIN
INTIÑAN
ISAAC ALBENIZ
ISAAC NEWTON
ISABEL TAMARIZ TORAL
ISACC ALBENIZ
ISAURO RODRIGUEZ
ISIDRO AYORA
IVAN SALGADO
IÑAQUITO
J DE ELVIA
J DE MERIZALDE
J MORENO
J DE EVIA
J. CARRERA ANDRADE
J. MARIA EGAS
J. PEÑAFIEL
J. PINTO
J.CORRAL
JAVIER MALDONADO
JESUS DAVILA
JJ DE OLMEDO
JOAQUIN GALARZA
JOSE ASTUDILLO
JOSE ORGEGA
JOSE ORTEGA
JOSE ALEJANDRO EGUEZ
JOSE ZORRILLA
JUAN  DE SALAZAR
JUEGOS PIROTECNICOS
JULIO ARIZAGA
JULIO TORRES
JACINTO JIJON
JAIME ROLDOS
JAMBELI
JANUARIO PALACIOS
JARAMIJO
JAUN JARAMILLO
JAVIER LOYOLA
JERONIMO CARRION
JESUS ARRIAGA
JIJON
JOAQUIN MALO
JONATHAN STRAUSS
JORGE BURBANO
JORGE CARRERA ANDRADE
JORGE ICAZA
JORGE JUAN
JOSE ALVEAR
JOSE B. BURBANO
JOSE BANEGAS
JOSE BURBANO
JOSE ESCUDERO
JOSE FAJARDO
JOSE JOAQUIN DE OLMEDO
JOSE LOZANO
JOSE MARIA RODRIGUEZ
JOSE MARIA VELAZCO IBARRA
JOSE MOGROVEJO
JOSE PERALTA
JOSE R BURBANO
JOSE SALVADOR
JOSE DE ACOSTA
JOSÈ JOAQUIN DE OLMEDO
JOSE ALVEAR
JOSE ANDRADE ARIZAGA
JOSE ARIZAGA
JOSE BANEGAS
JOSE BURBANO
JOSE BUSTAMANTE
JOSE ESCUDERO P.
JOSE FELIX CHACON
JOSE FELIX GONZALES
JOSE JOAQUIN OLMEDO
JOSE LOZANO
JOSE M. ORTEGA M.
JOSE MANUEL ORMAZA
JOSE ORTEGA
JOSE R. BERNAL
JOSE RODRIGUEZ PERALTA
JOSE VASCONCELOS
JOSE ZORRILLA.
JOSE DE CARDENAS
JOSE DE LA CUADRA
JUAN  JOSE FLORES
JUAN AGUILAR
JUAN BAUTISTA
JUAN BAUTISTA STIEHLE
JUAN BAUTISTA VASQUEZ
JUAN BAUTISTA VASQUEZ
HONORATO C
VALDIVIESO
JUAN BAUTISTA VAZQUEZ
JUAN BUATISTA STIEHLE
JUAN COLOMA
JUAN CUEVA JARAMILLO
JUAN DE NARVAEZ
JUAN IÑIGUES V
JUAN IÑIGUEZ U
JUAN JARAMILLO
JUAN JOSE FLORES
JUAN LAVALLE
JUAN LEON MERA
JUAN LOPEZ TORMALEO
JUAN MONTALVO
JUAN STROBBEL
JUAN TENECELA
JUAN DE SAMA
JUAN DE SENIERGUES
JUAN DE VELASCO
JUAN DE VELAZCO
JUAN IÑIGUEZ V.
JUANN BAUTISTA
JUEGO DE DAMAS
JUEGO DE LA PALLCA
JUEGO DE LAS CANICAS
JUEGO DEL BALERO
JULIO JARAMILLO
JULIO TORRES
JULIO VINUEZA
JUMANDI
JUVENTINO VELEZ
KURT DORFZAUN
L TORAL
LA UNION
LEUCIPIO
LLANURA GRANDE
LONDRES-S/N SALIDA CERCANA A PANAMERICANA NORTE
LONDRES
VIA PACCHA
LOPE DE ATIENZA
LUIS BENIGNO
LUIS LOYOLA GRACIA
LUIS MARIO RODRIGUEZ
LUIS MORENO MORA 
LUIS PALTA R.
LUIS PAULTA R.
LUIS PAUTA R.
LA CASTELLANA
LA COMPAÑIA
LA CONDAMINE
LA GASCA
LA NIÑA
LA PINTA
LA RABIDA
LA REPUBLICA
LAS CAYAPAS
LAS GARZAS
LAS GOLONDRINAS
LAS PALOMAS
LATACUNGA
LEON PIEDRA
LEONIDAS PLAZA GUTIERRES
LEONIDAS PLAZA GUTIERREZ
LEONIDAZ PLAZA GUITIERRES
LEONOR ABAD HEREDIA
LEOPOLDO  DAVILA CORDOBA
LEOPOLDO DAVILA CORDOBA
LEOPOLDO ESPINOZA
LETRERO ESTACION HIDROLOGICA TARQUI DJ SHUCAY
LETRERO GRANDE (ALQUILER ROBLES)
LETRERO GRANDE (BANCO DEL PICHINCHA)
LIMEÑOS
LIMITE IZQUIERDO
LINO BENITEZ
LIRIBAMBA
LIZARDO ABAD
LIZARDO GARCIA
LIZARDO GARCIA
LLANGANTIS
LLAVIUCO
LLAVUICO
LA TORREDORA
LORENZO PIEDRA
LORENZO DE PADILLA
LOS CANARIOS
LOS CEDROS
LOS CHUGOS
LOS CIPRESES
LOS CISNES
LOS EUCALIPTOS
LOS FRESNOS
LOS GIRASOLES
LOS GORRIONES
LOS YUNGAS
LUI MORENO MORA
LUIS A. PALACIOS
LUIS C. JARAMILLO
LUIS CARLOS JARAMILLO
LUIS CORDERO
LUIS CRESPO ORDOÑEZ
LUIS FIDEL BERMEO
LUIS GODIN
LUIS GUILLERMO PEÑA DELGADO
LUIS JARAMILLO
LUIS LARREA ALBA
LUIS MALDONADO
LUIS MALO VALDIVIEZO
LUIS MONSALVE
LUIS MORENO MORA
LUIS PASTERUR
LUIS PASTEUR
LUIS ROBALINO DAVILA
LUIS SANCHEZ
LUIS SANZHEZ
LUIS SARMIENO
LUIS DE CERDA
LUIS DE LA CERDA
LUISA GOMEZ DE LA TORRE
LUMBAQUI
LUSPA
ANGOS
PUCACOCHA
M LARREA
M SUARES
M SUAREZ
M. GALVEZ
M. PANGOL
M. QUINDE
MANUEL CRESPO MALO
MANUEL MALO CRESPO
MANUEL ORDOÑEZ
MANUEL TENORIO LAZO
MATILDE GARCIA
MERCEDES POZO DE TORAL
MIGUEL CABASCANGO
MIGUEL MORENO 
MIGUEL MOROCHO
MIGUEL ORAMAS 
MINIMARKET "EL CAMPO"
MOSCU
MACAS
MACCHU PICCHU
MADRID
MALTA CAPAC
MANCO CAPAC
MANTENSE
MANUEL ANTONIO MUÑOZ BORRERO
MANUEL BALAREZO COBOS
MANUEL CORDERO
MANUEL CORDOVA GALARZA
MANUEL DAVILA
MANUEL ELOY GALARZA
MANUEL ESPINOZA
MANUEL EUGENIO CARRASCO
MANUEL FARFAN
MANUEL FETRNANDEZ DE CORDOVA
MANUEL J CALLE
MANUEL J. CALLE
MANUEL MARIA
MANUEL MARIA BORRERO
MANUEL MARIA PALACIOS
MANUEL MARIA ORTIZ
MANUEL MARIA PALACIOS
MANUEL MORENO MORA
MANUEL MORENO SERRANO
MANUEL NIVELA
MANUEL NIVELO
MANUEL PAREDES
MANUEL PLAZA
MANUEL SEMINARIO SAENZ DE TEJADA
MANUEL VEGA
MANUEL DE FALLA
MANUEL DE LA FALLA
MANUELA GARAICOA DE CALDERON
MARAGRITA TORRES
MARCIA ULLUARI SANCHEZ
MARCO TULIO ERAZO
MARFIL
MARGARITA TORRES
MARGRITA TORRES
MARIANO CUEVA
MARIANO ESTRELLA
MARICAL LAMAR
MARISCAL LAMAR
MARISCAL SUCRE
MARISCAR LAMAR
MARSICAL LAMAR
MARSICAL SUCRE
MARTIN OCAMPO
MARTINA DE OLBA
MARTINEZ GUERRERO
MARTINEZ MENA
MARTINEZ MERA
MARTIN GARATE
MARTIN GARATE
MARTIN OCAMPO
MATIAS DE GAVIRIA
MATILDE HIDALGO DE PROCEL
MATILDE IDALGO DE PROCEL
MAX KONANZ
MAX UHLE
MEDARDO A. SILVA
MEDARDO TORRES OCHOA
MELCHOR DE AYMERICH
MERCEDES QUINDE
MERCHAN
MIGUEL ANGEL ESTRELLA
MIGUEL CORDERO CRESPO
MIGUEL CORDERO DAVILA
MIGUEL DIAZ
MIGUEL FERNANDEZ DE CORDOVA
MIGUEL FRANCO
MIGUEL HERADIA
MIGUEL HEREDIA
MIGUEL HEREDIA CRESPO
MIGUEL MALO GONZALES
MIGUEL MOLINA CALLE
MIGUEL ORTEGA ALCOCER
MIGUEL PEÑA
MIGUEL REÑA JARAMILLO
MIGUEL TENORIO M.
MIGUEL ULLAURI
MIGUEL VELEZ
MIGUEL VELEZ (TAMBIEN INCLUYE CALLE RAMON BORRERO)
MIGUEL DE SANTIAGO
MIGUEL DE SANTIAGO 
RICARDO MUÑOZ DAVILA
MIGUEL GIL MALO
MILCHICHIG
MIRAFLORES
MIRTO
MODESTO LARREA
MOLLOBAMBA
MOSQUERA NARVAES
MUNOZ VERNAZA
MUÑOZ VERNAZA
NICANOR AGUILAR
NICANOR MERCHAN
NICARDO MERCHAN
NUÑO DE  VALDERRAMA
NAMANGOZA
NARANCAY ALTO
NARRIO
NICANOR AGUILAR
NICANOR CARPIO
NICANOR CRESPO
NICOLAS DE ROCHA
NICOLAS DE ROCHA
NICOAS DE ROCHA
NO HAY 
NUÑEZ DE BONILLA
NUÑEZ DE BONILLA
OCTAVIO CORDERO
OCTAVIO OCHOA O
OLAF HOLM
OLIMPIA
OSO HUAYCO
OBISPO CARRION
OBISPO JUAN DE ESCANDON
OBISPO MIGUEL LEON
OBISPO ORDOÑEZ CRESPO
OCTAVIO DIAS
OCTAVIO DIAZ
ONITCHENCKO
ONITCHENKO
ORDOÑEZ LASSO
OSWALDO MORENO HEREDIA
OTAVIO CORDERO
OTRAVIO CORDERO
OTTO AROSEMENA
OYAMBARO
P VICENTE MALDONADO
P. COCHA
P. PALACIO
P. VICENTE MALDONADO
PA. CAYAMBE
RIO MACHANGARA
PANAMERICANA NORTE
PAQUISHA
PARA DE BUS "ENTRADA A BELLAVISTA"
PARADA DE BUS "BARRIO PEDREGAL"
PARADA DE BUS "CANAL DE RIEGO"
PARADA DE BUS "CANCHA DE PORTIVA"
PARADA DE BUS "COMANDO DE POLICIA"
PARADA DE BUS "COMANDO DE POLICIAS"
PARADA DE BUS "CONDOMINIO SAN ANDRES"
PARADA DE BUS "DEPOSITO DE MADERA"
PARADA DE BUS "EL PORTON"
PARADA DE BUS "ENTRADA A SAN ANDRES"
PARADA DE BUS "ENTRADA AL CEMENTERIO"
PARADA DE BUS "PLATANAL"
PARADA DE BUS "PUENTE DE MADERA"
PARAMENIDES
PARIS
PANAMERICANA NORTE
PARMENIDES
PASAJE PAUCARBAMBA
PASAJE PRIMERO DE MAYO
PASAJE SOJOS
LUIS MORENO MORA
PASEO  JULIAN MATADERO
PASEO DE LOS CAÑARIS
PASEO JULIAN MATADERO
PASEO RIO BURGAY
PASEO RIO COLLAY
PASEO RIO GIRON
PASEO RIO JADAN
PASEO RIO NEGRO
PASO RIO TOMEBAMBA
PAULINO ORDOÑEZ
PEDRO ARIAS
PEDRO LOPEZ ARGUDO
PEDRO TAFUR
PELAYO
PLANTA DE AGUA CEBOLLAR
PLATON
PLATON
PLOVDIV 
PRIMERO DE MAYO
PUCARA
PUENTE DEL CAMAL
PUENTE VERDE
PA. SININCAY
PABLO PICASSO
PACCHA
PACHA CAMAC
PACHACAMAC
PACHACUTEC
PACHACUTIC
PACHATUCEC
PACIFICO GUAMAN
PADRE AGUIRRE
PADRE BELISIANO ARCE
PADRE JULIO MATOVELLE
PADRE MONROY
PALTAN
PAMPITE
PAN DE AZUCAR
PANAMERICANA
PANUPALI
PARALELA A LA VIA A IGLESIA DIVINO NIÑO
PAREDONES
PASAJE EL PARAISO
PASAJE MORENO MORA
PASAJE YANUNCAY
PASAJE DEL PARAISO
PASAJE
PASEO 27 DE FEBRERO
PASEO GUAGRAHUMA
PASEO HUAGRAHUMA
PASEO HUAGRAUMA.
PASEO MILCHICHIG
PASEO TRES DE NOVIEMBRE
PASEO DE GUATANA
PASEO DE MILCHICHIG
PASEO DE LOS CAÑARIS
PASTAZA
PATOQUINAS
PATOQUINIOAS
PAUCARBAMBA
PAUL MARGGRAFF
PAYCABAMBA
PAUL MAGGRAFF
PEDRO ALVAREZ CABRAL
PEDRO BERREZUETA
PEDRO BERROETA
PEDRO BOUGER
PEDRO CAJAS DE AYALA
PEDRO CARBO
PEDRO FERMIN CEVALLOS
PEDRO GARCIA DE VERA
PEDRO JANNER
PEDRO MARQUEZ
PEDRO MARTINEZ DE ARIZALA
PEDRO MUELLES
PEDRO PUELLES
PEDRO STA.CRUZ
PEDRO VELASCO
PEDRO DE ALVARADO
PEDRO ALVAREZ CABRAL
PELAYO
PEQUEÑA ENTRADA
PEREJIL
PILLAHUAZO
PIMAMPIRO
PINAMPIRO
PINTAG
PIO BRAVO
PIZAR CAPAC
PIZARCAPAC
PJE. DE LAS AMERICAS
PLAZA GUTIERREZ
PLAZA OTORONGO
PLUTARCO
POMPEYA
POPAYAN
POROTILLOS
PORTILLOS
PRESIDENRE ROCAFUERTE
PRESIDENTE BORRERO
PRESIDENTE CORDOVA
PRESIDENTE CORDOVA
PRESIDENTE ROCAFUERTE
PRESIENDETE BORRERO
PRESIENTE BORRERO
PRESISDENTE BORRERO
PRIMERA PARADA LUEGO DE LA ENTRADA A NERO
PRINCESA PACHA
PSDRE AGUIRRE
PSJE. PERESPATA
PUCARA
PUENTE DE EL BADO
PUENTE EL VADO
PUERTO PALOS
PUERTO DE PALOS
PUTO
PUYO
PIO BRAVO
QUINTA PATAMARCA
QUILLA
QUILLAÑAN
QUILLINDAÑA
QUILLAN
QUILOTO
QUINTILLAN
QUIPAYPAN
QUIS QUIS
QUIS QUIIS
QUITO
R. ANDRADE
R. HUERTA
RADIO TAXI MIRAFLORES
RAFAEL MARIA ARIZAGA
RAFAEL TORRES BELTRAN 
RAFEL MARIA ARIZAGA
RAINERO CASANOVA
REDONDEL DE LA UDA
REDONDEL JOSE PERALTA
REFERENCIA PERPENDICULAR AMSTERDAM 
REYKIAVIK
RIO MACHANGARA
RODRIGO PALACIOS
RAFAEL AGUILAR
RAFAEL ESTRELLA
RAFAEL MARIA ARIZAGA
RAFAEL ROMERO
RAFAEL SALAS
RAFAEL VILLAGOMEZ BORJA
RAFEL AGUILAR
RAMAYANA
RAMIREZ
RAMON BORRERO
RAMIREZ
RAYOLOMA
RAUL ANDRADE
REDONDER 3 PUENTES
REGIDOR HIDALGO
REINO DE QUITO
REMIGIO ASTUDILLO
REMIGIO CRESPO TORAL
REMIGIO ROMEROPADRE
REMIGIO TAMARIZ
RENACIENTE
RESTAURANTE CUEVA DEL CASTILLO
RESTAURANTE PICO DE GALLO
RFAEL MARIA ARIZAGA
RICARDO CORDERO
RICARDO MARQUEZ
RICARDO MUÑOS DAVILA
RICARDO DE CORDERO
RIO BIO BIO
RIO BIO-BIO
RIO CENEPA
RIO CHAN CHAN
RIO CURACAY
RIO CUTUCO
RIO CUTUCU
RIO DAULE
RIO GRANDE
RIO JUBONES
RIO MAGDALENA
RIO MALACATUS
RIO MANZANARES
RIO MAPOCHO
RIO ORINOCO
RIO ORINOCON
RIO PALORA
RIO PARANA
RIO PAUTE
RIO UPANO
RIO ZAMORA
RIO CAQUETA
RIOBAMBA 
IBARRA
ROBERTO AGUILAR
ROBERTO CREPO TORAL
ROBERTO CRESP TORAL
ROBERTO CRESPO TORAL
ROBERTO ESPINOZA ALBAN
ROCA SINCHE
RODRIGO ARIAS DE MANCILLA
RODRIGO DE TRIANA
RODRIGO DE TRIANA
DE LOS CONQUISTADORES
ROMULO MARQUEZ
ROSA VIRGINIA MORENO MORA
ROSENDO LOPEZ DIEZ
RUMI URCO
RUMIURCO.
RUMILOMA
RUMIPAMBA
RUMIURCO
RUMIÑAHUI
RUMUÑAHUI
RIO BIO BIO
RIO CAQUETA
RIO MAPOCHO
RIO CAUCA
RIO CUTUCU
RIO CUTUCU  
RIO GRANDE
RIO MADEIRO
RIO MAGDALENA
RIO MALACATUS
RIO MANZANARES
RIO MAPOCHO
RIO MILCHICHIG
RIO MISSISIPI
RIO MISSOURI
RIO ORINOCO
RIO PALORA
RIO PARANA
RIO PAUTE
RIO PAUTE 
RIO RIMAC
RIO SAN LORENZO
RIO UPANO
RIO UPANO 
RIO CUTUCU
RIO DE LA PLATA
S/ NOMBRE
S/N 
DE LA FDA
S/N ACADEMIA ALFARO MORENO 
OSLO
S/N CLINICA MUEBLE
S/N FIN DE CALLE
S/N
S/NOMBRE
SALVADOR JARA BERMEO
SAN MARINO
SAN PABLO DE LAGO
SAN SILVESTRE
SAN SILVESTRE 
SEBASTIAN LUIS ABAD
SENECA
SM
SN
SN  (WAFLES)
SN ( FERRETERIA LA CASCADA)
SN ( WASI )
SN ( FRENTE A LA CALLE PALO ENCEBADO)
SN (C.J.G)
SN (CURVA)
SN (DYMARO CARPINTERIA)
SN (EL BAZAR DE LA AVENIDA)
SN (ESCUELA SAN JUAN DE DIOS)
SN (FIN)
SN (FINAL)
SN (FRENTE CANCHA NOGAL)
SN (FABRICA DE BLOQUES JD)
SN (OBRA)
SN (SALON DE RECEPCIONES)
SN (TIENDA DE LA
SN (CARPINTERIA GUMAN)
SN (CASA DE LOS MONTEROS)
SN (CHUZOZ
SN (CONDOMINIO ILLESCAS)
SN (DISEÑO DE MODAS)
SN (ESTACION DE SERVICIO NARANCAY)
SN (FAMILIA TENESACA MEDINA)
SN (FRENTE LAC
SN (FRENTE A HOMEGLASS)
SN (FRENTE A LUCID DREAMS)
SN (FRENTE A LA ESCUELA ASUNCION)
SN (PARQUE)
SN (PASTILLITA)
SN (PINTATE)
SN (SALON DE EVENTOS MURALLA)
SN (TALLER DE CARROCERIAS TORRES)
SN REF FRENTE A LA CASA 38
SN( XIHU DISTRIBUCIONES)
SN(ANTOJITOS DE ANTAÑO)
SN(CONDULTORIO DENTAL)
SN(CONSULTORIO DENTAL)
SN(DISTRIBUIDOR DE GAS)
SN(DISTRIBUIDORA DE PAVOS)
SN(FRENTE A LA FABRICA DE BLOQUES JD SANCHEZ)
SN(FRENTE CANCHAS NOGAL)
SN(FRENTE ESCUELA ASUNCION)
SN(FRENTE REINAS DE LA CHICHA)
SN(HOMEGLASS)
SN(LUCID DREAMS)
SN(MYR TIENDA)
SN(PLAZA CENTRAL NARANCAY)
SN(PLAZA CENTRAL DE NARANCAY)
SN(TV CABLE)
SN(CONDOMINIO ILLESCAS)
SN(FRENTE A LA CALLE PALO ENCEBADO)
SN(FRUTERIA DOÑA MARY)
SN 
SN 
REF ENTRADA RESIDENCIAL
SN
REF LOCAL LA OLLA DE BARRO
SOFIA
AMSTERDAM
SUROCUCHO
SAGEO
SALADO
SALIDA PANAMERICANA
SALTO A LA SOGA
SALVADOR PEDROZA
SALVADOR DE MADARIAGA
SAN BLAS
SAN JOSE LA CALZADA
SAN PABLO DE LAGO
SAN PABLO DEL LAGO
SAN ROQUE
SANAN CAJAS
SANAN CAJAS   
ALLCUQUIRO
SANDES
SANGAY
SANTA CATALINA DE SIENA
SANTA TERESA
SANTANDER
SARA URCO
SARAS
SEBASTIAN DE BENALCAZAR
SEBASTIAN BATCH
FEDERICO CHOPIN
SEBASTIAN DE BENALCAZAR
SEGOVIA
SEVILLA
SICALPA
SILBAN
SILVAN
SIMON BOLIVAR
SIN NOMBRE (CALLE JUNTO A LA ESCUELA FRANCISCO ARIZAGA TORAL)
SIN NOMBRE
SIN NOMBRE
SIN SALIDA
SIN NOMBRE (CALLE JUNTO A LA ESCUELA FRANCISCO ARIZAGA TORAL).
SIN RETORNO
SOCABON
SOCAVON
SOCRATES
SOFOCLES
SOLANO
STA. MARIA
SUAREZ
SUBIDA : MIGUEL HEREDIA
SUBIDA AL CHORRO
SUCRE
SUCUMBIOS
SUMACO
T. RENDON
TALES DE MILENIO
TERESA DE AVILA
TERESA DE AVILA
THOMAS EDISON
TIO PULLO
TIO CAJAS
TIOPULLO
TIRSO DE MOLINA
TOMAS CALVO
TRONCAL DE LA SIERRA
TABARE
TADEO TORRES
TARQUI
TARQUINO BORRERO
TARQUINO CORDERO
TARQUINO MARTINEZ
TARREGA
TARREGO
TELEMACO
TEODORO JERVES NUÑEZ
TEODORO JERVEZ NUÑEZ
TEODORO MALO
TEOTIHUCAN
TIMOLEON CARRERA
TIMOLEON CAMERA
TOLEDO
TOMAS EDISON
TOMAS ORDOÑEZ
TOMAS DE HERES
TOMILLOS
TOREADORA
TORREDORA
TRECE DE ABRIL
TRES EN RAYA
TRONCAL DE LA SIERRA 
TRANSITO AMAGUAÑA
TULCAN
TUMIPAMBA
TUNGURAGUA
TUNGURAHUA
TURUBAMBA
TOMAS CALVO
UNIVERSIDAD CATOLICA
UNIVERSIDAD POLITECNICA SALESIANA
URBANIZACION DE LOS INGENIEROS
URBANIZACION MACHANGARA
UCO
ULISES CHACON
UNION CON LA VIA A IGLESIA DIVINO NIÑO
UNION NACIONAL DE EDUCADORES
URBANIZACION LOS SIGSALES
VEGA MUÑOZ
VERSALLES
VIA A PACCHA
VICENTE ALVARADO
VICENTE F. ALVARADO
VICTOR J ESPINOSA
VICTOR LEON BELTRAN
VICTORIA DEL PORTETE
VIENA
VIENA
BRUSELAS
OSLO
VALDIVIA
VALENCIA
VALENTIN MARTINEZ
VARGAS MACHUCA
VARGAS MAHUCA
VARGAS TORRES
VASCO NUÑEZ DE BALBOA
VASRGAS MACHUCA
VELASCO ESCULTOR
VERBENA
VIA A SAN JOAQUIN
VIA CUENCA MOLLETURO
VIA CUENCA MOLLETURO NARANJAL
VIA AL VALLE
VICENTE ESCANDON ASTUDILLO
VICENTE GONZALES RODRIGUEZ
VICENTE PACHECO
JORGE GUERRERO CAMILLA
VICTOR BARRERA V
VICTOR TINOCO CHACON
VILLALOBOS
VIRACOCHABAMABA
VIRACOCHABAMBA
VIRGINIA MUÑOZ VERNAZA
VIVALDI
VIVERO LAS CAMELIAS
VIA A CHECA
VIA A SAN JOSE
VÌA SAN AGUSTIN
VIA MONAY
VIA MONAY BAGUANCHI
VIA MONAY BAGUANCHI PACCHA
VIA RAYOLOMA
VIA SAN AGUSTIN
VIA AL CRS
VICTOR LLORET
X JUEGOS BOLIVARIANOS
YAGUARCOCHA
YAMBO
YANA URCO
YANAHURCO
YAUPI
ZAPAROS
ASADOS DEL PUENTE ROTO
ASOCIADOS
ALAUSI
DEL ARUPO
LOS PENSAMIENTOS
CALLE VIEJA
LOS VILLANCICOS
CERCA DE UNA PARADA DE BUS
CERCA DEL LETRERO SOBRE LAS DIRECCIONES(CUMBE)
CIUDAD DE GUAYAQUIL
DE LA ESPARRAGUERA
DE LA GENCIANA
DE LA HIGUERILLA
DE LA PEÑA
DE LA VAINILLA
DE LAS AMERICAS
DE LAS AZUCENAS
DE LAS HIEDRAS
DE LAS JAPAYAS
DE LAS JAYAPAS
DE LAS LLAMADAS
DE LAS ORQUIDEAS
DE LAS ORQUIDEAS
DE LOS AJIES
DE LOS EUCALIPTOD
DE LOS OLIVOS
DEL ABANICO
DEL AMAY
DEL CHILCHIL
DEL LIRIO
DEL ROSEDAL
EL NOPAL
LOS ALAMOS
LOS CACIQUES
LOS CEREZOS
LOS LAURELES
LIMITE DE GUZHO
REF  RECICLADORA
REF LOCAL LA OLLA DE BARRO
REF LOCAL TAPICES
REF RECICLADORA
REF TAPICES
REF URBANIZACION SAUCE
REF URBANIZACION SAUCE-UCO
REF A 3M DE ROMPE VELOCIDADES
REF CALLE RESIDENCIAL
REF CALLE A 100M ANTES DE LA CAPILLA
REF CASA DE ADOBE DESTRUIDA
REF ENTRADA RESIDENCIAL AL LADO DE UNA TIENDA
REF FRENTE A SOL DE ORO
REFERENCIA VIVERO LAS CAMELIAS
REFERENCIA: FRENTE A LICORERIA GONZALEZ
REFERENCIA: FRENTE A UNA IGLESIA DE LA ZONA
S/NOMNRE
SIN NOMBRE 
VIA A SAN PABLO
AVILA