1
Nombre del archivo: G23_Formularios Zona23.xlsx
Nombre de la hoja: Formulario11
Atractor con problema: Bazar
Errores: La suma de los tamanios no coincide con el numero de atractores
La suma de los datos de la jornada es menor al numero de atractores

Tramo: TRAMO 1
Tramo: TRAMO 1
Zona: 23
Grupo: 23
------------------------------------------------------------------------------------------------------------
2
Nombre del archivo: G23_Formularios Zona23.xlsx
Nombre de la hoja: Formulario11
Atractor con problema: Otro Compras Servicios
Errores: La suma de los tamanios no coincide con el numero de atractores
Hay uno o varios datos de la jornada que sobrepasa el numero de atractores
Uno o varios de los datos de los días de atención sobrepasan el numero de atractores

Tramo: TRAMO 1
Tramo: TRAMO 1
Zona: 23
Grupo: 23
------------------------------------------------------------------------------------------------------------
3
Nombre del archivo: G23_Formularios Zona23.xlsx
Nombre de la hoja: Formulario12
Atractor con problema: Boutique
Errores: La suma de los tamanios no coincide con el numero de atractores

Tramo: TRAMO 1
Tramo: TRAMO 1
Zona: 23
Grupo: 23
------------------------------------------------------------------------------------------------------------
4
Nombre del archivo: G23_Formularios Zona23.xlsx
Nombre de la hoja: Formulario12
Atractor con problema: Otro Compras Servicios
Errores: La suma de los tamanios no coincide con el numero de atractores

Tramo: TRAMO 1
Tramo: TRAMO 1
Zona: 23
Grupo: 23
------------------------------------------------------------------------------------------------------------
5
Nombre del archivo: G23_Formularios Zona23.xlsx
Nombre de la hoja: Formulario12
Atractor con problema: Otros Salud/Seguridad
Errores: Hay datos de numero de atractores, tamanio o dias pero los datos de la jornada estan vacios
Hay datos de numero de atractores, tamanio o jornada pero los datos de los dias estan vacios

Tramo: TRAMO 1
Tramo: TRAMO 1
Zona: 23
Grupo: 23
------------------------------------------------------------------------------------------------------------
6
Nombre del archivo: G23_Formularios Zona23.xlsx
Nombre de la hoja: Formulario17
Atractor con problema: Restaurante
Errores: La suma de los tamanios no coincide con el numero de atractores
La suma de los datos de la jornada es menor al numero de atractores

Tramo: TRAMO 1
Tramo: TRAMO 1
Zona: 23
Grupo: 23
------------------------------------------------------------------------------------------------------------
7
Nombre del archivo: G23_Formularios Zona23.xlsx
Nombre de la hoja: Formulario17
Atractor con problema: Peluquería
Errores: Hay datos de numero de atractores, jornada o dias pero los datos del tamanio estan vacios

Tramo: TRAMO 1
Tramo: TRAMO 1
Zona: 23
Grupo: 23
------------------------------------------------------------------------------------------------------------
8
Nombre del archivo: G23_Formularios Zona23.xlsx
Nombre de la hoja: Formulario17
Atractor con problema: Boutique
Errores: Uno o varios de los datos de los días de atención sobrepasan el numero de atractores

Tramo: TRAMO 1
Tramo: TRAMO 1
Zona: 23
Grupo: 23
------------------------------------------------------------------------------------------------------------
9
Nombre del archivo: G23_Formularios Zona23.xlsx
Nombre de la hoja: Formulario17
Atractor con problema: Otro Compras Servicios
Errores: Hay datos de numero de atractores, tamanio o dias pero los datos de la jornada estan vacios

Tramo: TRAMO 1
Tramo: TRAMO 1
Zona: 23
Grupo: 23
------------------------------------------------------------------------------------------------------------
10
Nombre del archivo: G23_Formularios Zona23.xlsx
Nombre de la hoja: Formulario18
Atractor con problema: Bazar
Errores: La suma de los tamanios no coincide con el numero de atractores

Tramo: TRAMO 1
Tramo: TRAMO 1
Zona: 23
Grupo: 23
------------------------------------------------------------------------------------------------------------
11
Nombre del archivo: G23_Formularios Zona23.xlsx
Nombre de la hoja: Formulario27
Atractor con problema: Panadería
Errores: Hay datos de numero de atractores, jornada o dias pero los datos del tamanio estan vacios

Tramo: TRAMO 1
Tramo: TRAMO 1
Zona: 23
Grupo: 23
------------------------------------------------------------------------------------------------------------
12
Nombre del archivo: G23_Formularios Zona23.xlsx
Nombre de la hoja: Formulario29
Atractor con problema: Otro Compras Servicios
Errores: Hay datos de numero de atractores, jornada o dias pero los datos del tamanio estan vacios
Hay datos de numero de atractores, tamanio o dias pero los datos de la jornada estan vacios

Tramo: TRAMO 1
Tramo: TRAMO 1
Zona: 23
Grupo: 23
------------------------------------------------------------------------------------------------------------
13
Nombre del archivo: G23_Formularios Zona23.xlsx
Nombre de la hoja: Formulario31
Atractor con problema: Bazar
Errores: La suma de los datos de la jornada es menor al numero de atractores

Tramo: TRAMO 1
Tramo: TRAMO 1
Zona: 23
Grupo: 23
------------------------------------------------------------------------------------------------------------
14
Nombre del archivo: G23_Formularios Zona23.xlsx
Nombre de la hoja: Formulario44
Atractor con problema: Odontólogo
Errores: Hay datos de numero de atractores, tamanio o jornada pero los datos de los dias estan vacios

Tramo: TRAMO 1
Tramo: TRAMO 1
Zona: Totoracocha
Grupo: 23
------------------------------------------------------------------------------------------------------------
15
Nombre del archivo: G23_Formularios Zona23.xlsx
Nombre de la hoja: Formulario51
Atractor con problema: Otro Compras Servicios
Errores: La suma de los datos de los dias es menor al numero de atractores

Tramo: TRAMO 1
Tramo: TRAMO 1
Zona: Totoracocha
Grupo: 23
------------------------------------------------------------------------------------------------------------
16
Nombre del archivo: G23_Formularios Zona23.xlsx
Nombre de la hoja: Formulario53
Atractor con problema: Panadería
Errores: Hay datos de numero de atractores, tamanio o jornada pero los datos de los dias estan vacios

Tramo: TRAMO 1
Tramo: TRAMO 1
Zona: Totoracocha
Grupo: 23
------------------------------------------------------------------------------------------------------------
17
Nombre del archivo: G23_Formularios Zona23.xlsx
Nombre de la hoja: Formulario53
Atractor con problema: Peluquería
Errores: Hay datos de numero de atractores, tamanio o jornada pero los datos de los dias estan vacios

Tramo: TRAMO 1
Tramo: TRAMO 1
Zona: Totoracocha
Grupo: 23
------------------------------------------------------------------------------------------------------------
18
Nombre del archivo: G23_Formularios Zona23.xlsx
Nombre de la hoja: Formulario53
Atractor con problema: Tienda/Minimarket
Errores: Hay datos de numero de atractores, tamanio o jornada pero los datos de los dias estan vacios

Tramo: TRAMO 1
Tramo: TRAMO 1
Zona: Totoracocha
Grupo: 23
------------------------------------------------------------------------------------------------------------
19
Nombre del archivo: G23_Formularios Zona23.xlsx
Nombre de la hoja: Formulario57
Atractor con problema: Peluquería
Errores: Hay datos de numero de atractores, tamanio o jornada pero los datos de los dias estan vacios

Tramo: TRAMO 1
Tramo: TRAMO 1
Zona: Totoracocha
Grupo: 23
------------------------------------------------------------------------------------------------------------
20
Nombre del archivo: G23_Formularios Zona23.xlsx
Nombre de la hoja: Formulario60
Atractor con problema: Parque
Errores: Hay datos de numero de atractores, jornada o dias pero los datos del tamanio estan vacios
Hay datos de numero de atractores, tamanio o dias pero los datos de la jornada estan vacios
Hay datos de numero de atractores, tamanio o jornada pero los datos de los dias estan vacios

Tramo: TRAMO 1
Tramo: TRAMO 1
Zona: 23
Grupo: 23
------------------------------------------------------------------------------------------------------------
21
Nombre del archivo: G23_Formularios Zona23.xlsx
Nombre de la hoja: Formulario63
Atractor con problema: Escuela/Colegio
Errores: Hay datos de numero de atractores, tamanio o jornada pero los datos de los dias estan vacios

Tramo: TRAMO 1
Tramo: TRAMO 1
Zona: 23
Grupo: 23
------------------------------------------------------------------------------------------------------------
22
Nombre del archivo: G23_Formularios Zona23.xlsx
Nombre de la hoja: Formulario64
Atractor con problema: Guardería/Cuidado infantil
Errores: Hay datos de numero de atractores, tamanio o jornada pero los datos de los dias estan vacios

Tramo: TRAMO 1
Tramo: TRAMO 1
Zona: 23
Grupo: 23
------------------------------------------------------------------------------------------------------------
23
Nombre del archivo: G23_Formularios Zona23.xlsx
Nombre de la hoja: Formulario64
Atractor con problema: Restaurante
Errores: Hay datos de numero de atractores, tamanio o jornada pero los datos de los dias estan vacios

Tramo: TRAMO 1
Tramo: TRAMO 1
Zona: 23
Grupo: 23
------------------------------------------------------------------------------------------------------------
24
Nombre del archivo: G23_Formularios Zona23.xlsx
Nombre de la hoja: Formulario64
Atractor con problema: Parque
Errores: Hay datos de numero de atractores, jornada o dias pero los datos del tamanio estan vacios
Hay datos de numero de atractores, tamanio o dias pero los datos de la jornada estan vacios
Hay datos de numero de atractores, tamanio o jornada pero los datos de los dias estan vacios

Tramo: TRAMO 1
Tramo: TRAMO 1
Zona: 23
Grupo: 23
------------------------------------------------------------------------------------------------------------
25
Nombre del archivo: G23_Formularios Zona23.xlsx
Nombre de la hoja: Formulario67
Atractor con problema: Parque
Errores: Hay datos de numero de atractores, tamanio o dias pero los datos de la jornada estan vacios
Hay datos de numero de atractores, tamanio o jornada pero los datos de los dias estan vacios

Tramo: TRAMO 1
Tramo: TRAMO 1
Zona: 23
Grupo: 23
------------------------------------------------------------------------------------------------------------
26
Nombre del archivo: G23_Formularios Zona23.xlsx
Nombre de la hoja: Formulario67
Atractor con problema: Tienda/Minimarket
Errores: La suma de los tamanios no coincide con el numero de atractores

Tramo: TRAMO 1
Tramo: TRAMO 1
Zona: 23
Grupo: 23
------------------------------------------------------------------------------------------------------------
27
Nombre del archivo: G23_Formularios Zona23.xlsx
Nombre de la hoja: Formulario67
Atractor con problema: Iglesia/Templo
Errores: Hay datos de numero de atractores, jornada o dias pero los datos del tamanio estan vacios
Hay datos de numero de atractores, tamanio o dias pero los datos de la jornada estan vacios

Tramo: TRAMO 1
Tramo: TRAMO 1
Zona: 23
Grupo: 23
------------------------------------------------------------------------------------------------------------
28
Nombre del archivo: G23_Formularios Zona23.xlsx
Nombre de la hoja: Formulario68
Atractor con problema: Parque
Errores: Hay datos de numero de atractores, tamanio o dias pero los datos de la jornada estan vacios
Hay datos de numero de atractores, tamanio o jornada pero los datos de los dias estan vacios

Tramo: TRAMO 1
Tramo: TRAMO 1
Zona: 23
Grupo: 23
------------------------------------------------------------------------------------------------------------
29
Nombre del archivo: G23_Formularios Zona23.xlsx
Nombre de la hoja: Formulario72
Atractor con problema: Parque
Errores: Hay datos de numero de atractores, tamanio o dias pero los datos de la jornada estan vacios
Hay datos de numero de atractores, tamanio o jornada pero los datos de los dias estan vacios

Tramo: TRAMO 1
Tramo: TRAMO 1
Zona: 23
Grupo: 23
------------------------------------------------------------------------------------------------------------
30
Nombre del archivo: G23_Formularios Zona23.xlsx
Nombre de la hoja: Formulario72
Atractor con problema: Cancha independiente (Sintética Voley)
Errores: Hay datos de numero de atractores, tamanio o dias pero los datos de la jornada estan vacios
Hay datos de numero de atractores, tamanio o jornada pero los datos de los dias estan vacios

Tramo: TRAMO 1
Tramo: TRAMO 1
Zona: 23
Grupo: 23
------------------------------------------------------------------------------------------------------------
31
Nombre del archivo: G23_Formularios Zona23.xlsx
Nombre de la hoja: Formulario72
Atractor con problema: Iglesia/Templo
Errores: Hay datos de numero de atractores, jornada o dias pero los datos del tamanio estan vacios
Hay datos de numero de atractores, tamanio o dias pero los datos de la jornada estan vacios

Tramo: TRAMO 1
Tramo: TRAMO 1
Zona: 23
Grupo: 23
------------------------------------------------------------------------------------------------------------
32
Nombre del archivo: G23_Formularios Zona23.xlsx
Nombre de la hoja: Formulario75
Atractor con problema: Parque
Errores: Hay datos de numero de atractores, tamanio o dias pero los datos de la jornada estan vacios
Hay datos de numero de atractores, tamanio o jornada pero los datos de los dias estan vacios

Tramo: TRAMO 1
Tramo: TRAMO 1
Zona: 23
Grupo: 23
------------------------------------------------------------------------------------------------------------
33
Nombre del archivo: G23_Formularios Zona23.xlsx
Nombre de la hoja: Formulario75
Atractor con problema: Tienda/Minimarket
Errores: La suma de los datos de los dias es menor al numero de atractores

Tramo: TRAMO 1
Tramo: TRAMO 1
Zona: 23
Grupo: 23
------------------------------------------------------------------------------------------------------------
34
Nombre del archivo: G23_Formularios Zona23.xlsx
Nombre de la hoja: Formulario77
Atractor con problema: Parque
Errores: Hay datos de numero de atractores, tamanio o dias pero los datos de la jornada estan vacios
Hay datos de numero de atractores, tamanio o jornada pero los datos de los dias estan vacios

Tramo: TRAMO 1
Tramo: TRAMO 1
Zona: 23
Grupo: 23
------------------------------------------------------------------------------------------------------------
35
Nombre del archivo: G23_Formularios Zona23.xlsx
Nombre de la hoja: Formulario77
Atractor con problema: Cancha independiente (Sintética Voley)
Errores: Hay datos de numero de atractores, tamanio o dias pero los datos de la jornada estan vacios
Hay datos de numero de atractores, tamanio o jornada pero los datos de los dias estan vacios

Tramo: TRAMO 1
Tramo: TRAMO 1
Zona: 23
Grupo: 23
------------------------------------------------------------------------------------------------------------
36
Nombre del archivo: G23_Formularios Zona23.xlsx
Nombre de la hoja: Formulario80
Atractor con problema: Parque
Errores: Hay datos de numero de atractores, tamanio o dias pero los datos de la jornada estan vacios
Hay datos de numero de atractores, tamanio o jornada pero los datos de los dias estan vacios

Tramo: TRAMO 1
Tramo: TRAMO 1
Zona: 23
Grupo: 23
------------------------------------------------------------------------------------------------------------
37
Nombre del archivo: G23_Formularios Zona23.xlsx
Nombre de la hoja: Formulario90
Atractor con problema: Restaurante
Errores: La suma de los tamanios no coincide con el numero de atractores

Tramo: TRAMO 1
Tramo: TRAMO 1
Zona: 23
Grupo: 23
------------------------------------------------------------------------------------------------------------
38
Nombre del archivo: G23_Formularios Zona23.xlsx
Nombre de la hoja: Formulario96
Atractor con problema: Parque
Errores: Uno o varios de los datos de los días de atención sobrepasan el numero de atractores

Tramo: TRAMO 1
Tramo: TRAMO 1
Zona: 23
Grupo: 23
------------------------------------------------------------------------------------------------------------
39
Nombre del archivo: G23_Formularios Zona23.xlsx
Nombre de la hoja: Formulario105
Atractor con problema: Bazar
Errores: Hay datos de numero de atractores, jornada o dias pero los datos del tamanio estan vacios

Tramo: TRAMO 1
Tramo: TRAMO 1
Zona: 23
Grupo: 23
------------------------------------------------------------------------------------------------------------
40
Nombre del archivo: G23_Formularios Zona23.xlsx
Nombre de la hoja: Formulario108
Atractor con problema: Restaurante
Errores: Hay datos de numero de atractores, tamanio o jornada pero los datos de los dias estan vacios

Tramo: TRAMO 1
Tramo: TRAMO 1
Zona: 23
Grupo: 23
------------------------------------------------------------------------------------------------------------
