1
Nombre del archivo: G17. PARTE 2.xlsx
Nombre de la hoja: Formulario 1
------------------------------------------------------------------------------------------------------------
2
Nombre del archivo: G17. PARTE 2.xlsx
Nombre de la hoja: Hoja 58
------------------------------------------------------------------------------------------------------------
3
Nombre del archivo: G17. PARTE 2.xlsx
Nombre de la hoja: Hoja 59
------------------------------------------------------------------------------------------------------------
4
Nombre del archivo: G17. PARTE 2.xlsx
Nombre de la hoja: Hoja 60
------------------------------------------------------------------------------------------------------------
5
Nombre del archivo: G17. PARTE 2.xlsx
Nombre de la hoja: Hoja 61
------------------------------------------------------------------------------------------------------------
6
Nombre del archivo: G17. PARTE 2.xlsx
Nombre de la hoja: Hoja 62
------------------------------------------------------------------------------------------------------------
7
Nombre del archivo: G17. PARTE 2.xlsx
Nombre de la hoja: Hoja 63
------------------------------------------------------------------------------------------------------------
8
Nombre del archivo: G17. PARTE 2.xlsx
Nombre de la hoja: Hoja 64
------------------------------------------------------------------------------------------------------------
9
Nombre del archivo: G17. PARTE 2.xlsx
Nombre de la hoja: Hoja 65
------------------------------------------------------------------------------------------------------------
10
Nombre del archivo: G17. PARTE 2.xlsx
Nombre de la hoja: Hoja 66
------------------------------------------------------------------------------------------------------------
11
Nombre del archivo: G17. PARTE 2.xlsx
Nombre de la hoja: Hoja 67
------------------------------------------------------------------------------------------------------------
12
Nombre del archivo: G17. PARTE 2.xlsx
Nombre de la hoja: Hoja 68
------------------------------------------------------------------------------------------------------------
13
Nombre del archivo: G17. PARTE 2.xlsx
Nombre de la hoja: Hoja 69
------------------------------------------------------------------------------------------------------------
