Error de formato en la hoja Hoja1 del archivo G05 - San Sebastian.xlsx
Error de formato en la hoja Hoja2 del archivo G05 - San Sebastian.xlsx
Error de formato en la hoja Hoja3 del archivo G05 - San Sebastian.xlsx
Error de formato en la hoja Hoja4 del archivo G05 - San Sebastian.xlsx
Error de formato en la hoja Hoja5 del archivo G05 - San Sebastian.xlsx
Error de formato en la hoja Hoja6 del archivo G05 - San Sebastian.xlsx
Error de formato en la hoja Hoja7 del archivo G05 - San Sebastian.xlsx
Error de formato en la hoja Hoja8 del archivo G05 - San Sebastian.xlsx
Error de formato en la hoja Hoja9 del archivo G05 - San Sebastian.xlsx
Error de formato en la hoja Hoja10 del archivo G05 - San Sebastian.xlsx
Error de formato en la hoja Hoja11 del archivo G05 - San Sebastian.xlsx
Error de formato en la hoja Hoja12 del archivo G05 - San Sebastian.xlsx
Error de formato en la hoja Hoja13 del archivo G05 - San Sebastian.xlsx
Error de formato en la hoja Hoja14 del archivo G05 - San Sebastian.xlsx
Error de formato en la hoja Hoja15 del archivo G05 - San Sebastian.xlsx
Error de formato en la hoja Hoja16 del archivo G05 - San Sebastian.xlsx
Error de formato en la hoja Hoja17 del archivo G05 - San Sebastian.xlsx
Error de formato en la hoja Hoja18 del archivo G05 - San Sebastian.xlsx
Error de formato en la hoja Hoja19 del archivo G05 - San Sebastian.xlsx
Error de formato en la hoja Hoja20 del archivo G05 - San Sebastian.xlsx
Error de formato en la hoja Hoja21 del archivo G05 - San Sebastian.xlsx
Error de formato en la hoja Hoja22 del archivo G05 - San Sebastian.xlsx
Error de formato en la hoja Hoja23 del archivo G05 - San Sebastian.xlsx
Error de formato en la hoja Hoja24 del archivo G05 - San Sebastian.xlsx
Error de formato en la hoja Hoja25 del archivo G05 - San Sebastian.xlsx
Error de formato en la hoja Hoja26 del archivo G05 - San Sebastian.xlsx
Error de formato en la hoja Hoja27 del archivo G05 - San Sebastian.xlsx
Error de formato en la hoja Hoja28 del archivo G05 - San Sebastian.xlsx
Error de formato en la hoja Hoja29 del archivo G05 - San Sebastian.xlsx
Error de formato en la hoja Hoja30 del archivo G05 - San Sebastian.xlsx
Error de formato en la hoja Hoja31 del archivo G05 - San Sebastian.xlsx
Error de formato en la hoja Hoja32 del archivo G05 - San Sebastian.xlsx
Error de formato en la hoja Hoja1 del archivo G05_Formularios Digitales - Zona 5 - San Sebastian.xlsx
Error de formato en la hoja Hoja2 del archivo G05_Formularios Digitales - Zona 5 - San Sebastian.xlsx
Error de formato en la hoja Hoja3 del archivo G05_Formularios Digitales - Zona 5 - San Sebastian.xlsx
Error de formato en la hoja Hoja4 del archivo G05_Formularios Digitales - Zona 5 - San Sebastian.xlsx
Error de formato en la hoja Hoja5 del archivo G05_Formularios Digitales - Zona 5 - San Sebastian.xlsx
Error de formato en la hoja Hoja6 del archivo G05_Formularios Digitales - Zona 5 - San Sebastian.xlsx
Error de formato en la hoja Hoja7 del archivo G05_Formularios Digitales - Zona 5 - San Sebastian.xlsx
Error de formato en la hoja Hoja8 del archivo G05_Formularios Digitales - Zona 5 - San Sebastian.xlsx
Error de formato en la hoja Hoja9 del archivo G05_Formularios Digitales - Zona 5 - San Sebastian.xlsx
Error de formato en la hoja Hoja10 del archivo G05_Formularios Digitales - Zona 5 - San Sebastian.xlsx
Error de formato en la hoja Hoja11 del archivo G05_Formularios Digitales - Zona 5 - San Sebastian.xlsx
Error de formato en la hoja Hoja12 del archivo G05_Formularios Digitales - Zona 5 - San Sebastian.xlsx
Error de formato en la hoja Hoja13 del archivo G05_Formularios Digitales - Zona 5 - San Sebastian.xlsx
Error de formato en la hoja Hoja14 del archivo G05_Formularios Digitales - Zona 5 - San Sebastian.xlsx
Error de formato en la hoja Hoja15 del archivo G05_Formularios Digitales - Zona 5 - San Sebastian.xlsx
Error de formato en la hoja Hoja16 del archivo G05_Formularios Digitales - Zona 5 - San Sebastian.xlsx
Error de formato en la hoja Hoja17 del archivo G05_Formularios Digitales - Zona 5 - San Sebastian.xlsx
Error de formato en la hoja Hoja18 del archivo G05_Formularios Digitales - Zona 5 - San Sebastian.xlsx
Error de formato en la hoja Hoja19 del archivo G05_Formularios Digitales - Zona 5 - San Sebastian.xlsx
Error de formato en la hoja Hoja20 del archivo G05_Formularios Digitales - Zona 5 - San Sebastian.xlsx
Error de formato en la hoja Hoja21 del archivo G05_Formularios Digitales - Zona 5 - San Sebastian.xlsx
Error de formato en la hoja Hoja22 del archivo G05_Formularios Digitales - Zona 5 - San Sebastian.xlsx
Error de formato en la hoja Hoja23 del archivo G05_Formularios Digitales - Zona 5 - San Sebastian.xlsx
Error de formato en la hoja Hoja24 del archivo G05_Formularios Digitales - Zona 5 - San Sebastian.xlsx
Error de formato en la hoja Hoja25 del archivo G05_Formularios Digitales - Zona 5 - San Sebastian.xlsx
Error de formato en la hoja Hoja26 del archivo G05_Formularios Digitales - Zona 5 - San Sebastian.xlsx
Error de formato en la hoja Hoja27 del archivo G05_Formularios Digitales - Zona 5 - San Sebastian.xlsx
Error de formato en la hoja Hoja28 del archivo G05_Formularios Digitales - Zona 5 - San Sebastian.xlsx
Error de formato en la hoja Hoja29 del archivo G05_Formularios Digitales - Zona 5 - San Sebastian.xlsx
Error de formato en la hoja Hoja30 del archivo G05_Formularios Digitales - Zona 5 - San Sebastian.xlsx
Error de formato en la hoja Hoja31 del archivo G05_Formularios Digitales - Zona 5 - San Sebastian.xlsx
Error de formato en la hoja Hoja32 del archivo G05_Formularios Digitales - Zona 5 - San Sebastian.xlsx
Error de formato en la hoja Hoja33 del archivo G05_Formularios Digitales - Zona 5 - San Sebastian.xlsx
Error de formato en la hoja Hoja34 del archivo G05_Formularios Digitales - Zona 5 - San Sebastian.xlsx
Error de formato en la hoja Hoja35 del archivo G05_Formularios Digitales - Zona 5 - San Sebastian.xlsx
Error de formato en la hoja Hoja36 del archivo G05_Formularios Digitales - Zona 5 - San Sebastian.xlsx
Error de formato en la hoja Formulario 1 del archivo G17. PARTE 2.xlsx
Error de formato en la hoja Hoja 58 del archivo G17. PARTE 2.xlsx
Error de formato en la hoja Hoja 59 del archivo G17. PARTE 2.xlsx
Error de formato en la hoja Hoja 60 del archivo G17. PARTE 2.xlsx
Error de formato en la hoja Hoja 61 del archivo G17. PARTE 2.xlsx
Error de formato en la hoja Hoja 62 del archivo G17. PARTE 2.xlsx
Error de formato en la hoja Hoja 63 del archivo G17. PARTE 2.xlsx
Error de formato en la hoja Hoja 64 del archivo G17. PARTE 2.xlsx
Error de formato en la hoja Hoja 65 del archivo G17. PARTE 2.xlsx
Error de formato en la hoja Hoja 66 del archivo G17. PARTE 2.xlsx
Error de formato en la hoja Hoja 67 del archivo G17. PARTE 2.xlsx
Error de formato en la hoja Hoja 68 del archivo G17. PARTE 2.xlsx
Error de formato en la hoja Hoja 69 del archivo G17. PARTE 2.xlsx
Error de formato en la hoja Formulario 1 (2) del archivo G17_Cebollar.xlsx
Error de formato en la hoja Hoja 58 del archivo G17_Cebollar.xlsx
Error de formato en la hoja Hoja 59 del archivo G17_Cebollar.xlsx
Error de formato en la hoja Hoja 60 del archivo G17_Cebollar.xlsx
Error de formato en la hoja Hoja 61 del archivo G17_Cebollar.xlsx
Error de formato en la hoja Hoja 62 del archivo G17_Cebollar.xlsx
Error de formato en la hoja Hoja 63 del archivo G17_Cebollar.xlsx
Error de formato en la hoja Hoja 64 del archivo G17_Cebollar.xlsx
Error de formato en la hoja Hoja 65 del archivo G17_Cebollar.xlsx
Error de formato en la hoja Hoja 66 del archivo G17_Cebollar.xlsx
Error de formato en la hoja Hoja 67 del archivo G17_Cebollar.xlsx
Error de formato en la hoja Hoja 68 del archivo G17_Cebollar.xlsx
Error de formato en la hoja Hoja 69 del archivo G17_Cebollar.xlsx
Error de formato en la hoja Formulario 35 (2) del archivo G31_Miraflores.xlsx
Error de formato en la hoja Formulario 36 (2) del archivo G31_Miraflores.xlsx
Error de formato en la hoja Formulario 37 (2) del archivo G31_Miraflores.xlsx
Error de formato en la hoja Formulario 38 (2) del archivo G31_Miraflores.xlsx
Error de formato en la hoja Formulario 39 (2) del archivo G31_Miraflores.xlsx
Error de formato en la hoja Formulario 40 (2) del archivo G31_Miraflores.xlsx
Error de formato en la hoja Formulario 41 (2) del archivo G31_Miraflores.xlsx
Error de formato en la hoja Formulario 42 (2) del archivo G31_Miraflores.xlsx
Error de formato en la hoja Formulario 43 (2) del archivo G31_Miraflores.xlsx
Error de formato en la hoja Formulario 44 (2) del archivo G31_Miraflores.xlsx
Error de formato en la hoja Formulario 45 (2) del archivo G31_Miraflores.xlsx
Error de formato en la hoja Formulario 46 (2) del archivo G31_Miraflores.xlsx
Error de formato en la hoja Formulario 47 (2) del archivo G31_Miraflores.xlsx
Error de formato en la hoja Formulario 48 (2) del archivo G31_Miraflores.xlsx
Error de formato en la hoja Formulario 49 (2) del archivo G31_Miraflores.xlsx
Error de formato en la hoja Formulario 50 (2) del archivo G31_Miraflores.xlsx
Error de formato en la hoja Formulario 51 (2) del archivo G31_Miraflores.xlsx
Error de formato en la hoja Formulario 52 (2) del archivo G31_Miraflores.xlsx
Error de formato en la hoja Formulario 53 (2) del archivo G31_Miraflores.xlsx
Error de formato en la hoja Formulario 54 (2) del archivo G31_Miraflores.xlsx
Error de formato en la hoja Formulario 55 (2) del archivo G31_Miraflores.xlsx
Error de formato en la hoja Formulario 56 (2) del archivo G31_Miraflores.xlsx
Error de formato en la hoja Formulario 57 (2) del archivo G31_Miraflores.xlsx
Error de formato en la hoja Formulario 58 (2) del archivo G31_Miraflores.xlsx
Error de formato en la hoja Formulario 59 (2) del archivo G31_Miraflores.xlsx
Error de formato en la hoja Formulario 60 (2) del archivo G31_Miraflores.xlsx
Error de formato en la hoja Formulario 61 (2) del archivo G31_Miraflores.xlsx
Error de formato en la hoja Formulario 62 (2) del archivo G31_Miraflores.xlsx
Error de formato en la hoja Formulario 63 (2) del archivo G31_Miraflores.xlsx
Error de formato en la hoja Formulario 35 del archivo G31_Miraflores.xlsx
Error de formato en la hoja Formulario 36 del archivo G31_Miraflores.xlsx
Error de formato en la hoja Formulario 37 del archivo G31_Miraflores.xlsx
Error de formato en la hoja Formulario 38 del archivo G31_Miraflores.xlsx
Error de formato en la hoja Formulario 39 del archivo G31_Miraflores.xlsx
Error de formato en la hoja Formulario 40 del archivo G31_Miraflores.xlsx
Error de formato en la hoja Formulario 41 del archivo G31_Miraflores.xlsx
Error de formato en la hoja Formulario 42 del archivo G31_Miraflores.xlsx
Error de formato en la hoja Formulario 43 del archivo G31_Miraflores.xlsx
Error de formato en la hoja Formulario 44 del archivo G31_Miraflores.xlsx
Error de formato en la hoja Formulario 45 del archivo G31_Miraflores.xlsx
Error de formato en la hoja Formulario 46 del archivo G31_Miraflores.xlsx
Error de formato en la hoja Formulario 47 del archivo G31_Miraflores.xlsx
Error de formato en la hoja Formulario 48 del archivo G31_Miraflores.xlsx
Error de formato en la hoja Formulario 49 del archivo G31_Miraflores.xlsx
Error de formato en la hoja Formulario 50 del archivo G31_Miraflores.xlsx
Error de formato en la hoja Formulario 51 del archivo G31_Miraflores.xlsx
Error de formato en la hoja Formulario 52 del archivo G31_Miraflores.xlsx
Error de formato en la hoja Formulario 53 del archivo G31_Miraflores.xlsx
Error de formato en la hoja Formulario 54 del archivo G31_Miraflores.xlsx
Error de formato en la hoja Formulario 55 del archivo G31_Miraflores.xlsx
Error de formato en la hoja Formulario 56 del archivo G31_Miraflores.xlsx
Error de formato en la hoja Formulario 57 del archivo G31_Miraflores.xlsx
Error de formato en la hoja Formulario 58 del archivo G31_Miraflores.xlsx
Error de formato en la hoja Formulario 59 del archivo G31_Miraflores.xlsx
Error de formato en la hoja Formulario 60 del archivo G31_Miraflores.xlsx
Error de formato en la hoja Formulario 61 del archivo G31_Miraflores.xlsx
Error de formato en la hoja Formulario 62 del archivo G31_Miraflores.xlsx
Error de formato en la hoja Formulario 63 del archivo G31_Miraflores.xlsx
