1
Nombre del archivo: G01_Formulario - Zona 1 - P1.xlsx
Nombre de la hoja: formulario130
Calle: Miguel Ullairi
Tipo calle: principal
------------------------------------------------------------------------------------------------------------
2
Nombre del archivo: G01_Formulario - Zona 1 - P1.xlsx
Nombre de la hoja: formulario116
Calle: Jaun Jaramillo
Tipo calle: secundaria
------------------------------------------------------------------------------------------------------------
3
Nombre del archivo: G01_Formulario - Zona 1 - P1.xlsx
Nombre de la hoja: formulario105
Calle: Presidente Cordavo
Tipo calle: principal
------------------------------------------------------------------------------------------------------------
4
Nombre del archivo: G01_Formulario - Zona 1 - P1.xlsx
Nombre de la hoja: formulario101
Calle: Jaun Jaramillo
Tipo calle: secundaria
------------------------------------------------------------------------------------------------------------
5
Nombre del archivo: G01_Formulario - Zona 1 - P1.xlsx
Nombre de la hoja: formulario91
Calle: Puente de el Bado
Tipo calle: secundaria
------------------------------------------------------------------------------------------------------------
6
Nombre del archivo: G01_Formulario - Zona 1 - P1.xlsx
Nombre de la hoja: formulario81
Calle: Vargas Mahuca
Tipo calle: secundaria
------------------------------------------------------------------------------------------------------------
7
Nombre del archivo: G01_Formulario - Zona 1 - P1.xlsx
Nombre de la hoja: formulario77
Calle: Rfael María Arizaga
Tipo calle: secundaria
------------------------------------------------------------------------------------------------------------
8
Nombre del archivo: G01_Formulario - Zona 1 - P1.xlsx
Nombre de la hoja: formulario73
Calle: Psdre Aguirre
Tipo calle: secundaria
------------------------------------------------------------------------------------------------------------
9
Nombre del archivo: G01_Formulario - Zona 1 - P1.xlsx
Nombre de la hoja: formulario71
Calle: Presiendete Borrero
Tipo calle: secundaria
------------------------------------------------------------------------------------------------------------
10
Nombre del archivo: G01_Formulario - Zona 1 - P1.xlsx
Nombre de la hoja: formulario69
Calle: Rafel María Arizaga
Tipo calle: principal
------------------------------------------------------------------------------------------------------------
11
Nombre del archivo: G01_Formulario - Zona 1 - P1.xlsx
Nombre de la hoja: formulario69
Calle: Beningno Malo
Tipo calle: secundaria
------------------------------------------------------------------------------------------------------------
12
Nombre del archivo: G01_Formulario - Zona 1 - P1.xlsx
Nombre de la hoja: formulario65
Calle: Rfael María Arizaga
Tipo calle: secundaria
------------------------------------------------------------------------------------------------------------
13
Nombre del archivo: G01_Formulario - Zona 1 - P1.xlsx
Nombre de la hoja: formulario59
Calle: Presiedente Borrero 
Tipo calle: principal
------------------------------------------------------------------------------------------------------------
14
Nombre del archivo: G01_Formulario - Zona 1 - P1.xlsx
Nombre de la hoja: formulario58
Calle: Hermano Juan
Tipo calle: principal
------------------------------------------------------------------------------------------------------------
15
Nombre del archivo: G01_Formulario - Zona 1 - P1.xlsx
Nombre de la hoja: formulario53
Calle: Beninigno Malo
Tipo calle: secundaria
------------------------------------------------------------------------------------------------------------
16
Nombre del archivo: G01_Formulario - Zona 1 - P1.xlsx
Nombre de la hoja: formulario52
Calle: Rafael María Aripizaga
Tipo calle: principal
------------------------------------------------------------------------------------------------------------
17
Nombre del archivo: G01_Formulario - Zona 1 - P1.xlsx
Nombre de la hoja: formulario43
Calle: De Las Casas
Tipo calle: principal
------------------------------------------------------------------------------------------------------------
18
Nombre del archivo: G01_Formulario - Zona 1 - P1.xlsx
Nombre de la hoja: formulario40
Calle: Rafael Marpia Arizaga 
Tipo calle: principal
------------------------------------------------------------------------------------------------------------
19
Nombre del archivo: G01_Formulario - Zona 1 - P1.xlsx
Nombre de la hoja: formulario27
Calle: Presiente Borrero
Tipo calle: secundaria
------------------------------------------------------------------------------------------------------------
20
Nombre del archivo: G01_Formulario - Zona 1 - P1.xlsx
Nombre de la hoja: formulario22
Calle: Escalinata de Bellavista
Tipo calle: secundaria
------------------------------------------------------------------------------------------------------------
21
Nombre del archivo: G01_Formulario - Zona 1 - P1.xlsx
Nombre de la hoja: formulario19
Calle: Hereos de Verdelona
Tipo calle: secundaria
------------------------------------------------------------------------------------------------------------
22
Nombre del archivo: G01_Formulario - Zona 1 - P1.xlsx
Nombre de la hoja: formulario14
Calle: Presisdente Borrero
Tipo calle: secundaria
------------------------------------------------------------------------------------------------------------
