1
Nombre del archivo: G05_Formularios Digitales - Zona 5 - San Sebastian.xlsx
Nombre de la hoja: 18
Correccion realizada: Se ha cambiado los datos de #vespertino y #matutino por #diurno
Atractor corregido: Escuela/Colegio
----------------------------------------------------------------------------------------------------------------
2
Nombre del archivo: G08_Formulario Zona Aeropuerto.xlsx
Nombre de la hoja: Formulario 109.
Correccion realizada: Se ha cambiado #lunes, #martes, #miercoles, #jueves, #viernes por #entre semana
Atractor corregido: Otro Compras Servicios
----------------------------------------------------------------------------------------------------------------
3
Nombre del archivo: G08_Formulario Zona Aeropuerto.xlsx
Nombre de la hoja: Formulario 110.
Correccion realizada: Se ha cambiado #lunes, #martes, #miercoles, #jueves, #viernes por #entre semana
Atractor corregido: Otro Compras Servicios
----------------------------------------------------------------------------------------------------------------
4
Nombre del archivo: G08_Formulario Zona Aeropuerto.xlsx
Nombre de la hoja: Formulario 112.
Correccion realizada: Se ha cambiado #lunes, #martes, #miercoles, #jueves, #viernes por #entre semana
Atractor corregido: Otro Educación
----------------------------------------------------------------------------------------------------------------
5
Nombre del archivo: G08_Formulario Zona Aeropuerto.xlsx
Nombre de la hoja: Formulario 112.
Correccion realizada: Se ha cambiado #lunes, #martes, #miercoles, #jueves, #viernes por #entre semana
Atractor corregido: Otro Compras Servicios
----------------------------------------------------------------------------------------------------------------
6
Nombre del archivo: G10_Formularios Digitalizados Zona # 10 Paraiso - John Abad, Kevin Cabrera.xlsx
Nombre de la hoja: Formulario (1)
Correccion realizada: Se ha cambiado los datos de #vespertino y #matutino por #diurno
Atractor corregido: Escuela/Colegio
----------------------------------------------------------------------------------------------------------------
7
Nombre del archivo: G10_Formularios Digitalizados Zona # 10 Paraiso - John Abad, Kevin Cabrera.xlsx
Nombre de la hoja: Formulario (1)
Correccion realizada: Se ha cambiado los datos de #vespertino y #matutino por #diurno
Atractor corregido: Otro Educación
----------------------------------------------------------------------------------------------------------------
8
Nombre del archivo: G10_Formularios Digitalizados Zona # 10 Paraiso - John Abad, Kevin Cabrera.xlsx
Nombre de la hoja: Formulario (1)
Correccion realizada: Se ha cambiado los datos de #vespertino y #matutino por #diurno
Atractor corregido: Heladería/Cafetería
----------------------------------------------------------------------------------------------------------------
9
Nombre del archivo: G10_Formularios Digitalizados Zona # 10 Paraiso - John Abad, Kevin Cabrera.xlsx
Nombre de la hoja: Formulario (18)
Correccion realizada: Se ha cambiado los datos de #vespertino y #matutino por #diurno
Atractor corregido: Guardería/Cuidado infantil
----------------------------------------------------------------------------------------------------------------
10
Nombre del archivo: G10_Formularios Digitalizados Zona # 10 Paraiso - John Abad, Kevin Cabrera.xlsx
Nombre de la hoja: Formulario (21)
Correccion realizada: Se ha cambiado los datos de #vespertino y #matutino por #diurno
Atractor corregido: Escuela/Colegio
----------------------------------------------------------------------------------------------------------------
11
Nombre del archivo: G10_Formularios Digitalizados Zona # 10 Paraiso - John Abad, Kevin Cabrera.xlsx
Nombre de la hoja: Formulario (21)
Correccion realizada: Se ha cambiado los datos de #vespertino y #matutino por #diurno
Atractor corregido: Guardería/Cuidado infantil
----------------------------------------------------------------------------------------------------------------
12
Nombre del archivo: G10_Formularios Digitalizados Zona # 10 Paraiso - John Abad, Kevin Cabrera.xlsx
Nombre de la hoja: Formulario (62)
Correccion realizada: Se ha cambiado los datos de #vespertino y #matutino por #diurno
Atractor corregido: Escuela/Colegio
----------------------------------------------------------------------------------------------------------------
13
Nombre del archivo: G10_Formularios Digitalizados Zona # 10 Paraiso - John Abad, Kevin Cabrera.xlsx
Nombre de la hoja: Formulario (64)
Correccion realizada: Se ha cambiado los datos de #vespertino y #matutino por #diurno
Atractor corregido: Consultorio Medico
----------------------------------------------------------------------------------------------------------------
14
Nombre del archivo: G10_Formularios Digitalizados Zona # 10 Paraiso - John Abad, Kevin Cabrera.xlsx
Nombre de la hoja: Formulario (64)
Correccion realizada: Se ha cambiado los datos de #vespertino y #matutino por #diurno
Atractor corregido: Odontólogo
----------------------------------------------------------------------------------------------------------------
15
Nombre del archivo: G14. MISICATA_NORTE.xlsx
Nombre de la hoja: Formulario2
Correccion realizada: Se ha cambiado los datos de #vespertino y #matutino por #diurno
Atractor corregido: Tienda/Minimarket
----------------------------------------------------------------------------------------------------------------
16
Nombre del archivo: G14. MISICATA_NORTE.xlsx
Nombre de la hoja: Formulario 57
Correccion realizada: Se ha cambiado los datos de #vespertino y #matutino por #diurno
Atractor corregido: Otro Compras Servicios
----------------------------------------------------------------------------------------------------------------
17
Nombre del archivo: G14. MISICATA_NORTE.xlsx
Nombre de la hoja: Formulario 80
Correccion realizada: Se ha cambiado los datos de #vespertino y #matutino por #diurno
Atractor corregido: Otro deporte
----------------------------------------------------------------------------------------------------------------
18
Nombre del archivo: G15_Formulario_grupo_15 Corregido.xlsx
Nombre de la hoja: Formulario 40
Correccion realizada: Se ha cambiado #lunes, #martes, #miercoles, #jueves, #viernes por #entre semana
Atractor corregido: Gimnasio
----------------------------------------------------------------------------------------------------------------
19
Nombre del archivo: G15_Formulario_grupo_15 Corregido.xlsx
Nombre de la hoja: Formulario 41
Correccion realizada: Se ha cambiado #lunes, #martes, #miercoles, #jueves, #viernes por #entre semana
Atractor corregido: Peluquería
----------------------------------------------------------------------------------------------------------------
20
Nombre del archivo: G15_Formulario_grupo_15 Corregido.xlsx
Nombre de la hoja: Formulario 41
Correccion realizada: Se ha cambiado #lunes, #martes, #miercoles, #jueves, #viernes por #entre semana
Atractor corregido: Gimnasio
----------------------------------------------------------------------------------------------------------------
21
Nombre del archivo: G16_formularios-grupo16.xlsx
Nombre de la hoja: formulario102
Correccion realizada: Se ha cambiado los datos de #vespertino y #matutino por #diurno
Atractor corregido: Escuela/Colegio
----------------------------------------------------------------------------------------------------------------
22
Nombre del archivo: G16_formularios-grupo16.xlsx
Nombre de la hoja: formulario110
Correccion realizada: Se ha cambiado los datos de #vespertino y #matutino por #diurno
Atractor corregido: Escuela/Colegio
----------------------------------------------------------------------------------------------------------------
23
Nombre del archivo: G16_formularios-grupo16.xlsx
Nombre de la hoja: formulario113
Correccion realizada: Se ha cambiado los datos de #vespertino y #matutino por #diurno
Atractor corregido: Escuela/Colegio
----------------------------------------------------------------------------------------------------------------
24
Nombre del archivo: G16_formularios-grupo16.xlsx
Nombre de la hoja: formulario131
Correccion realizada: Se ha cambiado los datos de #vespertino y #matutino por #diurno
Atractor corregido: Escuela/Colegio
----------------------------------------------------------------------------------------------------------------
25
Nombre del archivo: G18_Arenal_Formulario 2 Ana Paula.xlsx
Nombre de la hoja: Form 1
Correccion realizada: Se ha cambiado los datos de #vespertino y #matutino por #diurno
Atractor corregido: Escuela/Colegio
----------------------------------------------------------------------------------------------------------------
26
Nombre del archivo: G20_Zona20 Putusi.xlsx
Nombre de la hoja: F137
Correccion realizada: Se ha cambiado los datos de #vespertino y #matutino por #diurno
Atractor corregido: Escuela/Colegio
----------------------------------------------------------------------------------------------------------------
27
Nombre del archivo: G22_FORMULARIOS_ GRUPO#22_MACHÁNGARA.xlsx
Nombre de la hoja: FORMULARIO 10
Correccion realizada: Se ha cambiado los datos de #vespertino y #matutino por #diurno
Atractor corregido: Capilla
----------------------------------------------------------------------------------------------------------------
28
Nombre del archivo: G22_FORMULARIOS_ GRUPO#22_MACHÁNGARA.xlsx
Nombre de la hoja: FORMULARIO 18
Correccion realizada: Se ha cambiado los datos de #vespertino y #matutino por #diurno
Atractor corregido: Otro Compras Servicios
----------------------------------------------------------------------------------------------------------------
29
Nombre del archivo: G29_Formulario_29_RAYOLOMA_FARFAN, GIÑIN.xlsx
Nombre de la hoja: Formulario 4
Correccion realizada: Se ha cambiado #lunes, #martes, #miercoles, #jueves, #viernes por #entre semana
Atractor corregido: Papelería
----------------------------------------------------------------------------------------------------------------
30
Nombre del archivo: G2_Digitalización - NICOLE TORAL.xlsx
Nombre de la hoja: Formulario 14
Correccion realizada: Se ha cambiado los datos de #vespertino y #matutino por #diurno
Atractor corregido: Otro Educación
----------------------------------------------------------------------------------------------------------------
31
Nombre del archivo: G2_Digitalización - NICOLE TORAL.xlsx
Nombre de la hoja: Formulario 14
Correccion realizada: Se ha cambiado los datos de #vespertino y #matutino por #diurno
Atractor corregido: Consultorio Medico
----------------------------------------------------------------------------------------------------------------
32
Nombre del archivo: G2_Digitalización - NICOLE TORAL.xlsx
Nombre de la hoja: Formulario 14
Correccion realizada: Se ha cambiado los datos de #vespertino y #matutino por #diurno
Atractor corregido: Odontólogo
----------------------------------------------------------------------------------------------------------------
33
Nombre del archivo: G2_Digitalización - NICOLE TORAL.xlsx
Nombre de la hoja: Formulario 14
Correccion realizada: Se ha cambiado los datos de #vespertino y #matutino por #diurno
Atractor corregido: Otros Salud/Seguridad
----------------------------------------------------------------------------------------------------------------
34
Nombre del archivo: G2_Digitalización - NICOLE TORAL.xlsx
Nombre de la hoja: Formulario 16
Correccion realizada: Se ha cambiado los datos de #vespertino y #matutino por #diurno
Atractor corregido: Odontólogo
----------------------------------------------------------------------------------------------------------------
35
Nombre del archivo: G2_Digitalización - NICOLE TORAL.xlsx
Nombre de la hoja: Formulario 16
Correccion realizada: Se ha cambiado los datos de #vespertino y #matutino por #diurno
Atractor corregido: Otros Salud/Seguridad
----------------------------------------------------------------------------------------------------------------
36
Nombre del archivo: G2_Digitalización - NICOLE TORAL.xlsx
Nombre de la hoja: Formulario 17
Correccion realizada: Se ha cambiado los datos de #vespertino y #matutino por #diurno
Atractor corregido: Restaurante
----------------------------------------------------------------------------------------------------------------
37
Nombre del archivo: G2_Digitalización - NICOLE TORAL.xlsx
Nombre de la hoja: Formulario 17
Correccion realizada: Se ha cambiado los datos de #vespertino y #matutino por #diurno
Atractor corregido: Tienda/Minimarket
----------------------------------------------------------------------------------------------------------------
38
Nombre del archivo: G2_Digitalización - NICOLE TORAL.xlsx
Nombre de la hoja: Formulario 17
Correccion realizada: Se ha cambiado los datos de #vespertino y #matutino por #diurno
Atractor corregido: Papelería
----------------------------------------------------------------------------------------------------------------
39
Nombre del archivo: G2_Digitalización - NICOLE TORAL.xlsx
Nombre de la hoja: Formulario 17
Correccion realizada: Se ha cambiado los datos de #vespertino y #matutino por #diurno
Atractor corregido: Bazar
----------------------------------------------------------------------------------------------------------------
40
Nombre del archivo: G2_Digitalización - NICOLE TORAL.xlsx
Nombre de la hoja: Formulario 17
Correccion realizada: Se ha cambiado los datos de #vespertino y #matutino por #diurno
Atractor corregido: Otro Compras Servicios
----------------------------------------------------------------------------------------------------------------
41
Nombre del archivo: G2_Digitalización - NICOLE TORAL.xlsx
Nombre de la hoja: Formulario 17
Correccion realizada: Se ha cambiado los datos de #vespertino y #matutino por #diurno
Atractor corregido: Farmacia
----------------------------------------------------------------------------------------------------------------
42
Nombre del archivo: G2_Digitalización - NICOLE TORAL.xlsx
Nombre de la hoja: Formulario 17
Correccion realizada: Se ha cambiado los datos de #vespertino y #matutino por #diurno
Atractor corregido: Otros Salud/Seguridad
----------------------------------------------------------------------------------------------------------------
43
Nombre del archivo: G30_Formularios Grupo 30.xlsx
Nombre de la hoja: Formulario 5
Correccion realizada: Se ha cambiado los datos de #vespertino y #matutino por #diurno
Atractor corregido: Otro Compras Servicios
----------------------------------------------------------------------------------------------------------------
44
Nombre del archivo: G30_Formularios Grupo 30.xlsx
Nombre de la hoja: Formulario 12
Correccion realizada: Se ha cambiado los datos de #vespertino y #matutino por #diurno
Atractor corregido: Restaurante
----------------------------------------------------------------------------------------------------------------
45
Nombre del archivo: G30_Formularios Grupo 30.xlsx
Nombre de la hoja: Formulario 13
Correccion realizada: Se ha cambiado los datos de #vespertino y #matutino por #diurno
Atractor corregido: Otro Educación
----------------------------------------------------------------------------------------------------------------
46
Nombre del archivo: G30_Formularios Grupo 30.xlsx
Nombre de la hoja: Formulario 27
Correccion realizada: Se ha cambiado #lunes, #martes, #miercoles, #jueves, #viernes por #entre semana
Atractor corregido: Otro Educación
----------------------------------------------------------------------------------------------------------------
47
Nombre del archivo: G30_Formularios Grupo 30.xlsx
Nombre de la hoja: Formulario 38
Correccion realizada: Se ha cambiado los datos de #vespertino y #matutino por #diurno
Atractor corregido: Otro Compras Servicios
----------------------------------------------------------------------------------------------------------------
48
Nombre del archivo: G30_Formularios Grupo 30.xlsx
Nombre de la hoja: Formulario 39
Correccion realizada: Se ha cambiado los datos de #vespertino y #matutino por #diurno
Atractor corregido: Otro Compras Servicios
----------------------------------------------------------------------------------------------------------------
49
Nombre del archivo: G30_Formularios Grupo 30.xlsx
Nombre de la hoja: Formulario 52
Correccion realizada: Se ha cambiado los datos de #vespertino y #matutino por #diurno
Atractor corregido: Guardería/Cuidado infantil
----------------------------------------------------------------------------------------------------------------
50
Nombre del archivo: G30_Formularios Grupo 30.xlsx
Nombre de la hoja: Formulario 55
Correccion realizada: Se ha cambiado los datos de #vespertino y #matutino por #diurno
Atractor corregido: Escuela/Colegio
----------------------------------------------------------------------------------------------------------------
51
Nombre del archivo: G30_Formularios Grupo 30.xlsx
Nombre de la hoja: Formulario 55
Correccion realizada: Se ha cambiado los datos de #vespertino y #matutino por #diurno
Atractor corregido: Restaurante
----------------------------------------------------------------------------------------------------------------
52
Nombre del archivo: G30_Formularios Grupo 30.xlsx
Nombre de la hoja: Formulario 55
Correccion realizada: Se ha cambiado los datos de #vespertino y #matutino por #diurno
Atractor corregido: Tienda/Minimarket
----------------------------------------------------------------------------------------------------------------
53
Nombre del archivo: G30_Formularios Grupo 30.xlsx
Nombre de la hoja: Formulario 55
Correccion realizada: Se ha cambiado los datos de #vespertino y #matutino por #diurno
Atractor corregido: Otro Compras Servicios
----------------------------------------------------------------------------------------------------------------
54
Nombre del archivo: G30_Formularios Grupo 30.xlsx
Nombre de la hoja: Formulario 56
Correccion realizada: Se ha cambiado los datos de #vespertino y #matutino por #diurno
Atractor corregido: Restaurante
----------------------------------------------------------------------------------------------------------------
55
Nombre del archivo: G30_Formularios Grupo 30.xlsx
Nombre de la hoja: Formulario 61
Correccion realizada: Se ha cambiado los datos de #vespertino y #matutino por #diurno
Atractor corregido: Farmacia
----------------------------------------------------------------------------------------------------------------
56
Nombre del archivo: G30_Formularios Grupo 30.xlsx
Nombre de la hoja: Formulario 63
Correccion realizada: Se ha cambiado los datos de #vespertino y #matutino por #diurno
Atractor corregido: Restaurante
----------------------------------------------------------------------------------------------------------------
57
Nombre del archivo: G30_Formularios Grupo 30.xlsx
Nombre de la hoja: Formulario 66
Correccion realizada: Se ha cambiado los datos de #vespertino y #matutino por #diurno
Atractor corregido: Panadería
----------------------------------------------------------------------------------------------------------------
58
Nombre del archivo: G30_Formularios Grupo 30.xlsx
Nombre de la hoja: Formulario 66
Correccion realizada: Se ha cambiado los datos de #vespertino y #matutino por #diurno
Atractor corregido: Tienda/Minimarket
----------------------------------------------------------------------------------------------------------------
59
Nombre del archivo: G30_Formularios Grupo 30.xlsx
Nombre de la hoja: Copia de Formulario 78
Correccion realizada: Se ha cambiado los datos de #vespertino y #matutino por #diurno
Atractor corregido: Panadería
----------------------------------------------------------------------------------------------------------------
60
Nombre del archivo: G33_FormularioF1Dig 33 -Patamarca.xlsx
Nombre de la hoja: Formulario 19
Correccion realizada: Se ha cambiado los datos de #vespertino y #matutino por #diurno
Atractor corregido: Papelería
----------------------------------------------------------------------------------------------------------------
61
Nombre del archivo: G33_FormularioF1Dig 33 -Patamarca.xlsx
Nombre de la hoja: Formulario 20
Correccion realizada: Se ha cambiado los datos de #vespertino y #matutino por #diurno
Atractor corregido: Tienda/Minimarket
----------------------------------------------------------------------------------------------------------------
62
Nombre del archivo: G33_FormularioF1Dig 33 -Patamarca.xlsx
Nombre de la hoja: Formulario 20
Correccion realizada: Se ha cambiado los datos de #vespertino y #matutino por #diurno
Atractor corregido: Otro Compras Servicios
----------------------------------------------------------------------------------------------------------------
63
Nombre del archivo: G33_FormularioF1Dig 33 -Patamarca.xlsx
Nombre de la hoja: Formulario 20
Correccion realizada: Se ha cambiado #lunes, #martes, #miercoles, #jueves, #viernes por #entre semana
Atractor corregido: Otro Compras Servicios
----------------------------------------------------------------------------------------------------------------
64
Nombre del archivo: G33_FormularioF1Dig 33 -Patamarca.xlsx
Nombre de la hoja: Formulario 21
Correccion realizada: Se ha cambiado los datos de #vespertino y #matutino por #diurno
Atractor corregido: Otro Compras Servicios
----------------------------------------------------------------------------------------------------------------
65
Nombre del archivo: G33_FormularioF1Dig 33 -Patamarca.xlsx
Nombre de la hoja: Formulario 25
Correccion realizada: Se ha cambiado los datos de #vespertino y #matutino por #diurno
Atractor corregido: Tienda/Minimarket
----------------------------------------------------------------------------------------------------------------
66
Nombre del archivo: G33_FormularioF1Dig 33 -Patamarca.xlsx
Nombre de la hoja: Formulario 26
Correccion realizada: Se ha cambiado #lunes, #martes, #miercoles, #jueves, #viernes por #entre semana
Atractor corregido: Escuela/Colegio
----------------------------------------------------------------------------------------------------------------
67
Nombre del archivo: G33_FormularioF1Dig 33 -Patamarca.xlsx
Nombre de la hoja: Formulario 26
Correccion realizada: Se ha cambiado los datos de #vespertino y #matutino por #diurno
Atractor corregido: Tienda/Minimarket
----------------------------------------------------------------------------------------------------------------
68
Nombre del archivo: G33_FormularioF1Dig 33 -Patamarca.xlsx
Nombre de la hoja: Formulario 28
Correccion realizada: Se ha cambiado los datos de #vespertino y #matutino por #diurno
Atractor corregido: Otro Compras Servicios
----------------------------------------------------------------------------------------------------------------
69
Nombre del archivo: G33_FormularioF1Dig 33 -Patamarca.xlsx
Nombre de la hoja: Formulario 29
Correccion realizada: Se ha cambiado #lunes, #martes, #miercoles, #jueves, #viernes por #entre semana
Atractor corregido: Odontólogo
----------------------------------------------------------------------------------------------------------------
70
Nombre del archivo: G33_FormularioF1Dig 33 -Patamarca.xlsx
Nombre de la hoja: Formulario 30
Correccion realizada: Se ha cambiado los datos de #vespertino y #matutino por #diurno
Atractor corregido: Otro Compras Servicios
----------------------------------------------------------------------------------------------------------------
71
Nombre del archivo: G33_FormularioF1Dig 33 -Patamarca.xlsx
Nombre de la hoja: Formulario 30
Correccion realizada: Se ha cambiado los datos de #vespertino y #matutino por #diurno
Atractor corregido: Farmacia
----------------------------------------------------------------------------------------------------------------
72
Nombre del archivo: G33_FormularioF1Dig 33 -Patamarca.xlsx
Nombre de la hoja: Formulario 31
Correccion realizada: Se ha cambiado los datos de #vespertino y #matutino por #diurno
Atractor corregido: Peluquería
----------------------------------------------------------------------------------------------------------------
73
Nombre del archivo: G33_FormularioF1Dig 33 -Patamarca.xlsx
Nombre de la hoja: Formulario 31
Correccion realizada: Se ha cambiado los datos de #vespertino y #matutino por #diurno
Atractor corregido: Veterinaria
----------------------------------------------------------------------------------------------------------------
74
Nombre del archivo: G33_FormularioF1Dig 33 -Patamarca.xlsx
Nombre de la hoja: Formulario 31
Correccion realizada: Se ha cambiado los datos de #vespertino y #matutino por #diurno
Atractor corregido: Tienda/Minimarket
----------------------------------------------------------------------------------------------------------------
75
Nombre del archivo: G33_FormularioF1Dig 33 -Patamarca.xlsx
Nombre de la hoja: Formulario 32
Correccion realizada: Se ha cambiado los datos de #vespertino y #matutino por #diurno
Atractor corregido: Panadería
----------------------------------------------------------------------------------------------------------------
76
Nombre del archivo: G33_FormularioF1Dig 33 -Patamarca.xlsx
Nombre de la hoja: Formulario 32
Correccion realizada: Se ha cambiado los datos de #vespertino y #matutino por #diurno
Atractor corregido: Farmacia
----------------------------------------------------------------------------------------------------------------
77
Nombre del archivo: G33_FormularioF1Dig 33 -Patamarca.xlsx
Nombre de la hoja: Formulario 34
Correccion realizada: Se ha cambiado los datos de #vespertino y #matutino por #diurno
Atractor corregido: Papelería
----------------------------------------------------------------------------------------------------------------
78
Nombre del archivo: G33_FormularioF1Dig 33 -Patamarca.xlsx
Nombre de la hoja: Formulario 34
Correccion realizada: Se ha cambiado los datos de #vespertino y #matutino por #diurno
Atractor corregido: Bazar
----------------------------------------------------------------------------------------------------------------
79
Nombre del archivo: G33_FormularioF1Dig 33 -Patamarca.xlsx
Nombre de la hoja: Formulario 34
Correccion realizada: Se ha cambiado los datos de #vespertino y #matutino por #diurno
Atractor corregido: Otro Compras Servicios
----------------------------------------------------------------------------------------------------------------
80
Nombre del archivo: G33_FormularioF1Dig 33 -Patamarca.xlsx
Nombre de la hoja: Formulario 35
Correccion realizada: Se ha cambiado los datos de #vespertino y #matutino por #diurno
Atractor corregido: Bazar
----------------------------------------------------------------------------------------------------------------
81
Nombre del archivo: G33_FormularioF1Dig 33 -Patamarca.xlsx
Nombre de la hoja: Formulario 36
Correccion realizada: Se ha cambiado los datos de #vespertino y #matutino por #diurno
Atractor corregido: Tienda/Minimarket
----------------------------------------------------------------------------------------------------------------
82
Nombre del archivo: G33_FormularioF1Dig 33 -Patamarca.xlsx
Nombre de la hoja: Formulario 37
Correccion realizada: Se ha cambiado los datos de #vespertino y #matutino por #diurno
Atractor corregido: Tienda/Minimarket
----------------------------------------------------------------------------------------------------------------
83
Nombre del archivo: G33_FormularioF1Dig 33 -Patamarca.xlsx
Nombre de la hoja: Formulario 39
Correccion realizada: Se ha cambiado los datos de #vespertino y #matutino por #diurno
Atractor corregido: Tienda/Minimarket
----------------------------------------------------------------------------------------------------------------
84
Nombre del archivo: G33_FormularioF1Dig 33 -Patamarca.xlsx
Nombre de la hoja: Formulario 39
Correccion realizada: Se ha cambiado los datos de #vespertino y #matutino por #diurno
Atractor corregido: Bazar
----------------------------------------------------------------------------------------------------------------
85
Nombre del archivo: G33_FormularioF1Dig 33 -Patamarca.xlsx
Nombre de la hoja: Formulario 39
Correccion realizada: Se ha cambiado los datos de #vespertino y #matutino por #diurno
Atractor corregido: Otro Compras Servicios
----------------------------------------------------------------------------------------------------------------
86
Nombre del archivo: G33_FormularioF1Dig 33 -Patamarca.xlsx
Nombre de la hoja: Formulario 39
Correccion realizada: Se ha cambiado #lunes, #martes, #miercoles, #jueves, #viernes por #entre semana
Atractor corregido: Otro Compras Servicios
----------------------------------------------------------------------------------------------------------------
87
Nombre del archivo: G33_FormularioF1Dig 33 -Patamarca.xlsx
Nombre de la hoja: Formulario 41
Correccion realizada: Se ha cambiado los datos de #vespertino y #matutino por #diurno
Atractor corregido: Bazar
----------------------------------------------------------------------------------------------------------------
88
Nombre del archivo: G33_FormularioF1Dig 33 -Patamarca.xlsx
Nombre de la hoja: Formulario 42
Correccion realizada: Se ha cambiado los datos de #vespertino y #matutino por #diurno
Atractor corregido: Otro Compras Servicios
----------------------------------------------------------------------------------------------------------------
89
Nombre del archivo: G36_Zona Misicata Sur - Silvia Jácome - Patricio Merchán(1).xlsx
Nombre de la hoja: FORMULARIO93
Correccion realizada: Se ha cambiado #lunes, #martes, #miercoles, #jueves, #viernes por #entre semana
Atractor corregido: Otro Educación
----------------------------------------------------------------------------------------------------------------
90
Nombre del archivo: G37_ZONA GUZHO TABULADO.xlsx
Nombre de la hoja: formulario45
Correccion realizada: Se ha cambiado los datos de #vespertino y #matutino por #diurno
Atractor corregido: Escuela/Colegio
----------------------------------------------------------------------------------------------------------------
91
Nombre del archivo: G37_ZONA GUZHO TABULADO.xlsx
Nombre de la hoja: formulario45
Correccion realizada: Se ha cambiado #lunes, #martes, #miercoles, #jueves, #viernes por #entre semana
Atractor corregido: Escuela/Colegio
----------------------------------------------------------------------------------------------------------------
