1
Nombre del archivo: 04. Forumularios digitalizados grupo 4.xlsx
Nombre de la hoja: 1
Atractor con problema: Otro Recreación
Errores: Se han ingresado caracteres

Tramo: TRAMO 1
Tramo: TRAMO 1
Zona: 4
Grupo: 4
------------------------------------------------------------------------------------------------------------
2
Nombre del archivo: 04. Forumularios digitalizados grupo 4.xlsx
Nombre de la hoja: 1
Atractor con problema: Otro Compras Servicios
Errores: Se han ingresado caracteres

Tramo: TRAMO 1
Tramo: TRAMO 1
Zona: 4
Grupo: 4
------------------------------------------------------------------------------------------------------------
3
Nombre del archivo: 04. Forumularios digitalizados grupo 4.xlsx
Nombre de la hoja: 3
Atractor con problema: Otro Compras Servicios
Errores: Se han ingresado caracteres

Tramo: TRAMO 1
Tramo: TRAMO 1
Zona: 4
Grupo: 4
------------------------------------------------------------------------------------------------------------
4
Nombre del archivo: 04. Forumularios digitalizados grupo 4.xlsx
Nombre de la hoja: 5
Atractor con problema: Otro Compras Servicios
Errores: Se han ingresado caracteres

Tramo: TRAMO 1
Tramo: TRAMO 1
Zona: 4
Grupo: 4
------------------------------------------------------------------------------------------------------------
5
Nombre del archivo: 04. Forumularios digitalizados grupo 4.xlsx
Nombre de la hoja: 6
Atractor con problema: Otro Compras Servicios
Errores: Se han ingresado caracteres

Tramo: TRAMO 1
Tramo: TRAMO 1
Zona: 4
Grupo: 4
------------------------------------------------------------------------------------------------------------
6
Nombre del archivo: 04. Forumularios digitalizados grupo 4.xlsx
Nombre de la hoja: 7
Atractor con problema: Otro Compras Servicios
Errores: Se han ingresado caracteres

Tramo: TRAMO 1
Tramo: TRAMO 1
Zona: 4
Grupo: 4
------------------------------------------------------------------------------------------------------------
7
Nombre del archivo: 04. Forumularios digitalizados grupo 4.xlsx
Nombre de la hoja: 8
Atractor con problema: Otro Compras Servicios
Errores: Se han ingresado caracteres

Tramo: TRAMO 1
Tramo: TRAMO 1
Zona: 4
Grupo: 4
------------------------------------------------------------------------------------------------------------
8
Nombre del archivo: 04. Forumularios digitalizados grupo 4.xlsx
Nombre de la hoja: 9
Atractor con problema: Otro Educación
Errores: Se han ingresado caracteres

Tramo: TRAMO 1
Tramo: TRAMO 1
Zona: 4
Grupo: 4
------------------------------------------------------------------------------------------------------------
9
Nombre del archivo: 04. Forumularios digitalizados grupo 4.xlsx
Nombre de la hoja: 9
Atractor con problema: Panadería
Errores: Se han ingresado caracteres

Tramo: TRAMO 1
Tramo: TRAMO 1
Zona: 4
Grupo: 4
------------------------------------------------------------------------------------------------------------
10
Nombre del archivo: 04. Forumularios digitalizados grupo 4.xlsx
Nombre de la hoja: 9
Atractor con problema: Peluquería
Errores: Se han ingresado caracteres

Tramo: TRAMO 1
Tramo: TRAMO 1
Zona: 4
Grupo: 4
------------------------------------------------------------------------------------------------------------
11
Nombre del archivo: 04. Forumularios digitalizados grupo 4.xlsx
Nombre de la hoja: 9
Atractor con problema: Tienda/Minimarket
Errores: Se han ingresado caracteres

Tramo: TRAMO 1
Tramo: TRAMO 1
Zona: 4
Grupo: 4
------------------------------------------------------------------------------------------------------------
12
Nombre del archivo: 04. Forumularios digitalizados grupo 4.xlsx
Nombre de la hoja: 9
Atractor con problema: Boutique
Errores: Se han ingresado caracteres

Tramo: TRAMO 1
Tramo: TRAMO 1
Zona: 4
Grupo: 4
------------------------------------------------------------------------------------------------------------
13
Nombre del archivo: 04. Forumularios digitalizados grupo 4.xlsx
Nombre de la hoja: 9
Atractor con problema: Otro Compras Servicios
Errores: Se han ingresado caracteres

Tramo: TRAMO 1
Tramo: TRAMO 1
Zona: 4
Grupo: 4
------------------------------------------------------------------------------------------------------------
14
Nombre del archivo: 04. Forumularios digitalizados grupo 4.xlsx
Nombre de la hoja: 10
Atractor con problema: Otro Compras Servicios
Errores: Se han ingresado caracteres

Tramo: TRAMO 1
Tramo: TRAMO 1
Zona: 4
Grupo: 4
------------------------------------------------------------------------------------------------------------
15
Nombre del archivo: 04. Forumularios digitalizados grupo 4.xlsx
Nombre de la hoja: 11
Atractor con problema: Otros Salud/Seguridad
Errores: Se han ingresado caracteres

Tramo: TRAMO 1
Tramo: TRAMO 1
Zona: 4
Grupo: 4
------------------------------------------------------------------------------------------------------------
16
Nombre del archivo: 04. Forumularios digitalizados grupo 4.xlsx
Nombre de la hoja: 12
Atractor con problema: Otro Compras Servicios
Errores: Se han ingresado caracteres

Tramo: TRAMO 1
Tramo: TRAMO 1
Zona: 4
Grupo: 4
------------------------------------------------------------------------------------------------------------
17
Nombre del archivo: 04. Forumularios digitalizados grupo 4.xlsx
Nombre de la hoja: 13
Atractor con problema: Estadio
Errores: Hay datos de numero de atractores, jornada o dias pero los datos del tamanio estan vacios

Tramo: TRAMO 1
Tramo: TRAMO 1
Zona: 4
Grupo: 4
------------------------------------------------------------------------------------------------------------
18
Nombre del archivo: 04. Forumularios digitalizados grupo 4.xlsx
Nombre de la hoja: 14
Atractor con problema: Otro Compras Servicios
Errores: Se han ingresado caracteres

Tramo: TRAMO 1
Tramo: TRAMO 1
Zona: 4
Grupo: 4
------------------------------------------------------------------------------------------------------------
19
Nombre del archivo: 04. Forumularios digitalizados grupo 4.xlsx
Nombre de la hoja: 15
Atractor con problema: Otro Compras Servicios
Errores: Se han ingresado caracteres

Tramo: TRAMO 1
Tramo: TRAMO 1
Zona: 4
Grupo: 4
------------------------------------------------------------------------------------------------------------
20
Nombre del archivo: 04. Forumularios digitalizados grupo 4.xlsx
Nombre de la hoja: 15
Atractor con problema: Otros Salud/Seguridad
Errores: Hay datos de numero de atractores, jornada o dias pero los datos del tamanio estan vacios
Hay datos de numero de atractores, tamanio o dias pero los datos de la jornada estan vacios
Hay datos de numero de atractores, tamanio o jornada pero los datos de los dias estan vacios

Tramo: TRAMO 1
Tramo: TRAMO 1
Zona: 4
Grupo: 4
------------------------------------------------------------------------------------------------------------
21
Nombre del archivo: 04. Forumularios digitalizados grupo 4.xlsx
Nombre de la hoja: 16
Atractor con problema: Otro Compras Servicios
Errores: Se han ingresado caracteres

Tramo: TRAMO 1
Tramo: TRAMO 1
Zona: 4
Grupo: 4
------------------------------------------------------------------------------------------------------------
22
Nombre del archivo: 04. Forumularios digitalizados grupo 4.xlsx
Nombre de la hoja: 18
Atractor con problema: Centro Comercial
Errores: Hay datos de numero de atractores, jornada o dias pero los datos del tamanio estan vacios

Tramo: TRAMO 1
Tramo: TRAMO 1
Zona: 4
Grupo: 4
------------------------------------------------------------------------------------------------------------
23
Nombre del archivo: 04. Forumularios digitalizados grupo 4.xlsx
Nombre de la hoja: 18
Atractor con problema: Otro Compras Servicios
Errores: Se han ingresado caracteres

Tramo: TRAMO 1
Tramo: TRAMO 1
Zona: 4
Grupo: 4
------------------------------------------------------------------------------------------------------------
24
Nombre del archivo: 04. Forumularios digitalizados grupo 4.xlsx
Nombre de la hoja: 20
Atractor con problema: Megaparque
Errores: Hay datos de numero de atractores, jornada o dias pero los datos del tamanio estan vacios
Hay datos de numero de atractores, tamanio o dias pero los datos de la jornada estan vacios
Hay datos de numero de atractores, tamanio o jornada pero los datos de los dias estan vacios

Tramo: TRAMO 1
Tramo: TRAMO 1
Zona: 4
Grupo: 4
------------------------------------------------------------------------------------------------------------
25
Nombre del archivo: 04. Forumularios digitalizados grupo 4.xlsx
Nombre de la hoja: 23
Atractor con problema: Otro Compras Servicios
Errores: Se han ingresado caracteres

Tramo: TRAMO 1
Tramo: TRAMO 1
Zona: 4
Grupo: 4
------------------------------------------------------------------------------------------------------------
26
Nombre del archivo: 04. Forumularios digitalizados grupo 4.xlsx
Nombre de la hoja: 24
Atractor con problema: Otro Compras Servicios
Errores: Se han ingresado caracteres

Tramo: TRAMO 1
Tramo: TRAMO 1
Zona: 4
Grupo: 4
------------------------------------------------------------------------------------------------------------
27
Nombre del archivo: 04. Forumularios digitalizados grupo 4.xlsx
Nombre de la hoja: 24
Atractor con problema: Otro deporte
Errores: Se han ingresado caracteres

Tramo: TRAMO 1
Tramo: TRAMO 1
Zona: 4
Grupo: 4
------------------------------------------------------------------------------------------------------------
28
Nombre del archivo: 04. Forumularios digitalizados grupo 4.xlsx
Nombre de la hoja: 25
Atractor con problema: Otro Compras Servicios
Errores: Se han ingresado caracteres

Tramo: TRAMO 1
Tramo: TRAMO 1
Zona: 4
Grupo: 4
------------------------------------------------------------------------------------------------------------
29
Nombre del archivo: 04. Forumularios digitalizados grupo 4.xlsx
Nombre de la hoja: 26
Atractor con problema: Otro Compras Servicios
Errores: Se han ingresado caracteres

Tramo: TRAMO 1
Tramo: TRAMO 1
Zona: 4
Grupo: 4
------------------------------------------------------------------------------------------------------------
30
Nombre del archivo: 04. Forumularios digitalizados grupo 4.xlsx
Nombre de la hoja: 27
Atractor con problema: Otro Compras Servicios
Errores: Se han ingresado caracteres

Tramo: TRAMO 1
Tramo: TRAMO 1
Zona: 4
Grupo: 4
------------------------------------------------------------------------------------------------------------
31
Nombre del archivo: 04. Forumularios digitalizados grupo 4.xlsx
Nombre de la hoja: 28
Atractor con problema: Otro Compras Servicios
Errores: Se han ingresado caracteres

Tramo: TRAMO 1
Tramo: TRAMO 1
Zona: 4
Grupo: 4
------------------------------------------------------------------------------------------------------------
32
Nombre del archivo: 04. Forumularios digitalizados grupo 4.xlsx
Nombre de la hoja: 29
Atractor con problema: Otro Compras Servicios
Errores: Se han ingresado caracteres

Tramo: TRAMO 1
Tramo: TRAMO 1
Zona: 4
Grupo: 4
------------------------------------------------------------------------------------------------------------
33
Nombre del archivo: 04. Forumularios digitalizados grupo 4.xlsx
Nombre de la hoja: 31
Atractor con problema: Megaparque
Errores: Hay datos de numero de atractores, jornada o dias pero los datos del tamanio estan vacios
Hay datos de numero de atractores, tamanio o dias pero los datos de la jornada estan vacios
Hay datos de numero de atractores, tamanio o jornada pero los datos de los dias estan vacios

Tramo: TRAMO 1
Tramo: TRAMO 1
Zona: 4
Grupo: 4
------------------------------------------------------------------------------------------------------------
34
Nombre del archivo: 04. Forumularios digitalizados grupo 4.xlsx
Nombre de la hoja: 31
Atractor con problema: Otro Compras Servicios
Errores: Se han ingresado caracteres

Tramo: TRAMO 1
Tramo: TRAMO 1
Zona: 4
Grupo: 4
------------------------------------------------------------------------------------------------------------
35
Nombre del archivo: 04. Forumularios digitalizados grupo 4.xlsx
Nombre de la hoja: 31
Atractor con problema: Cancha independiente (Sintética Voley)
Errores: Hay datos de numero de atractores, tamanio o dias pero los datos de la jornada estan vacios
Hay datos de numero de atractores, tamanio o jornada pero los datos de los dias estan vacios

Tramo: TRAMO 1
Tramo: TRAMO 1
Zona: 4
Grupo: 4
------------------------------------------------------------------------------------------------------------
36
Nombre del archivo: 04. Forumularios digitalizados grupo 4.xlsx
Nombre de la hoja: 32
Atractor con problema: Otro Compras Servicios
Errores: Se han ingresado caracteres

Tramo: TRAMO 1
Tramo: TRAMO 1
Zona: 4
Grupo: 4
------------------------------------------------------------------------------------------------------------
37
Nombre del archivo: 04. Forumularios digitalizados grupo 4.xlsx
Nombre de la hoja: 33
Atractor con problema: Otro Compras Servicios
Errores: Se han ingresado caracteres

Tramo: TRAMO 1
Tramo: TRAMO 1
Zona: 4
Grupo: 4
------------------------------------------------------------------------------------------------------------
38
Nombre del archivo: 04. Forumularios digitalizados grupo 4.xlsx
Nombre de la hoja: 34
Atractor con problema: Otro Compras Servicios
Errores: Se han ingresado caracteres

Tramo: TRAMO 1
Tramo: TRAMO 1
Zona: 4
Grupo: 4
------------------------------------------------------------------------------------------------------------
39
Nombre del archivo: 04. Forumularios digitalizados grupo 4.xlsx
Nombre de la hoja: 36
Atractor con problema: Otro Compras Servicios
Errores: Se han ingresado caracteres

Tramo: TRAMO 1
Tramo: TRAMO 1
Zona: 4
Grupo: 4
------------------------------------------------------------------------------------------------------------
40
Nombre del archivo: 04. Forumularios digitalizados grupo 4.xlsx
Nombre de la hoja: 37
Atractor con problema: Otro Compras Servicios
Errores: Se han ingresado caracteres

Tramo: TRAMO 1
Tramo: TRAMO 1
Zona: 4
Grupo: 4
------------------------------------------------------------------------------------------------------------
41
Nombre del archivo: 04. Forumularios digitalizados grupo 4.xlsx
Nombre de la hoja: 39
Atractor con problema: Otro Compras Servicios
Errores: Se han ingresado caracteres

Tramo: TRAMO 1
Tramo: TRAMO 1
Zona: 4
Grupo: 4
------------------------------------------------------------------------------------------------------------
42
Nombre del archivo: 04. Forumularios digitalizados grupo 4.xlsx
Nombre de la hoja: 40
Atractor con problema: Otro Compras Servicios
Errores: Se han ingresado caracteres

Tramo: TRAMO 1
Tramo: TRAMO 1
Zona: 4
Grupo: 4
------------------------------------------------------------------------------------------------------------
43
Nombre del archivo: 04. Forumularios digitalizados grupo 4.xlsx
Nombre de la hoja: 42
Atractor con problema: Otro Compras Servicios
Errores: Se han ingresado caracteres

Tramo: TRAMO 1
Tramo: TRAMO 1
Zona: 4
Grupo: 4
------------------------------------------------------------------------------------------------------------
44
Nombre del archivo: 04. Forumularios digitalizados grupo 4.xlsx
Nombre de la hoja: 43
Atractor con problema: Guardería/Cuidado infantil
Errores: Hay datos de numero de atractores, jornada o dias pero los datos del tamanio estan vacios
Hay datos de numero de atractores, tamanio o dias pero los datos de la jornada estan vacios

Tramo: TRAMO 1
Tramo: TRAMO 1
Zona: nan
Grupo: nan
------------------------------------------------------------------------------------------------------------
45
Nombre del archivo: 04. Forumularios digitalizados grupo 4.xlsx
Nombre de la hoja: 43
Atractor con problema: Academia
Errores: Hay datos de numero de atractores, tamanio o jornada pero los datos de los dias estan vacios

Tramo: TRAMO 1
Tramo: TRAMO 1
Zona: nan
Grupo: nan
------------------------------------------------------------------------------------------------------------
46
Nombre del archivo: 04. Forumularios digitalizados grupo 4.xlsx
Nombre de la hoja: 44
Atractor con problema: Tienda/Minimarket
Errores: Hay datos de numero de atractores, tamanio o jornada pero los datos de los dias estan vacios

Tramo: TRAMO 1
Tramo: TRAMO 1
Zona: 4
Grupo: 4
------------------------------------------------------------------------------------------------------------
47
Nombre del archivo: 04. Forumularios digitalizados grupo 4.xlsx
Nombre de la hoja: 44
Atractor con problema: Papelería
Errores: Hay datos de numero de atractores, jornada o dias pero los datos del tamanio estan vacios
Hay datos de numero de atractores, tamanio o dias pero los datos de la jornada estan vacios

Tramo: TRAMO 1
Tramo: TRAMO 1
Zona: 4
Grupo: 4
------------------------------------------------------------------------------------------------------------
48
Nombre del archivo: 04. Forumularios digitalizados grupo 4.xlsx
Nombre de la hoja: 44
Atractor con problema: Cancha independiente (Sintética Voley)
Errores: Hay datos de numero de atractores, jornada o dias pero los datos del tamanio estan vacios

Tramo: TRAMO 1
Tramo: TRAMO 1
Zona: 4
Grupo: 4
------------------------------------------------------------------------------------------------------------
49
Nombre del archivo: 04. Forumularios digitalizados grupo 4.xlsx
Nombre de la hoja: 45
Atractor con problema: Otro Compras Servicios
Errores: Hay datos de numero de atractores, tamanio o dias pero los datos de la jornada estan vacios

Tramo: TRAMO 1
Tramo: TRAMO 1
Zona: 4
Grupo: 4
------------------------------------------------------------------------------------------------------------
50
Nombre del archivo: 04. Forumularios digitalizados grupo 4.xlsx
Nombre de la hoja: 49
Atractor con problema: Otro Compras Servicios
Errores: La suma de los datos de la jornada es menor al numero de atractores

Tramo: TRAMO 1
Tramo: TRAMO 1
Zona: 4
Grupo: 4
------------------------------------------------------------------------------------------------------------
51
Nombre del archivo: 04. Forumularios digitalizados grupo 4.xlsx
Nombre de la hoja: 51
Atractor con problema: Heladería/Cafetería
Errores: Hay datos de numero de atractores, jornada o dias pero los datos del tamanio estan vacios
Hay datos de numero de atractores, tamanio o dias pero los datos de la jornada estan vacios

Tramo: TRAMO 1
Tramo: TRAMO 1
Zona: 4
Grupo: 4
------------------------------------------------------------------------------------------------------------
52
Nombre del archivo: 04. Forumularios digitalizados grupo 4.xlsx
Nombre de la hoja: 51
Atractor con problema: Parque
Errores: Hay datos de numero de atractores, tamanio o jornada pero los datos de los dias estan vacios

Tramo: TRAMO 1
Tramo: TRAMO 1
Zona: 4
Grupo: 4
------------------------------------------------------------------------------------------------------------
53
Nombre del archivo: 04. Forumularios digitalizados grupo 4.xlsx
Nombre de la hoja: 61
Atractor con problema: Tienda/Minimarket
Errores: Hay datos de numero de atractores, tamanio o jornada pero los datos de los dias estan vacios

Tramo: TRAMO 1
Tramo: TRAMO 1
Zona: 4
Grupo: 4
------------------------------------------------------------------------------------------------------------
54
Nombre del archivo: 04. Forumularios digitalizados grupo 4.xlsx
Nombre de la hoja: 61
Atractor con problema: Papelería
Errores: Hay datos de numero de atractores, jornada o dias pero los datos del tamanio estan vacios
Hay datos de numero de atractores, tamanio o dias pero los datos de la jornada estan vacios

Tramo: TRAMO 1
Tramo: TRAMO 1
Zona: 4
Grupo: 4
------------------------------------------------------------------------------------------------------------
55
Nombre del archivo: 04. Forumularios digitalizados grupo 4.xlsx
Nombre de la hoja: 61
Atractor con problema: Farmacia
Errores: Hay datos de numero de atractores, jornada o dias pero los datos del tamanio estan vacios

Tramo: TRAMO 1
Tramo: TRAMO 1
Zona: 4
Grupo: 4
------------------------------------------------------------------------------------------------------------
