1
Nombre del archivo: G05 - San Sebastian.xlsx
Nombre de la hoja: Hoja1
------------------------------------------------------------------------------------------------------------
2
Nombre del archivo: G05 - San Sebastian.xlsx
Nombre de la hoja: Hoja2
------------------------------------------------------------------------------------------------------------
3
Nombre del archivo: G05 - San Sebastian.xlsx
Nombre de la hoja: Hoja3
------------------------------------------------------------------------------------------------------------
4
Nombre del archivo: G05 - San Sebastian.xlsx
Nombre de la hoja: Hoja4
------------------------------------------------------------------------------------------------------------
5
Nombre del archivo: G05 - San Sebastian.xlsx
Nombre de la hoja: Hoja5
------------------------------------------------------------------------------------------------------------
6
Nombre del archivo: G05 - San Sebastian.xlsx
Nombre de la hoja: Hoja6
------------------------------------------------------------------------------------------------------------
7
Nombre del archivo: G05 - San Sebastian.xlsx
Nombre de la hoja: Hoja7
------------------------------------------------------------------------------------------------------------
8
Nombre del archivo: G05 - San Sebastian.xlsx
Nombre de la hoja: Hoja8
------------------------------------------------------------------------------------------------------------
9
Nombre del archivo: G05 - San Sebastian.xlsx
Nombre de la hoja: Hoja9
------------------------------------------------------------------------------------------------------------
10
Nombre del archivo: G05 - San Sebastian.xlsx
Nombre de la hoja: Hoja10
------------------------------------------------------------------------------------------------------------
11
Nombre del archivo: G05 - San Sebastian.xlsx
Nombre de la hoja: Hoja11
------------------------------------------------------------------------------------------------------------
12
Nombre del archivo: G05 - San Sebastian.xlsx
Nombre de la hoja: Hoja12
------------------------------------------------------------------------------------------------------------
13
Nombre del archivo: G05 - San Sebastian.xlsx
Nombre de la hoja: Hoja13
------------------------------------------------------------------------------------------------------------
14
Nombre del archivo: G05 - San Sebastian.xlsx
Nombre de la hoja: Hoja14
------------------------------------------------------------------------------------------------------------
15
Nombre del archivo: G05 - San Sebastian.xlsx
Nombre de la hoja: Hoja15
------------------------------------------------------------------------------------------------------------
16
Nombre del archivo: G05 - San Sebastian.xlsx
Nombre de la hoja: Hoja16
------------------------------------------------------------------------------------------------------------
17
Nombre del archivo: G05 - San Sebastian.xlsx
Nombre de la hoja: Hoja17
------------------------------------------------------------------------------------------------------------
18
Nombre del archivo: G05 - San Sebastian.xlsx
Nombre de la hoja: Hoja18
------------------------------------------------------------------------------------------------------------
19
Nombre del archivo: G05 - San Sebastian.xlsx
Nombre de la hoja: Hoja19
------------------------------------------------------------------------------------------------------------
20
Nombre del archivo: G05 - San Sebastian.xlsx
Nombre de la hoja: Hoja20
------------------------------------------------------------------------------------------------------------
21
Nombre del archivo: G05 - San Sebastian.xlsx
Nombre de la hoja: Hoja21
------------------------------------------------------------------------------------------------------------
22
Nombre del archivo: G05 - San Sebastian.xlsx
Nombre de la hoja: Hoja22
------------------------------------------------------------------------------------------------------------
23
Nombre del archivo: G05 - San Sebastian.xlsx
Nombre de la hoja: Hoja23
------------------------------------------------------------------------------------------------------------
24
Nombre del archivo: G05 - San Sebastian.xlsx
Nombre de la hoja: Hoja24
------------------------------------------------------------------------------------------------------------
25
Nombre del archivo: G05 - San Sebastian.xlsx
Nombre de la hoja: Hoja25
------------------------------------------------------------------------------------------------------------
26
Nombre del archivo: G05 - San Sebastian.xlsx
Nombre de la hoja: Hoja26
------------------------------------------------------------------------------------------------------------
27
Nombre del archivo: G05 - San Sebastian.xlsx
Nombre de la hoja: Hoja27
------------------------------------------------------------------------------------------------------------
28
Nombre del archivo: G05 - San Sebastian.xlsx
Nombre de la hoja: Hoja28
------------------------------------------------------------------------------------------------------------
29
Nombre del archivo: G05 - San Sebastian.xlsx
Nombre de la hoja: Hoja29
------------------------------------------------------------------------------------------------------------
30
Nombre del archivo: G05 - San Sebastian.xlsx
Nombre de la hoja: Hoja30
------------------------------------------------------------------------------------------------------------
31
Nombre del archivo: G05 - San Sebastian.xlsx
Nombre de la hoja: Hoja31
------------------------------------------------------------------------------------------------------------
32
Nombre del archivo: G05 - San Sebastian.xlsx
Nombre de la hoja: Hoja32
------------------------------------------------------------------------------------------------------------
33
Nombre del archivo: G05 - San Sebastian.xlsx
Nombre de la hoja: Hoja33
------------------------------------------------------------------------------------------------------------
34
Nombre del archivo: G05 - San Sebastian.xlsx
Nombre de la hoja: Hoja34
------------------------------------------------------------------------------------------------------------
35
Nombre del archivo: G05 - San Sebastian.xlsx
Nombre de la hoja: Hoja35
------------------------------------------------------------------------------------------------------------
36
Nombre del archivo: G05 - San Sebastian.xlsx
Nombre de la hoja: Hoja36
------------------------------------------------------------------------------------------------------------
37
Nombre del archivo: G05_Formularios Digitales - Zona 5 - San Sebastian.xlsx
Nombre de la hoja: Hoja1
------------------------------------------------------------------------------------------------------------
38
Nombre del archivo: G05_Formularios Digitales - Zona 5 - San Sebastian.xlsx
Nombre de la hoja: Hoja2
------------------------------------------------------------------------------------------------------------
39
Nombre del archivo: G05_Formularios Digitales - Zona 5 - San Sebastian.xlsx
Nombre de la hoja: Hoja3
------------------------------------------------------------------------------------------------------------
40
Nombre del archivo: G05_Formularios Digitales - Zona 5 - San Sebastian.xlsx
Nombre de la hoja: Hoja4
------------------------------------------------------------------------------------------------------------
41
Nombre del archivo: G05_Formularios Digitales - Zona 5 - San Sebastian.xlsx
Nombre de la hoja: Hoja5
------------------------------------------------------------------------------------------------------------
42
Nombre del archivo: G05_Formularios Digitales - Zona 5 - San Sebastian.xlsx
Nombre de la hoja: Hoja6
------------------------------------------------------------------------------------------------------------
43
Nombre del archivo: G05_Formularios Digitales - Zona 5 - San Sebastian.xlsx
Nombre de la hoja: Hoja7
------------------------------------------------------------------------------------------------------------
44
Nombre del archivo: G05_Formularios Digitales - Zona 5 - San Sebastian.xlsx
Nombre de la hoja: Hoja8
------------------------------------------------------------------------------------------------------------
45
Nombre del archivo: G05_Formularios Digitales - Zona 5 - San Sebastian.xlsx
Nombre de la hoja: Hoja9
------------------------------------------------------------------------------------------------------------
46
Nombre del archivo: G05_Formularios Digitales - Zona 5 - San Sebastian.xlsx
Nombre de la hoja: Hoja10
------------------------------------------------------------------------------------------------------------
47
Nombre del archivo: G05_Formularios Digitales - Zona 5 - San Sebastian.xlsx
Nombre de la hoja: Hoja11
------------------------------------------------------------------------------------------------------------
48
Nombre del archivo: G05_Formularios Digitales - Zona 5 - San Sebastian.xlsx
Nombre de la hoja: Hoja12
------------------------------------------------------------------------------------------------------------
49
Nombre del archivo: G05_Formularios Digitales - Zona 5 - San Sebastian.xlsx
Nombre de la hoja: Hoja13
------------------------------------------------------------------------------------------------------------
50
Nombre del archivo: G05_Formularios Digitales - Zona 5 - San Sebastian.xlsx
Nombre de la hoja: Hoja14
------------------------------------------------------------------------------------------------------------
51
Nombre del archivo: G05_Formularios Digitales - Zona 5 - San Sebastian.xlsx
Nombre de la hoja: Hoja15
------------------------------------------------------------------------------------------------------------
52
Nombre del archivo: G05_Formularios Digitales - Zona 5 - San Sebastian.xlsx
Nombre de la hoja: Hoja16
------------------------------------------------------------------------------------------------------------
53
Nombre del archivo: G05_Formularios Digitales - Zona 5 - San Sebastian.xlsx
Nombre de la hoja: Hoja17
------------------------------------------------------------------------------------------------------------
54
Nombre del archivo: G05_Formularios Digitales - Zona 5 - San Sebastian.xlsx
Nombre de la hoja: Hoja18
------------------------------------------------------------------------------------------------------------
55
Nombre del archivo: G05_Formularios Digitales - Zona 5 - San Sebastian.xlsx
Nombre de la hoja: Hoja19
------------------------------------------------------------------------------------------------------------
56
Nombre del archivo: G05_Formularios Digitales - Zona 5 - San Sebastian.xlsx
Nombre de la hoja: Hoja20
------------------------------------------------------------------------------------------------------------
57
Nombre del archivo: G05_Formularios Digitales - Zona 5 - San Sebastian.xlsx
Nombre de la hoja: Hoja21
------------------------------------------------------------------------------------------------------------
58
Nombre del archivo: G05_Formularios Digitales - Zona 5 - San Sebastian.xlsx
Nombre de la hoja: Hoja22
------------------------------------------------------------------------------------------------------------
59
Nombre del archivo: G05_Formularios Digitales - Zona 5 - San Sebastian.xlsx
Nombre de la hoja: Hoja23
------------------------------------------------------------------------------------------------------------
60
Nombre del archivo: G05_Formularios Digitales - Zona 5 - San Sebastian.xlsx
Nombre de la hoja: Hoja24
------------------------------------------------------------------------------------------------------------
61
Nombre del archivo: G05_Formularios Digitales - Zona 5 - San Sebastian.xlsx
Nombre de la hoja: Hoja25
------------------------------------------------------------------------------------------------------------
62
Nombre del archivo: G05_Formularios Digitales - Zona 5 - San Sebastian.xlsx
Nombre de la hoja: Hoja26
------------------------------------------------------------------------------------------------------------
63
Nombre del archivo: G05_Formularios Digitales - Zona 5 - San Sebastian.xlsx
Nombre de la hoja: Hoja27
------------------------------------------------------------------------------------------------------------
64
Nombre del archivo: G05_Formularios Digitales - Zona 5 - San Sebastian.xlsx
Nombre de la hoja: Hoja28
------------------------------------------------------------------------------------------------------------
65
Nombre del archivo: G05_Formularios Digitales - Zona 5 - San Sebastian.xlsx
Nombre de la hoja: Hoja29
------------------------------------------------------------------------------------------------------------
66
Nombre del archivo: G05_Formularios Digitales - Zona 5 - San Sebastian.xlsx
Nombre de la hoja: Hoja30
------------------------------------------------------------------------------------------------------------
67
Nombre del archivo: G05_Formularios Digitales - Zona 5 - San Sebastian.xlsx
Nombre de la hoja: Hoja31
------------------------------------------------------------------------------------------------------------
68
Nombre del archivo: G05_Formularios Digitales - Zona 5 - San Sebastian.xlsx
Nombre de la hoja: Hoja32
------------------------------------------------------------------------------------------------------------
69
Nombre del archivo: G05_Formularios Digitales - Zona 5 - San Sebastian.xlsx
Nombre de la hoja: Hoja33
------------------------------------------------------------------------------------------------------------
70
Nombre del archivo: G05_Formularios Digitales - Zona 5 - San Sebastian.xlsx
Nombre de la hoja: Hoja34
------------------------------------------------------------------------------------------------------------
71
Nombre del archivo: G05_Formularios Digitales - Zona 5 - San Sebastian.xlsx
Nombre de la hoja: Hoja35
------------------------------------------------------------------------------------------------------------
72
Nombre del archivo: G05_Formularios Digitales - Zona 5 - San Sebastian.xlsx
Nombre de la hoja: Hoja36
------------------------------------------------------------------------------------------------------------
73
Nombre del archivo: G12_Vinculación-FÁTIMA.xlsx
Nombre de la hoja: Formulario 08
------------------------------------------------------------------------------------------------------------
74
Nombre del archivo: G12_Vinculación-FÁTIMA.xlsx
Nombre de la hoja: Formulario 09
------------------------------------------------------------------------------------------------------------
75
Nombre del archivo: G12_Vinculación-FÁTIMA.xlsx
Nombre de la hoja: Formulario 10
------------------------------------------------------------------------------------------------------------
76
Nombre del archivo: G12_Vinculación-FÁTIMA.xlsx
Nombre de la hoja: Formulario 11
------------------------------------------------------------------------------------------------------------
77
Nombre del archivo: G12_Vinculación-FÁTIMA.xlsx
Nombre de la hoja: Formulario 12
------------------------------------------------------------------------------------------------------------
78
Nombre del archivo: G12_Vinculación-FÁTIMA.xlsx
Nombre de la hoja: Formulario 13
------------------------------------------------------------------------------------------------------------
79
Nombre del archivo: G12_Vinculación-FÁTIMA.xlsx
Nombre de la hoja: Formulario 14
------------------------------------------------------------------------------------------------------------
80
Nombre del archivo: G12_Vinculación-FÁTIMA.xlsx
Nombre de la hoja: Formulario 15
------------------------------------------------------------------------------------------------------------
81
Nombre del archivo: G12_Vinculación-FÁTIMA.xlsx
Nombre de la hoja: Formulario 16
------------------------------------------------------------------------------------------------------------
82
Nombre del archivo: G12_Vinculación-FÁTIMA.xlsx
Nombre de la hoja: Formulario 17
------------------------------------------------------------------------------------------------------------
83
Nombre del archivo: G12_Vinculación-FÁTIMA.xlsx
Nombre de la hoja: Formulario 18
------------------------------------------------------------------------------------------------------------
84
Nombre del archivo: G12_Vinculación-FÁTIMA.xlsx
Nombre de la hoja: Formulario 19
------------------------------------------------------------------------------------------------------------
85
Nombre del archivo: G12_Vinculación-FÁTIMA.xlsx
Nombre de la hoja: Formulario 20
------------------------------------------------------------------------------------------------------------
86
Nombre del archivo: G12_Vinculación-FÁTIMA.xlsx
Nombre de la hoja: Formulario 21
------------------------------------------------------------------------------------------------------------
87
Nombre del archivo: G12_Vinculación-FÁTIMA.xlsx
Nombre de la hoja: Formulario 22
------------------------------------------------------------------------------------------------------------
88
Nombre del archivo: G12_Vinculación-FÁTIMA.xlsx
Nombre de la hoja: Formulario 23
------------------------------------------------------------------------------------------------------------
89
Nombre del archivo: G12_Vinculación-FÁTIMA.xlsx
Nombre de la hoja: Formulario 24
------------------------------------------------------------------------------------------------------------
90
Nombre del archivo: G12_Vinculación-FÁTIMA.xlsx
Nombre de la hoja: Formulario 25
------------------------------------------------------------------------------------------------------------
91
Nombre del archivo: G12_Vinculación-FÁTIMA.xlsx
Nombre de la hoja: Formulario 26
------------------------------------------------------------------------------------------------------------
92
Nombre del archivo: G12_Vinculación-FÁTIMA.xlsx
Nombre de la hoja: Formulario 27
------------------------------------------------------------------------------------------------------------
93
Nombre del archivo: G12_Vinculación-FÁTIMA.xlsx
Nombre de la hoja: Formulario 28
------------------------------------------------------------------------------------------------------------
94
Nombre del archivo: G12_Vinculación-FÁTIMA.xlsx
Nombre de la hoja: Formulario 29
------------------------------------------------------------------------------------------------------------
95
Nombre del archivo: G12_Vinculación-FÁTIMA.xlsx
Nombre de la hoja: Formulario 30
------------------------------------------------------------------------------------------------------------
96
Nombre del archivo: G12_Vinculación-FÁTIMA.xlsx
Nombre de la hoja: Formulario 31
------------------------------------------------------------------------------------------------------------
97
Nombre del archivo: G12_Vinculación-FÁTIMA.xlsx
Nombre de la hoja: Formulario 32
------------------------------------------------------------------------------------------------------------
98
Nombre del archivo: G12_Vinculación-FÁTIMA.xlsx
Nombre de la hoja: Formulario 33
------------------------------------------------------------------------------------------------------------
99
Nombre del archivo: G12_Vinculación-FÁTIMA.xlsx
Nombre de la hoja: Formulario 34
------------------------------------------------------------------------------------------------------------
100
Nombre del archivo: G12_Vinculación-FÁTIMA.xlsx
Nombre de la hoja: Formulario 35
------------------------------------------------------------------------------------------------------------
101
Nombre del archivo: G12_Vinculación-FÁTIMA.xlsx
Nombre de la hoja: Formulario 36
------------------------------------------------------------------------------------------------------------
102
Nombre del archivo: G12_Vinculación-FÁTIMA.xlsx
Nombre de la hoja: Formulario 37
------------------------------------------------------------------------------------------------------------
103
Nombre del archivo: G12_Vinculación-FÁTIMA.xlsx
Nombre de la hoja: Formulario 38
------------------------------------------------------------------------------------------------------------
104
Nombre del archivo: G12_Vinculación-FÁTIMA.xlsx
Nombre de la hoja: Formulario 39
------------------------------------------------------------------------------------------------------------
105
Nombre del archivo: G12_Vinculación-FÁTIMA.xlsx
Nombre de la hoja: Formulario 40
------------------------------------------------------------------------------------------------------------
106
Nombre del archivo: G12_Vinculación-FÁTIMA.xlsx
Nombre de la hoja: Formulario 41
------------------------------------------------------------------------------------------------------------
107
Nombre del archivo: G12_Vinculación-FÁTIMA.xlsx
Nombre de la hoja: Formulario 42
------------------------------------------------------------------------------------------------------------
108
Nombre del archivo: G12_Vinculación-FÁTIMA.xlsx
Nombre de la hoja: Formulario 43
------------------------------------------------------------------------------------------------------------
109
Nombre del archivo: G12_Vinculación-FÁTIMA.xlsx
Nombre de la hoja: Formulario 44
------------------------------------------------------------------------------------------------------------
110
Nombre del archivo: G12_Vinculación-FÁTIMA.xlsx
Nombre de la hoja: Formulario 45
------------------------------------------------------------------------------------------------------------
111
Nombre del archivo: G12_Vinculación-FÁTIMA.xlsx
Nombre de la hoja: Formulario 46
------------------------------------------------------------------------------------------------------------
112
Nombre del archivo: G12_Vinculación-FÁTIMA.xlsx
Nombre de la hoja: Formulario 47
------------------------------------------------------------------------------------------------------------
113
Nombre del archivo: G12_Vinculación-FÁTIMA.xlsx
Nombre de la hoja: Formulario 48
------------------------------------------------------------------------------------------------------------
114
Nombre del archivo: G12_Vinculación-FÁTIMA.xlsx
Nombre de la hoja: Formulario 49
------------------------------------------------------------------------------------------------------------
115
Nombre del archivo: G12_Vinculación-FÁTIMA.xlsx
Nombre de la hoja: Formulario 50
------------------------------------------------------------------------------------------------------------
116
Nombre del archivo: G12_Vinculación-FÁTIMA.xlsx
Nombre de la hoja: Formulario 51
------------------------------------------------------------------------------------------------------------
117
Nombre del archivo: G12_Vinculación-FÁTIMA.xlsx
Nombre de la hoja: Formulario 52
------------------------------------------------------------------------------------------------------------
118
Nombre del archivo: G12_Vinculación-FÁTIMA.xlsx
Nombre de la hoja: Formulario 53
------------------------------------------------------------------------------------------------------------
119
Nombre del archivo: G12_Vinculación-FÁTIMA.xlsx
Nombre de la hoja: Formulario 54
------------------------------------------------------------------------------------------------------------
120
Nombre del archivo: G12_Vinculación-FÁTIMA.xlsx
Nombre de la hoja: Formulario 55
------------------------------------------------------------------------------------------------------------
121
Nombre del archivo: G12_Vinculación-FÁTIMA.xlsx
Nombre de la hoja: Formulario 56
------------------------------------------------------------------------------------------------------------
122
Nombre del archivo: G12_Vinculación-FÁTIMA.xlsx
Nombre de la hoja: Formulario 57
------------------------------------------------------------------------------------------------------------
123
Nombre del archivo: G12_Vinculación-FÁTIMA.xlsx
Nombre de la hoja: Formulario 58
------------------------------------------------------------------------------------------------------------
124
Nombre del archivo: G12_Vinculación-FÁTIMA.xlsx
Nombre de la hoja: Formulario 59
------------------------------------------------------------------------------------------------------------
125
Nombre del archivo: G12_Vinculación-FÁTIMA.xlsx
Nombre de la hoja: Formulario 60
------------------------------------------------------------------------------------------------------------
126
Nombre del archivo: G12_Vinculación-FÁTIMA.xlsx
Nombre de la hoja: Formulario 61
------------------------------------------------------------------------------------------------------------
127
Nombre del archivo: G12_Vinculación-FÁTIMA.xlsx
Nombre de la hoja: Formulario 62
------------------------------------------------------------------------------------------------------------
128
Nombre del archivo: G12_Vinculación-FÁTIMA.xlsx
Nombre de la hoja: Formulario 63
------------------------------------------------------------------------------------------------------------
129
Nombre del archivo: G12_Vinculación-FÁTIMA.xlsx
Nombre de la hoja: Formulario 64
------------------------------------------------------------------------------------------------------------
130
Nombre del archivo: G12_Vinculación-FÁTIMA.xlsx
Nombre de la hoja: Formulario 65
------------------------------------------------------------------------------------------------------------
131
Nombre del archivo: G12_Vinculación-FÁTIMA.xlsx
Nombre de la hoja: Formulario 66
------------------------------------------------------------------------------------------------------------
132
Nombre del archivo: G12_Vinculación-FÁTIMA.xlsx
Nombre de la hoja: Formulario 67
------------------------------------------------------------------------------------------------------------
133
Nombre del archivo: G12_Vinculación-FÁTIMA.xlsx
Nombre de la hoja: Formulario 68
------------------------------------------------------------------------------------------------------------
134
Nombre del archivo: G12_Vinculación-FÁTIMA.xlsx
Nombre de la hoja: Formulario 69
------------------------------------------------------------------------------------------------------------
135
Nombre del archivo: G12_Vinculación-FÁTIMA.xlsx
Nombre de la hoja: Formulario 70
------------------------------------------------------------------------------------------------------------
136
Nombre del archivo: G12_Vinculación-FÁTIMA.xlsx
Nombre de la hoja: Formulario 71
------------------------------------------------------------------------------------------------------------
137
Nombre del archivo: G12_Vinculación-FÁTIMA.xlsx
Nombre de la hoja: Formulario 72
------------------------------------------------------------------------------------------------------------
138
Nombre del archivo: G12_Vinculación-FÁTIMA.xlsx
Nombre de la hoja: Formulario 73
------------------------------------------------------------------------------------------------------------
139
Nombre del archivo: G12_Vinculación-FÁTIMA.xlsx
Nombre de la hoja: Formulario 74
------------------------------------------------------------------------------------------------------------
140
Nombre del archivo: G12_Vinculación-FÁTIMA.xlsx
Nombre de la hoja: Formulario 75
------------------------------------------------------------------------------------------------------------
141
Nombre del archivo: G12_Vinculación-FÁTIMA.xlsx
Nombre de la hoja: Formulario 76
------------------------------------------------------------------------------------------------------------
142
Nombre del archivo: G12_Vinculación-FÁTIMA.xlsx
Nombre de la hoja: Formulario 77
------------------------------------------------------------------------------------------------------------
143
Nombre del archivo: G12_Vinculación-FÁTIMA.xlsx
Nombre de la hoja: Formulario 78
------------------------------------------------------------------------------------------------------------
144
Nombre del archivo: G12_Vinculación-FÁTIMA.xlsx
Nombre de la hoja: Formulario 79
------------------------------------------------------------------------------------------------------------
145
Nombre del archivo: G12_Vinculación-FÁTIMA.xlsx
Nombre de la hoja: Formulario 80
------------------------------------------------------------------------------------------------------------
146
Nombre del archivo: G17. PARTE 2.xlsx
Nombre de la hoja: Formulario 1
------------------------------------------------------------------------------------------------------------
147
Nombre del archivo: G17. PARTE 2.xlsx
Nombre de la hoja: Hoja 58
------------------------------------------------------------------------------------------------------------
148
Nombre del archivo: G17. PARTE 2.xlsx
Nombre de la hoja: Hoja 59
------------------------------------------------------------------------------------------------------------
149
Nombre del archivo: G17. PARTE 2.xlsx
Nombre de la hoja: Hoja 60
------------------------------------------------------------------------------------------------------------
150
Nombre del archivo: G17. PARTE 2.xlsx
Nombre de la hoja: Hoja 61
------------------------------------------------------------------------------------------------------------
151
Nombre del archivo: G17. PARTE 2.xlsx
Nombre de la hoja: Hoja 62
------------------------------------------------------------------------------------------------------------
152
Nombre del archivo: G17. PARTE 2.xlsx
Nombre de la hoja: Hoja 63
------------------------------------------------------------------------------------------------------------
153
Nombre del archivo: G17. PARTE 2.xlsx
Nombre de la hoja: Hoja 64
------------------------------------------------------------------------------------------------------------
154
Nombre del archivo: G17. PARTE 2.xlsx
Nombre de la hoja: Hoja 65
------------------------------------------------------------------------------------------------------------
155
Nombre del archivo: G17. PARTE 2.xlsx
Nombre de la hoja: Hoja 66
------------------------------------------------------------------------------------------------------------
156
Nombre del archivo: G17. PARTE 2.xlsx
Nombre de la hoja: Hoja 67
------------------------------------------------------------------------------------------------------------
157
Nombre del archivo: G17. PARTE 2.xlsx
Nombre de la hoja: Hoja 68
------------------------------------------------------------------------------------------------------------
158
Nombre del archivo: G17. PARTE 2.xlsx
Nombre de la hoja: Hoja 69
------------------------------------------------------------------------------------------------------------
159
Nombre del archivo: G17_Cebollar.xlsx
Nombre de la hoja: Formulario 1 (2)
------------------------------------------------------------------------------------------------------------
160
Nombre del archivo: G17_Cebollar.xlsx
Nombre de la hoja: Hoja 58
------------------------------------------------------------------------------------------------------------
161
Nombre del archivo: G17_Cebollar.xlsx
Nombre de la hoja: Hoja 59
------------------------------------------------------------------------------------------------------------
162
Nombre del archivo: G17_Cebollar.xlsx
Nombre de la hoja: Hoja 60
------------------------------------------------------------------------------------------------------------
163
Nombre del archivo: G17_Cebollar.xlsx
Nombre de la hoja: Hoja 61
------------------------------------------------------------------------------------------------------------
164
Nombre del archivo: G17_Cebollar.xlsx
Nombre de la hoja: Hoja 62
------------------------------------------------------------------------------------------------------------
165
Nombre del archivo: G17_Cebollar.xlsx
Nombre de la hoja: Hoja 63
------------------------------------------------------------------------------------------------------------
166
Nombre del archivo: G17_Cebollar.xlsx
Nombre de la hoja: Hoja 64
------------------------------------------------------------------------------------------------------------
167
Nombre del archivo: G17_Cebollar.xlsx
Nombre de la hoja: Hoja 65
------------------------------------------------------------------------------------------------------------
168
Nombre del archivo: G17_Cebollar.xlsx
Nombre de la hoja: Hoja 66
------------------------------------------------------------------------------------------------------------
169
Nombre del archivo: G17_Cebollar.xlsx
Nombre de la hoja: Hoja 67
------------------------------------------------------------------------------------------------------------
170
Nombre del archivo: G17_Cebollar.xlsx
Nombre de la hoja: Hoja 68
------------------------------------------------------------------------------------------------------------
171
Nombre del archivo: G17_Cebollar.xlsx
Nombre de la hoja: Hoja 69
------------------------------------------------------------------------------------------------------------
172
Nombre del archivo: G31_Miraflores.xlsx
Nombre de la hoja: Formulario 3
------------------------------------------------------------------------------------------------------------
173
Nombre del archivo: G31_Miraflores.xlsx
Nombre de la hoja: Formulario 35 (2)
------------------------------------------------------------------------------------------------------------
174
Nombre del archivo: G31_Miraflores.xlsx
Nombre de la hoja: Formulario 36 (2)
------------------------------------------------------------------------------------------------------------
175
Nombre del archivo: G31_Miraflores.xlsx
Nombre de la hoja: Formulario 37 (2)
------------------------------------------------------------------------------------------------------------
176
Nombre del archivo: G31_Miraflores.xlsx
Nombre de la hoja: Formulario 38 (2)
------------------------------------------------------------------------------------------------------------
177
Nombre del archivo: G31_Miraflores.xlsx
Nombre de la hoja: Formulario 39 (2)
------------------------------------------------------------------------------------------------------------
178
Nombre del archivo: G31_Miraflores.xlsx
Nombre de la hoja: Formulario 40 (2)
------------------------------------------------------------------------------------------------------------
179
Nombre del archivo: G31_Miraflores.xlsx
Nombre de la hoja: Formulario 41 (2)
------------------------------------------------------------------------------------------------------------
180
Nombre del archivo: G31_Miraflores.xlsx
Nombre de la hoja: Formulario 42 (2)
------------------------------------------------------------------------------------------------------------
181
Nombre del archivo: G31_Miraflores.xlsx
Nombre de la hoja: Formulario 43 (2)
------------------------------------------------------------------------------------------------------------
182
Nombre del archivo: G31_Miraflores.xlsx
Nombre de la hoja: Formulario 44 (2)
------------------------------------------------------------------------------------------------------------
183
Nombre del archivo: G31_Miraflores.xlsx
Nombre de la hoja: Formulario 45 (2)
------------------------------------------------------------------------------------------------------------
184
Nombre del archivo: G31_Miraflores.xlsx
Nombre de la hoja: Formulario 46 (2)
------------------------------------------------------------------------------------------------------------
185
Nombre del archivo: G31_Miraflores.xlsx
Nombre de la hoja: Formulario 47 (2)
------------------------------------------------------------------------------------------------------------
186
Nombre del archivo: G31_Miraflores.xlsx
Nombre de la hoja: Formulario 48 (2)
------------------------------------------------------------------------------------------------------------
187
Nombre del archivo: G31_Miraflores.xlsx
Nombre de la hoja: Formulario 49 (2)
------------------------------------------------------------------------------------------------------------
188
Nombre del archivo: G31_Miraflores.xlsx
Nombre de la hoja: Formulario 50 (2)
------------------------------------------------------------------------------------------------------------
189
Nombre del archivo: G31_Miraflores.xlsx
Nombre de la hoja: Formulario 51 (2)
------------------------------------------------------------------------------------------------------------
190
Nombre del archivo: G31_Miraflores.xlsx
Nombre de la hoja: Formulario 52 (2)
------------------------------------------------------------------------------------------------------------
191
Nombre del archivo: G31_Miraflores.xlsx
Nombre de la hoja: Formulario 53 (2)
------------------------------------------------------------------------------------------------------------
192
Nombre del archivo: G31_Miraflores.xlsx
Nombre de la hoja: Formulario 54 (2)
------------------------------------------------------------------------------------------------------------
193
Nombre del archivo: G31_Miraflores.xlsx
Nombre de la hoja: Formulario 55 (2)
------------------------------------------------------------------------------------------------------------
194
Nombre del archivo: G31_Miraflores.xlsx
Nombre de la hoja: Formulario 56 (2)
------------------------------------------------------------------------------------------------------------
195
Nombre del archivo: G31_Miraflores.xlsx
Nombre de la hoja: Formulario 57 (2)
------------------------------------------------------------------------------------------------------------
196
Nombre del archivo: G31_Miraflores.xlsx
Nombre de la hoja: Formulario 58 (2)
------------------------------------------------------------------------------------------------------------
197
Nombre del archivo: G31_Miraflores.xlsx
Nombre de la hoja: Formulario 59 (2)
------------------------------------------------------------------------------------------------------------
198
Nombre del archivo: G31_Miraflores.xlsx
Nombre de la hoja: Formulario 60 (2)
------------------------------------------------------------------------------------------------------------
199
Nombre del archivo: G31_Miraflores.xlsx
Nombre de la hoja: Formulario 61 (2)
------------------------------------------------------------------------------------------------------------
200
Nombre del archivo: G31_Miraflores.xlsx
Nombre de la hoja: Formulario 62 (2)
------------------------------------------------------------------------------------------------------------
201
Nombre del archivo: G31_Miraflores.xlsx
Nombre de la hoja: Formulario 63 (2)
------------------------------------------------------------------------------------------------------------
202
Nombre del archivo: G31_Miraflores.xlsx
Nombre de la hoja: Formulario 35
------------------------------------------------------------------------------------------------------------
203
Nombre del archivo: G31_Miraflores.xlsx
Nombre de la hoja: Formulario 36
------------------------------------------------------------------------------------------------------------
204
Nombre del archivo: G31_Miraflores.xlsx
Nombre de la hoja: Formulario 37
------------------------------------------------------------------------------------------------------------
205
Nombre del archivo: G31_Miraflores.xlsx
Nombre de la hoja: Formulario 38
------------------------------------------------------------------------------------------------------------
206
Nombre del archivo: G31_Miraflores.xlsx
Nombre de la hoja: Formulario 39
------------------------------------------------------------------------------------------------------------
207
Nombre del archivo: G31_Miraflores.xlsx
Nombre de la hoja: Formulario 40
------------------------------------------------------------------------------------------------------------
208
Nombre del archivo: G31_Miraflores.xlsx
Nombre de la hoja: Formulario 41
------------------------------------------------------------------------------------------------------------
209
Nombre del archivo: G31_Miraflores.xlsx
Nombre de la hoja: Formulario 42
------------------------------------------------------------------------------------------------------------
210
Nombre del archivo: G31_Miraflores.xlsx
Nombre de la hoja: Formulario 43
------------------------------------------------------------------------------------------------------------
211
Nombre del archivo: G31_Miraflores.xlsx
Nombre de la hoja: Formulario 44
------------------------------------------------------------------------------------------------------------
212
Nombre del archivo: G31_Miraflores.xlsx
Nombre de la hoja: Formulario 45
------------------------------------------------------------------------------------------------------------
213
Nombre del archivo: G31_Miraflores.xlsx
Nombre de la hoja: Formulario 46
------------------------------------------------------------------------------------------------------------
214
Nombre del archivo: G31_Miraflores.xlsx
Nombre de la hoja: Formulario 47
------------------------------------------------------------------------------------------------------------
215
Nombre del archivo: G31_Miraflores.xlsx
Nombre de la hoja: Formulario 48
------------------------------------------------------------------------------------------------------------
216
Nombre del archivo: G31_Miraflores.xlsx
Nombre de la hoja: Formulario 49
------------------------------------------------------------------------------------------------------------
217
Nombre del archivo: G31_Miraflores.xlsx
Nombre de la hoja: Formulario 50
------------------------------------------------------------------------------------------------------------
218
Nombre del archivo: G31_Miraflores.xlsx
Nombre de la hoja: Formulario 51
------------------------------------------------------------------------------------------------------------
219
Nombre del archivo: G31_Miraflores.xlsx
Nombre de la hoja: Formulario 52
------------------------------------------------------------------------------------------------------------
220
Nombre del archivo: G31_Miraflores.xlsx
Nombre de la hoja: Formulario 53
------------------------------------------------------------------------------------------------------------
221
Nombre del archivo: G31_Miraflores.xlsx
Nombre de la hoja: Formulario 54
------------------------------------------------------------------------------------------------------------
222
Nombre del archivo: G31_Miraflores.xlsx
Nombre de la hoja: Formulario 55
------------------------------------------------------------------------------------------------------------
223
Nombre del archivo: G31_Miraflores.xlsx
Nombre de la hoja: Formulario 56
------------------------------------------------------------------------------------------------------------
224
Nombre del archivo: G31_Miraflores.xlsx
Nombre de la hoja: Formulario 57
------------------------------------------------------------------------------------------------------------
225
Nombre del archivo: G31_Miraflores.xlsx
Nombre de la hoja: Formulario 58
------------------------------------------------------------------------------------------------------------
226
Nombre del archivo: G31_Miraflores.xlsx
Nombre de la hoja: Formulario 59
------------------------------------------------------------------------------------------------------------
227
Nombre del archivo: G31_Miraflores.xlsx
Nombre de la hoja: Formulario 60
------------------------------------------------------------------------------------------------------------
228
Nombre del archivo: G31_Miraflores.xlsx
Nombre de la hoja: Formulario 61
------------------------------------------------------------------------------------------------------------
229
Nombre del archivo: G31_Miraflores.xlsx
Nombre de la hoja: Formulario 62
------------------------------------------------------------------------------------------------------------
230
Nombre del archivo: G31_Miraflores.xlsx
Nombre de la hoja: Formulario 63
------------------------------------------------------------------------------------------------------------
