1
Nombre del archivo: G29_Formulario_29_RAYOLOMA_FARFAN, GIÑIN.xlsx
Nombre de la hoja: Formulario 1Errores:El dato de la zona no contiene un numero sino un nombre.

Zona:Rayoloma
Grupo:29
------------------------------------------------------------------------------------------------------------
2
Nombre del archivo: G29_Formulario_29_RAYOLOMA_FARFAN, GIÑIN.xlsx
Nombre de la hoja: Formulario 2Errores:El dato de la zona no contiene un numero sino un nombre.

Zona:Rayoloma
Grupo:29
------------------------------------------------------------------------------------------------------------
3
Nombre del archivo: G29_Formulario_29_RAYOLOMA_FARFAN, GIÑIN.xlsx
Nombre de la hoja: Formulario 3Errores:El dato de la zona no contiene un numero sino un nombre.

Zona:Rayoloma
Grupo:29
------------------------------------------------------------------------------------------------------------
4
Nombre del archivo: G29_Formulario_29_RAYOLOMA_FARFAN, GIÑIN.xlsx
Nombre de la hoja: Formulario 4Errores:El dato de la zona no contiene un numero sino un nombre.

Zona:Rayoloma
Grupo:29
------------------------------------------------------------------------------------------------------------
5
Nombre del archivo: G29_Formulario_29_RAYOLOMA_FARFAN, GIÑIN.xlsx
Nombre de la hoja: Formulario 5Errores:El dato de la zona no contiene un numero sino un nombre.

Zona:Rayoloma
Grupo:29
------------------------------------------------------------------------------------------------------------
6
Nombre del archivo: G29_Formulario_29_RAYOLOMA_FARFAN, GIÑIN.xlsx
Nombre de la hoja: Formulario 6Errores:El dato de la zona no contiene un numero sino un nombre.

Zona:Rayoloma
Grupo:29
------------------------------------------------------------------------------------------------------------
7
Nombre del archivo: G29_Formulario_29_RAYOLOMA_FARFAN, GIÑIN.xlsx
Nombre de la hoja: Formulario 7Errores:El dato de la zona no contiene un numero sino un nombre.

Zona:Rayoloma
Grupo:29
------------------------------------------------------------------------------------------------------------
8
Nombre del archivo: G29_Formulario_29_RAYOLOMA_FARFAN, GIÑIN.xlsx
Nombre de la hoja: Formulario 8Errores:El dato de la zona no contiene un numero sino un nombre.

Zona:Rayoloma
Grupo:29
------------------------------------------------------------------------------------------------------------
9
Nombre del archivo: G29_Formulario_29_RAYOLOMA_FARFAN, GIÑIN.xlsx
Nombre de la hoja: Formulario 9Errores:El dato de la zona no contiene un numero sino un nombre.

Zona:Rayoloma
Grupo:29
------------------------------------------------------------------------------------------------------------
10
Nombre del archivo: G29_Formulario_29_RAYOLOMA_FARFAN, GIÑIN.xlsx
Nombre de la hoja: Formulario 10Errores:El dato de la zona no contiene un numero sino un nombre.

Zona:Rayoloma
Grupo:29
------------------------------------------------------------------------------------------------------------
11
Nombre del archivo: G29_Formulario_29_RAYOLOMA_FARFAN, GIÑIN.xlsx
Nombre de la hoja: Formulario 11Errores:El dato de la zona no contiene un numero sino un nombre.

Zona:Rayoloma
Grupo:29
------------------------------------------------------------------------------------------------------------
12
Nombre del archivo: G29_Formulario_29_RAYOLOMA_FARFAN, GIÑIN.xlsx
Nombre de la hoja: Formulario 12Errores:El dato de la zona no contiene un numero sino un nombre.

Zona:Rayoloma
Grupo:29
------------------------------------------------------------------------------------------------------------
13
Nombre del archivo: G29_Formulario_29_RAYOLOMA_FARFAN, GIÑIN.xlsx
Nombre de la hoja: Formulario 13Errores:El dato de la zona no contiene un numero sino un nombre.

Zona:Rayoloma
Grupo:29
------------------------------------------------------------------------------------------------------------
14
Nombre del archivo: G29_Formulario_29_RAYOLOMA_FARFAN, GIÑIN.xlsx
Nombre de la hoja: Formulario 14Errores:El dato de la zona no contiene un numero sino un nombre.

Zona:Rayoloma
Grupo:29
------------------------------------------------------------------------------------------------------------
15
Nombre del archivo: G29_Formulario_29_RAYOLOMA_FARFAN, GIÑIN.xlsx
Nombre de la hoja: Formulario 15Errores:El dato de la zona no contiene un numero sino un nombre.

Zona:Rayoloma
Grupo:29
------------------------------------------------------------------------------------------------------------
16
Nombre del archivo: G29_Formulario_29_RAYOLOMA_FARFAN, GIÑIN.xlsx
Nombre de la hoja: Formulario 16Errores:El dato de la zona no contiene un numero sino un nombre.

Zona:Rayoloma
Grupo:29
------------------------------------------------------------------------------------------------------------
17
Nombre del archivo: G29_Formulario_29_RAYOLOMA_FARFAN, GIÑIN.xlsx
Nombre de la hoja: Formulario 17Errores:El dato de la zona no contiene un numero sino un nombre.

Zona:Rayoloma
Grupo:29
------------------------------------------------------------------------------------------------------------
18
Nombre del archivo: G29_Formulario_29_RAYOLOMA_FARFAN, GIÑIN.xlsx
Nombre de la hoja: Formulario 18Errores:El dato de la zona no contiene un numero sino un nombre.

Zona:Rayoloma
Grupo:29
------------------------------------------------------------------------------------------------------------
19
Nombre del archivo: G29_Formulario_29_RAYOLOMA_FARFAN, GIÑIN.xlsx
Nombre de la hoja: Formulario 19Errores:El dato de la zona no contiene un numero sino un nombre.

Zona:Rayoloma
Grupo:29
------------------------------------------------------------------------------------------------------------
20
Nombre del archivo: G29_Formulario_29_RAYOLOMA_FARFAN, GIÑIN.xlsx
Nombre de la hoja: Formulario 20Errores:El dato de la zona no contiene un numero sino un nombre.

Zona:Rayoloma
Grupo:29
------------------------------------------------------------------------------------------------------------
21
Nombre del archivo: G29_Formulario_29_RAYOLOMA_FARFAN, GIÑIN.xlsx
Nombre de la hoja: Formulario 21Errores:El dato de la zona no contiene un numero sino un nombre.

Zona:Rayoloma
Grupo:29
------------------------------------------------------------------------------------------------------------
22
Nombre del archivo: G29_Formulario_29_RAYOLOMA_FARFAN, GIÑIN.xlsx
Nombre de la hoja: Formulario 22Errores:El dato de la zona no contiene un numero sino un nombre.

Zona:Rayoloma
Grupo:29
------------------------------------------------------------------------------------------------------------
23
Nombre del archivo: G29_Formulario_29_RAYOLOMA_FARFAN, GIÑIN.xlsx
Nombre de la hoja: Formulario 23Errores:El dato de la zona no contiene un numero sino un nombre.

Zona:Rayoloma
Grupo:29
------------------------------------------------------------------------------------------------------------
24
Nombre del archivo: G29_Formulario_29_RAYOLOMA_FARFAN, GIÑIN.xlsx
Nombre de la hoja: Formulario 24Errores:El dato de la zona no contiene un numero sino un nombre.

Zona:Rayoloma
Grupo:29
------------------------------------------------------------------------------------------------------------
25
Nombre del archivo: G29_Formulario_29_RAYOLOMA_FARFAN, GIÑIN.xlsx
Nombre de la hoja: Formulario 25Errores:El dato de la zona no contiene un numero sino un nombre.

Zona:Rayoloma
Grupo:29
------------------------------------------------------------------------------------------------------------
